{"/home/jdiaz/Documentos/workspace/egeo/projects/egeo/src/test.ts": {"path":"/home/jdiaz/Documentos/workspace/egeo/projects/egeo/src/test.ts","statementMap":{"0":{"start":{"line":20,"column":0},"end":{"line":23,"column":2}},"1":{"start":{"line":25,"column":16},"end":{"line":25,"column":58}},"2":{"start":{"line":27,"column":0},"end":{"line":27,"column":28}}},"fnMap":{},"branchMap":{},"s":{"0":1,"1":1,"2":1},"f":{},"b":{}}
,"/home/jdiaz/Documentos/workspace/egeo/projects/egeo/src/lib/decorators/require-decorators.ts": {"path":"/home/jdiaz/Documentos/workspace/egeo/projects/egeo/src/lib/decorators/require-decorators.ts","statementMap":{"0":{"start":{"line":15,"column":22},"end":{"line":15,"column":51}},"1":{"start":{"line":29,"column":3},"end":{"line":38,"column":5}},"2":{"start":{"line":30,"column":24},"end":{"line":30,"column":87}},"3":{"start":{"line":31,"column":6},"end":{"line":31,"column":95}},"4":{"start":{"line":32,"column":6},"end":{"line":32,"column":33}},"5":{"start":{"line":33,"column":6},"end":{"line":35,"column":null}},"6":{"start":{"line":34,"column":9},"end":{"line":34,"column":49}},"7":{"start":{"line":37,"column":6},"end":{"line":37,"column":70}},"8":{"start":{"line":42,"column":3},"end":{"line":51,"column":5}},"9":{"start":{"line":43,"column":24},"end":{"line":43,"column":87}},"10":{"start":{"line":44,"column":6},"end":{"line":44,"column":95}},"11":{"start":{"line":45,"column":6},"end":{"line":45,"column":35}},"12":{"start":{"line":46,"column":6},"end":{"line":48,"column":null}},"13":{"start":{"line":47,"column":9},"end":{"line":47,"column":48}},"14":{"start":{"line":50,"column":6},"end":{"line":50,"column":70}},"15":{"start":{"line":55,"column":3},"end":{"line":69,"column":5}},"16":{"start":{"line":56,"column":20},"end":{"line":56,"column":45}},"17":{"start":{"line":57,"column":6},"end":{"line":68,"column":null}},"18":{"start":{"line":58,"column":9},"end":{"line":62,"column":11}},"19":{"start":{"line":58,"column":47},"end":{"line":58,"column":61}},"20":{"start":{"line":59,"column":12},"end":{"line":59,"column":42}},"21":{"start":{"line":60,"column":12},"end":{"line":60,"column":40}},"22":{"start":{"line":61,"column":12},"end":{"line":61,"column":38}},"23":{"start":{"line":64,"column":9},"end":{"line":67,"column":11}},"24":{"start":{"line":65,"column":12},"end":{"line":65,"column":42}},"25":{"start":{"line":66,"column":12},"end":{"line":66,"column":40}},"26":{"start":{"line":73,"column":21},"end":{"line":73,"column":66}},"27":{"start":{"line":74,"column":3},"end":{"line":84,"column":null}},"28":{"start":{"line":75,"column":6},"end":{"line":83,"column":9}},"29":{"start":{"line":76,"column":9},"end":{"line":82,"column":null}},"30":{"start":{"line":77,"column":12},"end":{"line":81,"column":null}},"31":{"start":{"line":78,"column":15},"end":{"line":78,"column":100}},"32":{"start":{"line":79,"column":19},"end":{"line":81,"column":null}},"33":{"start":{"line":80,"column":15},"end":{"line":80,"column":51}},"34":{"start":{"line":88,"column":21},"end":{"line":88,"column":66}},"35":{"start":{"line":89,"column":3},"end":{"line":92,"column":null}},"36":{"start":{"line":90,"column":29},"end":{"line":90,"column":68}},"37":{"start":{"line":91,"column":6},"end":{"line":91,"column":59}},"38":{"start":{"line":96,"column":3},"end":{"line":105,"column":10}},"39":{"start":{"line":97,"column":6},"end":{"line":103,"column":null}},"40":{"start":{"line":98,"column":9},"end":{"line":100,"column":null}},"41":{"start":{"line":99,"column":12},"end":{"line":99,"column":28}},"42":{"start":{"line":101,"column":13},"end":{"line":103,"column":null}},"43":{"start":{"line":102,"column":9},"end":{"line":102,"column":25}},"44":{"start":{"line":104,"column":6},"end":{"line":104,"column":18}},"45":{"start":{"line":109,"column":3},"end":{"line":113,"column":null}},"46":{"start":{"line":110,"column":6},"end":{"line":110,"column":37}},"47":{"start":{"line":112,"column":6},"end":{"line":112,"column":24}}},"fnMap":{"0":{"name":"StRequired","decl":{"start":{"line":28,"column":16},"end":{"line":28,"column":26}},"loc":{"start":{"line":28,"column":45},"end":{"line":39,"column":1}}},"1":{"name":"(anonymous_1)","decl":{"start":{"line":29,"column":10},"end":{"line":29,"column":20}},"loc":{"start":{"line":29,"column":45},"end":{"line":38,"column":4}}},"2":{"name":"StDeprecated","decl":{"start":{"line":41,"column":16},"end":{"line":41,"column":28}},"loc":{"start":{"line":41,"column":47},"end":{"line":52,"column":1}}},"3":{"name":"(anonymous_3)","decl":{"start":{"line":42,"column":10},"end":{"line":42,"column":20}},"loc":{"start":{"line":42,"column":45},"end":{"line":51,"column":4}}},"4":{"name":"StEgeo","decl":{"start":{"line":54,"column":16},"end":{"line":54,"column":22}},"loc":{"start":{"line":54,"column":34},"end":{"line":70,"column":1}}},"5":{"name":"(anonymous_5)","decl":{"start":{"line":55,"column":10},"end":{"line":55,"column":20}},"loc":{"start":{"line":55,"column":31},"end":{"line":69,"column":4}}},"6":{"name":"(anonymous_6)","decl":{"start":{"line":58,"column":37},"end":{"line":58,"column":47}},"loc":{"start":{"line":58,"column":37},"end":{"line":62,"column":10}}},"7":{"name":"(anonymous_7)","decl":{"start":{"line":64,"column":37},"end":{"line":64,"column":null}},"loc":{"start":{"line":64,"column":37},"end":{"line":67,"column":10}}},"8":{"name":"checkDeprecated","decl":{"start":{"line":72,"column":9},"end":{"line":72,"column":24}},"loc":{"start":{"line":72,"column":48},"end":{"line":85,"column":1}}},"9":{"name":"(anonymous_9)","decl":{"start":{"line":75,"column":32},"end":{"line":75,"column":33}},"loc":{"start":{"line":75,"column":36},"end":{"line":83,"column":7}}},"10":{"name":"checkRequired","decl":{"start":{"line":87,"column":9},"end":{"line":87,"column":22}},"loc":{"start":{"line":87,"column":46},"end":{"line":93,"column":1}}},"11":{"name":"getKeys","decl":{"start":{"line":95,"column":9},"end":{"line":95,"column":16}},"loc":{"start":{"line":95,"column":88},"end":{"line":106,"column":1}}},"12":{"name":"(anonymous_12)","decl":{"start":{"line":96,"column":24},"end":{"line":96,"column":25}},"loc":{"start":{"line":96,"column":35},"end":{"line":105,"column":4}}},"13":{"name":"checkConditionMetadata","decl":{"start":{"line":108,"column":9},"end":{"line":108,"column":31}},"loc":{"start":{"line":108,"column":55},"end":{"line":114,"column":1}}}},"branchMap":{"0":{"loc":{"start":{"line":30,"column":24},"end":{"line":30,"column":81}},"type":"binary-expr","locations":[{"start":{"line":30,"column":24},"end":{"line":30,"column":81}},{"start":{"line":30,"column":85},"end":{"line":30,"column":87}}]},"1":{"loc":{"start":{"line":31,"column":19},"end":{"line":31,"column":44}},"type":"binary-expr","locations":[{"start":{"line":31,"column":19},"end":{"line":31,"column":44}},{"start":{"line":31,"column":48},"end":{"line":31,"column":58}},{"start":{"line":31,"column":62},"end":{"line":31,"column":94}}]},"2":{"loc":{"start":{"line":33,"column":6},"end":{"line":35,"column":null}},"type":"if","locations":[{"start":{"line":33,"column":6},"end":{"line":35,"column":null}},{"start":{"line":33,"column":6},"end":{"line":35,"column":null}}]},"3":{"loc":{"start":{"line":43,"column":24},"end":{"line":43,"column":81}},"type":"binary-expr","locations":[{"start":{"line":43,"column":24},"end":{"line":43,"column":81}},{"start":{"line":43,"column":85},"end":{"line":43,"column":87}}]},"4":{"loc":{"start":{"line":44,"column":19},"end":{"line":44,"column":44}},"type":"binary-expr","locations":[{"start":{"line":44,"column":19},"end":{"line":44,"column":44}},{"start":{"line":44,"column":48},"end":{"line":44,"column":58}},{"start":{"line":44,"column":62},"end":{"line":44,"column":94}}]},"5":{"loc":{"start":{"line":46,"column":6},"end":{"line":48,"column":null}},"type":"if","locations":[{"start":{"line":46,"column":6},"end":{"line":48,"column":null}},{"start":{"line":46,"column":6},"end":{"line":48,"column":null}}]},"6":{"loc":{"start":{"line":57,"column":6},"end":{"line":68,"column":null}},"type":"if","locations":[{"start":{"line":57,"column":6},"end":{"line":68,"column":null}},{"start":{"line":57,"column":6},"end":{"line":68,"column":null}}]},"7":{"loc":{"start":{"line":74,"column":3},"end":{"line":84,"column":null}},"type":"if","locations":[{"start":{"line":74,"column":3},"end":{"line":84,"column":null}},{"start":{"line":74,"column":3},"end":{"line":84,"column":null}}]},"8":{"loc":{"start":{"line":76,"column":9},"end":{"line":82,"column":null}},"type":"if","locations":[{"start":{"line":76,"column":9},"end":{"line":82,"column":null}},{"start":{"line":76,"column":9},"end":{"line":82,"column":null}}]},"9":{"loc":{"start":{"line":77,"column":12},"end":{"line":81,"column":null}},"type":"if","locations":[{"start":{"line":77,"column":12},"end":{"line":81,"column":null}},{"start":{"line":77,"column":12},"end":{"line":81,"column":null}}]},"10":{"loc":{"start":{"line":79,"column":19},"end":{"line":81,"column":null}},"type":"if","locations":[{"start":{"line":79,"column":19},"end":{"line":81,"column":null}},{"start":{"line":79,"column":19},"end":{"line":81,"column":null}}]},"11":{"loc":{"start":{"line":89,"column":3},"end":{"line":92,"column":null}},"type":"if","locations":[{"start":{"line":89,"column":3},"end":{"line":92,"column":null}},{"start":{"line":89,"column":3},"end":{"line":92,"column":null}}]},"12":{"loc":{"start":{"line":97,"column":6},"end":{"line":103,"column":null}},"type":"if","locations":[{"start":{"line":97,"column":6},"end":{"line":103,"column":null}},{"start":{"line":97,"column":6},"end":{"line":103,"column":null}}]},"13":{"loc":{"start":{"line":98,"column":9},"end":{"line":100,"column":null}},"type":"if","locations":[{"start":{"line":98,"column":9},"end":{"line":100,"column":null}},{"start":{"line":98,"column":9},"end":{"line":100,"column":null}}]},"14":{"loc":{"start":{"line":101,"column":13},"end":{"line":103,"column":null}},"type":"if","locations":[{"start":{"line":101,"column":13},"end":{"line":103,"column":null}},{"start":{"line":101,"column":13},"end":{"line":103,"column":null}}]},"15":{"loc":{"start":{"line":109,"column":3},"end":{"line":113,"column":null}},"type":"if","locations":[{"start":{"line":109,"column":3},"end":{"line":113,"column":null}},{"start":{"line":109,"column":3},"end":{"line":113,"column":null}}]}},"s":{"0":1,"1":19,"2":19,"3":19,"4":19,"5":19,"6":1,"7":19,"8":0,"9":0,"10":0,"11":0,"12":0,"13":0,"14":0,"15":9,"16":9,"17":9,"18":5,"19":0,"20":0,"21":0,"22":0,"23":4,"24":0,"25":0,"26":0,"27":0,"28":0,"29":0,"30":0,"31":0,"32":0,"33":0,"34":0,"35":0,"36":0,"37":0,"38":0,"39":0,"40":0,"41":0,"42":0,"43":0,"44":0,"45":0,"46":0,"47":0},"f":{"0":19,"1":19,"2":0,"3":0,"4":9,"5":9,"6":0,"7":0,"8":0,"9":0,"10":0,"11":0,"12":0,"13":0},"b":{"0":[19,11],"1":[19,0,19],"2":[1,18],"3":[0,0],"4":[0,0,0],"5":[0,0],"6":[5,4],"7":[0,0],"8":[0,0],"9":[0,0],"10":[0,0],"11":[0,0],"12":[0,0],"13":[0,0],"14":[0,0],"15":[0,0]}}
,"/home/jdiaz/Documentos/workspace/egeo/projects/egeo/src/lib/directives/form/form-directives.module.ts": {"path":"/home/jdiaz/Documentos/workspace/egeo/projects/egeo/src/lib/directives/form/form-directives.module.ts","statementMap":{"0":{"start":{"line":17,"column":51},"end":{"line":20,"column":2}},"1":{"start":{"line":28,"column":0},"end":{"line":28,"column":13}},"2":{"start":{"line":28,"column":13},"end":{"line":29,"column":null}},"3":{"start":{"line":29,"column":0},"end":{"line":29,"column":null}}},"fnMap":{"0":{"name":"(anonymous_1)","decl":{"start":{"line":28,"column":0},"end":{"line":28,"column":13}},"loc":{"start":{"line":28,"column":0},"end":{"line":28,"column":13}}}},"branchMap":{},"s":{"0":1,"1":1,"2":1,"3":1},"f":{"0":1},"b":{}}
,"/home/jdiaz/Documentos/workspace/egeo/projects/egeo/src/lib/directives/form/st-max-validator/st-max-validator.ts": {"path":"/home/jdiaz/Documentos/workspace/egeo/projects/egeo/src/lib/directives/form/st-max-validator/st-max-validator.ts","statementMap":{"0":{"start":{"line":21,"column":0},"end":{"line":21,"column":13}},"1":{"start":{"line":21,"column":13},"end":{"line":21,"column":null}},"2":{"start":{"line":27,"column":3},"end":{"line":32,"column":null}},"3":{"start":{"line":28,"column":6},"end":{"line":31,"column":null}},"4":{"start":{"line":29,"column":9},"end":{"line":29,"column":33}},"5":{"start":{"line":30,"column":9},"end":{"line":30,"column":46}},"6":{"start":{"line":30,"column":29},"end":{"line":30,"column":46}},"7":{"start":{"line":34,"column":3},"end":{"line":36,"column":null}},"8":{"start":{"line":35,"column":6},"end":{"line":35,"column":58}},"9":{"start":{"line":38,"column":3},"end":{"line":40,"column":null}},"10":{"start":{"line":39,"column":6},"end":{"line":39,"column":26}},"11":{"start":{"line":42,"column":11},"end":{"line":44,"column":null}},"12":{"start":{"line":43,"column":6},"end":{"line":43,"column":57}},"13":{"start":{"line":22,"column":12},"end":{"line":22,"column":null}},"14":{"start":{"line":21,"column":13},"end":{"line":45,"column":null}},"15":{"start":{"line":17,"column":62},"end":{"line":17,"column":77}},"16":{"start":{"line":45,"column":0},"end":{"line":45,"column":null}}},"fnMap":{"0":{"name":"(anonymous_2)","decl":{"start":{"line":21,"column":0},"end":{"line":21,"column":13}},"loc":{"start":{"line":21,"column":0},"end":{"line":21,"column":13}}},"1":{"name":"(anonymous_4)","decl":{"start":{"line":27,"column":3},"end":{"line":27,"column":14}},"loc":{"start":{"line":27,"column":37},"end":{"line":32,"column":4}}},"2":{"name":"(anonymous_5)","decl":{"start":{"line":34,"column":3},"end":{"line":34,"column":11}},"loc":{"start":{"line":34,"column":30},"end":{"line":36,"column":4}}},"3":{"name":"(anonymous_6)","decl":{"start":{"line":38,"column":3},"end":{"line":38,"column":28}},"loc":{"start":{"line":38,"column":43},"end":{"line":40,"column":4}}},"4":{"name":"(anonymous_7)","decl":{"start":{"line":42,"column":3},"end":{"line":42,"column":11}},"loc":{"start":{"line":42,"column":3},"end":{"line":44,"column":4}}},"5":{"name":"(anonymous_8)","decl":{"start":{"line":17,"column":56},"end":{"line":17,"column":62}},"loc":{"start":{"line":17,"column":56},"end":{"line":17,"column":76}}}},"branchMap":{"0":{"loc":{"start":{"line":28,"column":6},"end":{"line":31,"column":null}},"type":"if","locations":[{"start":{"line":28,"column":6},"end":{"line":31,"column":null}},{"start":{"line":28,"column":6},"end":{"line":31,"column":null}}]},"1":{"loc":{"start":{"line":30,"column":9},"end":{"line":30,"column":46}},"type":"if","locations":[{"start":{"line":30,"column":9},"end":{"line":30,"column":46}},{"start":{"line":30,"column":9},"end":{"line":30,"column":46}}]},"2":{"loc":{"start":{"line":35,"column":32},"end":{"line":35,"column":36}},"type":"cond-expr","locations":[{"start":{"line":35,"column":32},"end":{"line":35,"column":36}},{"start":{"line":35,"column":39},"end":{"line":35,"column":57}}]}},"s":{"0":1,"1":1,"2":1,"3":0,"4":0,"5":0,"6":0,"7":1,"8":0,"9":1,"10":0,"11":1,"12":0,"13":1,"14":1,"15":0,"16":1},"f":{"0":1,"1":0,"2":0,"3":0,"4":0,"5":0},"b":{"0":[0,0],"1":[0,0],"2":[0,0]}}
,"/home/jdiaz/Documentos/workspace/egeo/projects/egeo/src/lib/directives/form/st-min-validator/st-min-validator.ts": {"path":"/home/jdiaz/Documentos/workspace/egeo/projects/egeo/src/lib/directives/form/st-min-validator/st-min-validator.ts","statementMap":{"0":{"start":{"line":20,"column":0},"end":{"line":20,"column":13}},"1":{"start":{"line":20,"column":13},"end":{"line":20,"column":null}},"2":{"start":{"line":27,"column":3},"end":{"line":32,"column":null}},"3":{"start":{"line":28,"column":6},"end":{"line":31,"column":null}},"4":{"start":{"line":29,"column":9},"end":{"line":29,"column":33}},"5":{"start":{"line":30,"column":9},"end":{"line":30,"column":46}},"6":{"start":{"line":30,"column":29},"end":{"line":30,"column":46}},"7":{"start":{"line":34,"column":3},"end":{"line":36,"column":null}},"8":{"start":{"line":35,"column":6},"end":{"line":35,"column":58}},"9":{"start":{"line":38,"column":3},"end":{"line":40,"column":null}},"10":{"start":{"line":39,"column":6},"end":{"line":39,"column":26}},"11":{"start":{"line":42,"column":11},"end":{"line":44,"column":null}},"12":{"start":{"line":43,"column":6},"end":{"line":43,"column":57}},"13":{"start":{"line":21,"column":12},"end":{"line":21,"column":null}},"14":{"start":{"line":20,"column":13},"end":{"line":45,"column":null}},"15":{"start":{"line":17,"column":62},"end":{"line":17,"column":77}},"16":{"start":{"line":45,"column":0},"end":{"line":45,"column":null}}},"fnMap":{"0":{"name":"(anonymous_2)","decl":{"start":{"line":20,"column":0},"end":{"line":20,"column":13}},"loc":{"start":{"line":20,"column":0},"end":{"line":20,"column":13}}},"1":{"name":"(anonymous_4)","decl":{"start":{"line":27,"column":3},"end":{"line":27,"column":14}},"loc":{"start":{"line":27,"column":37},"end":{"line":32,"column":4}}},"2":{"name":"(anonymous_5)","decl":{"start":{"line":34,"column":3},"end":{"line":34,"column":11}},"loc":{"start":{"line":34,"column":30},"end":{"line":36,"column":4}}},"3":{"name":"(anonymous_6)","decl":{"start":{"line":38,"column":3},"end":{"line":38,"column":28}},"loc":{"start":{"line":38,"column":43},"end":{"line":40,"column":4}}},"4":{"name":"(anonymous_7)","decl":{"start":{"line":42,"column":3},"end":{"line":42,"column":11}},"loc":{"start":{"line":42,"column":3},"end":{"line":44,"column":4}}},"5":{"name":"(anonymous_8)","decl":{"start":{"line":17,"column":56},"end":{"line":17,"column":62}},"loc":{"start":{"line":17,"column":56},"end":{"line":17,"column":76}}}},"branchMap":{"0":{"loc":{"start":{"line":28,"column":6},"end":{"line":31,"column":null}},"type":"if","locations":[{"start":{"line":28,"column":6},"end":{"line":31,"column":null}},{"start":{"line":28,"column":6},"end":{"line":31,"column":null}}]},"1":{"loc":{"start":{"line":30,"column":9},"end":{"line":30,"column":46}},"type":"if","locations":[{"start":{"line":30,"column":9},"end":{"line":30,"column":46}},{"start":{"line":30,"column":9},"end":{"line":30,"column":46}}]},"2":{"loc":{"start":{"line":35,"column":32},"end":{"line":35,"column":36}},"type":"cond-expr","locations":[{"start":{"line":35,"column":32},"end":{"line":35,"column":36}},{"start":{"line":35,"column":39},"end":{"line":35,"column":57}}]}},"s":{"0":1,"1":1,"2":1,"3":0,"4":0,"5":0,"6":0,"7":1,"8":0,"9":1,"10":0,"11":1,"12":0,"13":1,"14":1,"15":0,"16":1},"f":{"0":1,"1":0,"2":0,"3":0,"4":0,"5":0},"b":{"0":[0,0],"1":[0,0],"2":[0,0]}}
,"/home/jdiaz/Documentos/workspace/egeo/projects/egeo/src/lib/directives/st-click-outside/st-click-outside.directive.ts": {"path":"/home/jdiaz/Documentos/workspace/egeo/projects/egeo/src/lib/directives/st-click-outside/st-click-outside.directive.ts","statementMap":{"0":{"start":{"line":14,"column":0},"end":{"line":14,"column":13}},"1":{"start":{"line":17,"column":22},"end":{"line":17,"column":34}},"2":{"start":{"line":15,"column":12},"end":{"line":15,"column":84}},"3":{"start":{"line":20,"column":9},"end":{"line":25,"column":null}},"4":{"start":{"line":21,"column":26},"end":{"line":21,"column":53}},"5":{"start":{"line":22,"column":6},"end":{"line":24,"column":null}},"6":{"start":{"line":23,"column":9},"end":{"line":23,"column":39}},"7":{"start":{"line":15,"column":12},"end":{"line":15,"column":null}},"8":{"start":{"line":20,"column":2},"end":{"line":25,"column":null}},"9":{"start":{"line":14,"column":13},"end":{"line":26,"column":null}},"10":{"start":{"line":26,"column":0},"end":{"line":26,"column":null}}},"fnMap":{"0":{"name":"(anonymous_2)","decl":{"start":{"line":14,"column":0},"end":{"line":14,"column":13}},"loc":{"start":{"line":14,"column":0},"end":{"line":14,"column":13}}},"1":{"name":"StClickOutside","decl":{"start":{"line":17,"column":2},"end":{"line":17,"column":22}},"loc":{"start":{"line":17,"column":44},"end":{"line":17,"column":48}}},"2":{"name":"(anonymous_4)","decl":{"start":{"line":20,"column":2},"end":{"line":20,"column":9}},"loc":{"start":{"line":20,"column":42},"end":{"line":25,"column":3}}}},"branchMap":{"0":{"loc":{"start":{"line":22,"column":6},"end":{"line":24,"column":null}},"type":"if","locations":[{"start":{"line":22,"column":6},"end":{"line":24,"column":null}},{"start":{"line":22,"column":6},"end":{"line":24,"column":null}}]},"1":{"loc":{"start":{"line":22,"column":10},"end":{"line":22,"column":23}},"type":"binary-expr","locations":[{"start":{"line":22,"column":10},"end":{"line":22,"column":23}},{"start":{"line":22,"column":27},"end":{"line":22,"column":81}}]}},"s":{"0":1,"1":10,"2":10,"3":1,"4":0,"5":0,"6":0,"7":1,"8":1,"9":1,"10":1},"f":{"0":1,"1":10,"2":0},"b":{"0":[0,0],"1":[0,0]}}
,"/home/jdiaz/Documentos/workspace/egeo/projects/egeo/src/lib/directives/st-click-outside/st-click-outside.module.ts": {"path":"/home/jdiaz/Documentos/workspace/egeo/projects/egeo/src/lib/directives/st-click-outside/st-click-outside.module.ts","statementMap":{"0":{"start":{"line":20,"column":0},"end":{"line":20,"column":13}},"1":{"start":{"line":20,"column":13},"end":{"line":20,"column":null}},"2":{"start":{"line":20,"column":36},"end":{"line":20,"column":null}}},"fnMap":{"0":{"name":"(anonymous_1)","decl":{"start":{"line":20,"column":0},"end":{"line":20,"column":13}},"loc":{"start":{"line":20,"column":0},"end":{"line":20,"column":13}}}},"branchMap":{},"s":{"0":1,"1":1,"2":1},"f":{"0":11},"b":{}}
,"/home/jdiaz/Documentos/workspace/egeo/projects/egeo/src/lib/directives/st-input-adjustable/st-input-adjustable.ts": {"path":"/home/jdiaz/Documentos/workspace/egeo/projects/egeo/src/lib/directives/st-input-adjustable/st-input-adjustable.ts","statementMap":{"0":{"start":{"line":22,"column":0},"end":{"line":22,"column":13}},"1":{"start":{"line":28,"column":23},"end":{"line":28,"column":27}},"2":{"start":{"line":29,"column":23},"end":{"line":29,"column":32}},"3":{"start":{"line":32,"column":3},"end":{"line":41,"column":null}},"4":{"start":{"line":32,"column":3},"end":{"line":32,"column":18}},"5":{"start":{"line":33,"column":6},"end":{"line":33,"column":31}},"6":{"start":{"line":34,"column":6},"end":{"line":40,"column":9}},"7":{"start":{"line":35,"column":9},"end":{"line":35,"column":47}},"8":{"start":{"line":36,"column":9},"end":{"line":36,"column":48}},"9":{"start":{"line":37,"column":9},"end":{"line":39,"column":12}},"10":{"start":{"line":38,"column":12},"end":{"line":38,"column":100}},"11":{"start":{"line":43,"column":11},"end":{"line":61,"column":null}},"12":{"start":{"line":44,"column":6},"end":{"line":47,"column":null}},"13":{"start":{"line":45,"column":9},"end":{"line":45,"column":44}},"14":{"start":{"line":46,"column":9},"end":{"line":46,"column":62}},"15":{"start":{"line":48,"column":6},"end":{"line":48,"column":88}},"16":{"start":{"line":49,"column":6},"end":{"line":52,"column":null}},"17":{"start":{"line":50,"column":9},"end":{"line":50,"column":59}},"18":{"start":{"line":51,"column":9},"end":{"line":51,"column":72}},"19":{"start":{"line":54,"column":6},"end":{"line":54,"column":49}},"20":{"start":{"line":55,"column":6},"end":{"line":55,"column":51}},"21":{"start":{"line":56,"column":6},"end":{"line":56,"column":51}},"22":{"start":{"line":57,"column":6},"end":{"line":57,"column":52}},"23":{"start":{"line":58,"column":6},"end":{"line":58,"column":51}},"24":{"start":{"line":59,"column":6},"end":{"line":59,"column":44}},"25":{"start":{"line":60,"column":6},"end":{"line":60,"column":45}},"26":{"start":{"line":23,"column":12},"end":{"line":23,"column":null}},"27":{"start":{"line":22,"column":13},"end":{"line":63,"column":null}},"28":{"start":{"line":63,"column":0},"end":{"line":63,"column":null}}},"fnMap":{"0":{"name":"(anonymous_2)","decl":{"start":{"line":22,"column":0},"end":{"line":22,"column":13}},"loc":{"start":{"line":22,"column":0},"end":{"line":22,"column":13}}},"1":{"name":"StInputAdjustable","decl":{"start":{"line":28,"column":3},"end":{"line":28,"column":23}},"loc":{"start":{"line":29,"column":39},"end":{"line":30,"column":4}}},"2":{"name":"(anonymous_4)","decl":{"start":{"line":32,"column":3},"end":{"line":32,"column":18}},"loc":{"start":{"line":32,"column":3},"end":{"line":41,"column":4}}},"3":{"name":"(anonymous_5)","decl":{"start":{"line":34,"column":42},"end":{"line":34,"column":47}},"loc":{"start":{"line":34,"column":47},"end":{"line":40,"column":7}}},"4":{"name":"(anonymous_6)","decl":{"start":{"line":37,"column":20},"end":{"line":37,"column":null}},"loc":{"start":{"line":37,"column":20},"end":{"line":39,"column":10}}},"5":{"name":"(anonymous_7)","decl":{"start":{"line":43,"column":3},"end":{"line":43,"column":11}},"loc":{"start":{"line":43,"column":3},"end":{"line":61,"column":4}}}},"branchMap":{"0":{"loc":{"start":{"line":35,"column":21},"end":{"line":35,"column":26}},"type":"binary-expr","locations":[{"start":{"line":35,"column":21},"end":{"line":35,"column":26}},{"start":{"line":35,"column":30},"end":{"line":35,"column":46}}]},"1":{"loc":{"start":{"line":44,"column":6},"end":{"line":47,"column":null}},"type":"if","locations":[{"start":{"line":44,"column":6},"end":{"line":47,"column":null}},{"start":{"line":44,"column":6},"end":{"line":47,"column":null}}]},"2":{"loc":{"start":{"line":49,"column":6},"end":{"line":52,"column":null}},"type":"if","locations":[{"start":{"line":49,"column":6},"end":{"line":52,"column":null}},{"start":{"line":49,"column":6},"end":{"line":52,"column":null}}]}},"s":{"0":1,"1":0,"2":0,"3":1,"4":0,"5":0,"6":0,"7":0,"8":0,"9":0,"10":0,"11":1,"12":0,"13":0,"14":0,"15":0,"16":0,"17":0,"18":0,"19":0,"20":0,"21":0,"22":0,"23":0,"24":0,"25":0,"26":1,"27":1,"28":1},"f":{"0":1,"1":0,"2":0,"3":0,"4":0,"5":0},"b":{"0":[0,0],"1":[0,0],"2":[0,0]}}
,"/home/jdiaz/Documentos/workspace/egeo/projects/egeo/src/lib/pipes/pipes.module.ts": {"path":"/home/jdiaz/Documentos/workspace/egeo/projects/egeo/src/lib/pipes/pipes.module.ts","statementMap":{"0":{"start":{"line":22,"column":0},"end":{"line":22,"column":13}},"1":{"start":{"line":22,"column":13},"end":{"line":22,"column":null}},"2":{"start":{"line":22,"column":27},"end":{"line":22,"column":null}}},"fnMap":{"0":{"name":"(anonymous_1)","decl":{"start":{"line":22,"column":0},"end":{"line":22,"column":13}},"loc":{"start":{"line":22,"column":0},"end":{"line":22,"column":13}}}},"branchMap":{},"s":{"0":1,"1":1,"2":1},"f":{"0":1},"b":{}}
,"/home/jdiaz/Documentos/workspace/egeo/projects/egeo/src/lib/pipes/search-filter/search-filter.pipe.ts": {"path":"/home/jdiaz/Documentos/workspace/egeo/projects/egeo/src/lib/pipes/search-filter/search-filter.pipe.ts","statementMap":{"0":{"start":{"line":16,"column":0},"end":{"line":16,"column":13}},"1":{"start":{"line":17,"column":3},"end":{"line":27,"column":null}},"2":{"start":{"line":17,"column":3},"end":{"line":17,"column":12}},"3":{"start":{"line":18,"column":6},"end":{"line":18,"column":30}},"4":{"start":{"line":19,"column":6},"end":{"line":21,"column":null}},"5":{"start":{"line":20,"column":9},"end":{"line":20,"column":21}},"6":{"start":{"line":22,"column":6},"end":{"line":26,"column":null}},"7":{"start":{"line":23,"column":9},"end":{"line":23,"column":80}},"8":{"start":{"line":23,"column":41},"end":{"line":23,"column":79}},"9":{"start":{"line":25,"column":9},"end":{"line":25,"column":19}},"10":{"start":{"line":29,"column":11},"end":{"line":34,"column":null}},"11":{"start":{"line":30,"column":6},"end":{"line":32,"column":null}},"12":{"start":{"line":31,"column":9},"end":{"line":31,"column":79}},"13":{"start":{"line":33,"column":6},"end":{"line":33,"column":19}},"14":{"start":{"line":36,"column":11},"end":{"line":38,"column":null}},"15":{"start":{"line":37,"column":6},"end":{"line":37,"column":51}},"16":{"start":{"line":40,"column":11},"end":{"line":42,"column":null}},"17":{"start":{"line":41,"column":6},"end":{"line":41,"column":64}},"18":{"start":{"line":44,"column":11},"end":{"line":48,"column":null}},"19":{"start":{"line":45,"column":6},"end":{"line":47,"column":null}},"20":{"start":{"line":46,"column":9},"end":{"line":46,"column":91}},"21":{"start":{"line":16,"column":13},"end":{"line":49,"column":null}},"22":{"start":{"line":49,"column":0},"end":{"line":49,"column":null}}},"fnMap":{"0":{"name":"(anonymous_1)","decl":{"start":{"line":16,"column":0},"end":{"line":16,"column":13}},"loc":{"start":{"line":16,"column":0},"end":{"line":16,"column":13}}},"1":{"name":"(anonymous_3)","decl":{"start":{"line":17,"column":3},"end":{"line":17,"column":12}},"loc":{"start":{"line":17,"column":55},"end":{"line":27,"column":4}}},"2":{"name":"(anonymous_4)","decl":{"start":{"line":23,"column":28},"end":{"line":23,"column":29}},"loc":{"start":{"line":23,"column":36},"end":{"line":23,"column":45}}},"3":{"name":"(anonymous_5)","decl":{"start":{"line":29,"column":3},"end":{"line":29,"column":11}},"loc":{"start":{"line":29,"column":63},"end":{"line":34,"column":4}}},"4":{"name":"(anonymous_6)","decl":{"start":{"line":36,"column":3},"end":{"line":36,"column":11}},"loc":{"start":{"line":36,"column":31},"end":{"line":38,"column":4}}},"5":{"name":"(anonymous_7)","decl":{"start":{"line":40,"column":3},"end":{"line":40,"column":11}},"loc":{"start":{"line":40,"column":30},"end":{"line":42,"column":4}}},"6":{"name":"(anonymous_8)","decl":{"start":{"line":44,"column":3},"end":{"line":44,"column":11}},"loc":{"start":{"line":44,"column":36},"end":{"line":48,"column":4}}}},"branchMap":{"0":{"loc":{"start":{"line":19,"column":6},"end":{"line":21,"column":null}},"type":"if","locations":[{"start":{"line":19,"column":6},"end":{"line":21,"column":null}},{"start":{"line":19,"column":6},"end":{"line":21,"column":null}}]},"1":{"loc":{"start":{"line":22,"column":6},"end":{"line":26,"column":null}},"type":"if","locations":[{"start":{"line":22,"column":6},"end":{"line":26,"column":null}},{"start":{"line":22,"column":6},"end":{"line":26,"column":null}}]},"2":{"loc":{"start":{"line":22,"column":10},"end":{"line":22,"column":14}},"type":"binary-expr","locations":[{"start":{"line":22,"column":10},"end":{"line":22,"column":14}},{"start":{"line":22,"column":18},"end":{"line":22,"column":33}},{"start":{"line":22,"column":37},"end":{"line":22,"column":42}}]},"3":{"loc":{"start":{"line":30,"column":6},"end":{"line":32,"column":null}},"type":"if","locations":[{"start":{"line":30,"column":6},"end":{"line":32,"column":null}},{"start":{"line":30,"column":6},"end":{"line":32,"column":null}}]},"4":{"loc":{"start":{"line":30,"column":10},"end":{"line":30,"column":33}},"type":"binary-expr","locations":[{"start":{"line":30,"column":10},"end":{"line":30,"column":33}},{"start":{"line":30,"column":37},"end":{"line":30,"column":57}},{"start":{"line":30,"column":61},"end":{"line":30,"column":82}},{"start":{"line":30,"column":86},"end":{"line":30,"column":115}}]},"5":{"loc":{"start":{"line":37,"column":13},"end":{"line":37,"column":32}},"type":"binary-expr","locations":[{"start":{"line":37,"column":13},"end":{"line":37,"column":32}},{"start":{"line":37,"column":36},"end":{"line":37,"column":50}}]},"6":{"loc":{"start":{"line":41,"column":13},"end":{"line":41,"column":34}},"type":"binary-expr","locations":[{"start":{"line":41,"column":13},"end":{"line":41,"column":34}},{"start":{"line":41,"column":38},"end":{"line":41,"column":63}}]},"7":{"loc":{"start":{"line":45,"column":6},"end":{"line":47,"column":null}},"type":"if","locations":[{"start":{"line":45,"column":6},"end":{"line":47,"column":null}},{"start":{"line":45,"column":6},"end":{"line":47,"column":null}}]}},"s":{"0":1,"1":1,"2":0,"3":0,"4":0,"5":0,"6":0,"7":0,"8":0,"9":0,"10":1,"11":0,"12":0,"13":0,"14":1,"15":0,"16":1,"17":0,"18":1,"19":0,"20":0,"21":1,"22":1},"f":{"0":1,"1":0,"2":0,"3":0,"4":0,"5":0,"6":0},"b":{"0":[0,0],"1":[0,0],"2":[0,0,0],"3":[0,0],"4":[0,0,0,0],"5":[0,0],"6":[0,0],"7":[0,0]}}
,"/home/jdiaz/Documentos/workspace/egeo/projects/egeo/src/lib/pipes/st-object-to-array/st-object-to-array.pipe.ts": {"path":"/home/jdiaz/Documentos/workspace/egeo/projects/egeo/src/lib/pipes/st-object-to-array/st-object-to-array.pipe.ts","statementMap":{"0":{"start":{"line":14,"column":0},"end":{"line":14,"column":13}},"1":{"start":{"line":15,"column":3},"end":{"line":17,"column":null}},"2":{"start":{"line":16,"column":6},"end":{"line":16,"column":78}},"3":{"start":{"line":16,"column":47},"end":{"line":16,"column":72}},"4":{"start":{"line":14,"column":13},"end":{"line":18,"column":null}},"5":{"start":{"line":18,"column":0},"end":{"line":18,"column":null}}},"fnMap":{"0":{"name":"(anonymous_1)","decl":{"start":{"line":14,"column":0},"end":{"line":14,"column":13}},"loc":{"start":{"line":14,"column":0},"end":{"line":14,"column":13}}},"1":{"name":"(anonymous_3)","decl":{"start":{"line":15,"column":3},"end":{"line":15,"column":12}},"loc":{"start":{"line":15,"column":22},"end":{"line":17,"column":4}}},"2":{"name":"(anonymous_4)","decl":{"start":{"line":16,"column":40},"end":{"line":16,"column":43}},"loc":{"start":{"line":16,"column":43},"end":{"line":16,"column":48}}}},"branchMap":{"0":{"loc":{"start":{"line":16,"column":19},"end":{"line":16,"column":72}},"type":"cond-expr","locations":[{"start":{"line":16,"column":19},"end":{"line":16,"column":72}},{"start":{"line":16,"column":75},"end":{"line":16,"column":77}}]}},"s":{"0":1,"1":1,"2":0,"3":0,"4":1,"5":1},"f":{"0":1,"1":0,"2":0},"b":{"0":[0,0]}}
,"/home/jdiaz/Documentos/workspace/egeo/projects/egeo/src/lib/st-alerts/st-alerts.component.ts": {"path":"/home/jdiaz/Documentos/workspace/egeo/projects/egeo/src/lib/st-alerts/st-alerts.component.ts","statementMap":{"0":{"start":{"line":22,"column":0},"end":{"line":22,"column":13}},"1":{"start":{"line":28,"column":14},"end":{"line":28,"column":19}},"2":{"start":{"line":29,"column":13},"end":{"line":29,"column":27}},"3":{"start":{"line":24,"column":12},"end":{"line":24,"column":43}},"4":{"start":{"line":25,"column":12},"end":{"line":25,"column":47}},"5":{"start":{"line":24,"column":12},"end":{"line":24,"column":null}},"6":{"start":{"line":25,"column":12},"end":{"line":25,"column":null}},"7":{"start":{"line":22,"column":13},"end":{"line":31,"column":null}},"8":{"start":{"line":31,"column":0},"end":{"line":31,"column":null}}},"fnMap":{"0":{"name":"(anonymous_2)","decl":{"start":{"line":22,"column":0},"end":{"line":22,"column":13}},"loc":{"start":{"line":22,"column":0},"end":{"line":22,"column":13}}},"1":{"name":"StAlertsComponent","decl":{"start":{"line":27,"column":3},"end":{"line":27,"column":null}},"loc":{"start":{"line":29,"column":42},"end":{"line":30,"column":8}}}},"branchMap":{},"s":{"0":1,"1":0,"2":0,"3":0,"4":0,"5":1,"6":1,"7":1,"8":1},"f":{"0":1,"1":0},"b":{}}
,"/home/jdiaz/Documentos/workspace/egeo/projects/egeo/src/lib/st-alerts/st-alerts.model.ts": {"path":"/home/jdiaz/Documentos/workspace/egeo/projects/egeo/src/lib/st-alerts/st-alerts.model.ts","statementMap":{"0":{"start":{"line":14,"column":0},"end":{"line":14,"column":31}},"1":{"start":{"line":14,"column":31},"end":{"line":14,"column":40}},"2":{"start":{"line":14,"column":40},"end":{"line":14,"column":49}},"3":{"start":{"line":14,"column":49},"end":{"line":14,"column":55}},"4":{"start":{"line":16,"column":0},"end":{"line":16,"column":null}},"5":{"start":{"line":19,"column":0},"end":{"line":19,"column":null}},"6":{"start":{"line":21,"column":0},"end":{"line":21,"column":null}},"7":{"start":{"line":30,"column":13},"end":{"line":30,"column":23}},"8":{"start":{"line":31,"column":13},"end":{"line":31,"column":26}},"9":{"start":{"line":32,"column":13},"end":{"line":32,"column":28}},"10":{"start":{"line":33,"column":13},"end":{"line":33,"column":39}},"11":{"start":{"line":34,"column":13},"end":{"line":34,"column":28}},"12":{"start":{"line":35,"column":13},"end":{"line":35,"column":36}},"13":{"start":{"line":36,"column":13},"end":{"line":36,"column":30}},"14":{"start":{"line":24,"column":11},"end":{"line":24,"column":36}},"15":{"start":{"line":25,"column":11},"end":{"line":25,"column":32}},"16":{"start":{"line":26,"column":11},"end":{"line":26,"column":66}},"17":{"start":{"line":27,"column":11},"end":{"line":27,"column":67}},"18":{"start":{"line":39,"column":3},"end":{"line":41,"column":null}},"19":{"start":{"line":40,"column":6},"end":{"line":40,"column":47}},"20":{"start":{"line":43,"column":3},"end":{"line":45,"column":null}},"21":{"start":{"line":44,"column":6},"end":{"line":44,"column":46}},"22":{"start":{"line":47,"column":3},"end":{"line":49,"column":null}},"23":{"start":{"line":48,"column":6},"end":{"line":48,"column":28}},"24":{"start":{"line":51,"column":3},"end":{"line":57,"column":null}},"25":{"start":{"line":52,"column":6},"end":{"line":52,"column":24}},"26":{"start":{"line":53,"column":6},"end":{"line":53,"column":26}},"27":{"start":{"line":54,"column":6},"end":{"line":54,"column":28}},"28":{"start":{"line":55,"column":6},"end":{"line":55,"column":22}},"29":{"start":{"line":56,"column":6},"end":{"line":56,"column":45}},"30":{"start":{"line":59,"column":3},"end":{"line":61,"column":null}},"31":{"start":{"line":60,"column":6},"end":{"line":60,"column":23}},"32":{"start":{"line":63,"column":3},"end":{"line":65,"column":null}},"33":{"start":{"line":64,"column":6},"end":{"line":64,"column":29}},"34":{"start":{"line":68,"column":11},"end":{"line":71,"column":null}},"35":{"start":{"line":68,"column":3},"end":{"line":68,"column":11}},"36":{"start":{"line":69,"column":6},"end":{"line":69,"column":28}},"37":{"start":{"line":70,"column":6},"end":{"line":70,"column":101}},"38":{"start":{"line":70,"column":64},"end":{"line":70,"column":97}},"39":{"start":{"line":73,"column":11},"end":{"line":84,"column":null}},"40":{"start":{"line":74,"column":6},"end":{"line":74,"column":45}},"41":{"start":{"line":75,"column":6},"end":{"line":82,"column":null}},"42":{"start":{"line":76,"column":9},"end":{"line":76,"column":31}},"43":{"start":{"line":77,"column":9},"end":{"line":81,"column":null}},"44":{"start":{"line":78,"column":12},"end":{"line":78,"column":29}},"45":{"start":{"line":80,"column":12},"end":{"line":80,"column":35}},"46":{"start":{"line":83,"column":6},"end":{"line":83,"column":45}},"47":{"start":{"line":86,"column":11},"end":{"line":90,"column":null}},"48":{"start":{"line":87,"column":6},"end":{"line":87,"column":36}},"49":{"start":{"line":88,"column":6},"end":{"line":88,"column":35}},"50":{"start":{"line":89,"column":6},"end":{"line":89,"column":35}},"51":{"start":{"line":92,"column":11},"end":{"line":94,"column":null}},"52":{"start":{"line":93,"column":6},"end":{"line":93,"column":59}},"53":{"start":{"line":96,"column":11},"end":{"line":98,"column":null}},"54":{"start":{"line":97,"column":6},"end":{"line":97,"column":45}},"55":{"start":{"line":100,"column":11},"end":{"line":103,"column":null}},"56":{"start":{"line":100,"column":3},"end":{"line":100,"column":11}},"57":{"start":{"line":101,"column":28},"end":{"line":101,"column":78}},"58":{"start":{"line":102,"column":6},"end":{"line":102,"column":83}},"59":{"start":{"line":102,"column":50},"end":{"line":102,"column":74}},"60":{"start":{"line":104,"column":0},"end":{"line":104,"column":null}}},"fnMap":{"0":{"name":"(anonymous_0)","decl":{"start":{"line":14,"column":0},"end":{"line":14,"column":6}},"loc":{"start":{"line":14,"column":28},"end":{"line":14,"column":56}}},"1":{"name":"(anonymous_1)","decl":{"start":{"line":16,"column":0},"end":{"line":16,"column":null}},"loc":{"start":{"line":16,"column":0},"end":{"line":19,"column":null}}},"2":{"name":"(anonymous_3)","decl":{"start":{"line":21,"column":0},"end":{"line":21,"column":null}},"loc":{"start":{"line":21,"column":0},"end":{"line":104,"column":null}}},"3":{"name":"StAlert","decl":{"start":{"line":29,"column":3},"end":{"line":29,"column":null}},"loc":{"start":{"line":36,"column":30},"end":{"line":37,"column":8}}},"4":{"name":"(anonymous_5)","decl":{"start":{"line":39,"column":3},"end":{"line":39,"column":7}},"loc":{"start":{"line":39,"column":3},"end":{"line":41,"column":4}}},"5":{"name":"(anonymous_6)","decl":{"start":{"line":43,"column":3},"end":{"line":43,"column":7}},"loc":{"start":{"line":43,"column":3},"end":{"line":45,"column":4}}},"6":{"name":"(anonymous_7)","decl":{"start":{"line":47,"column":3},"end":{"line":47,"column":9}},"loc":{"start":{"line":47,"column":3},"end":{"line":49,"column":4}}},"7":{"name":"(anonymous_8)","decl":{"start":{"line":51,"column":3},"end":{"line":51,"column":14}},"loc":{"start":{"line":51,"column":3},"end":{"line":57,"column":4}}},"8":{"name":"(anonymous_9)","decl":{"start":{"line":59,"column":3},"end":{"line":59,"column":17}},"loc":{"start":{"line":59,"column":3},"end":{"line":61,"column":4}}},"9":{"name":"(anonymous_10)","decl":{"start":{"line":63,"column":3},"end":{"line":63,"column":9}},"loc":{"start":{"line":63,"column":3},"end":{"line":65,"column":4}}},"10":{"name":"(anonymous_11)","decl":{"start":{"line":68,"column":3},"end":{"line":68,"column":11}},"loc":{"start":{"line":68,"column":39},"end":{"line":71,"column":4}}},"11":{"name":"(anonymous_12)","decl":{"start":{"line":70,"column":58},"end":{"line":70,"column":64}},"loc":{"start":{"line":70,"column":58},"end":{"line":70,"column":68}}},"12":{"name":"(anonymous_13)","decl":{"start":{"line":73,"column":3},"end":{"line":73,"column":11}},"loc":{"start":{"line":73,"column":45},"end":{"line":84,"column":4}}},"13":{"name":"(anonymous_14)","decl":{"start":{"line":86,"column":3},"end":{"line":86,"column":11}},"loc":{"start":{"line":86,"column":3},"end":{"line":90,"column":4}}},"14":{"name":"(anonymous_15)","decl":{"start":{"line":92,"column":3},"end":{"line":92,"column":11}},"loc":{"start":{"line":92,"column":3},"end":{"line":94,"column":4}}},"15":{"name":"(anonymous_16)","decl":{"start":{"line":96,"column":3},"end":{"line":96,"column":11}},"loc":{"start":{"line":96,"column":3},"end":{"line":98,"column":4}}},"16":{"name":"(anonymous_17)","decl":{"start":{"line":100,"column":3},"end":{"line":100,"column":11}},"loc":{"start":{"line":100,"column":3},"end":{"line":103,"column":4}}},"17":{"name":"(anonymous_18)","decl":{"start":{"line":102,"column":44},"end":{"line":102,"column":50}},"loc":{"start":{"line":102,"column":44},"end":{"line":102,"column":54}}}},"branchMap":{"0":{"loc":{"start":{"line":14,"column":12},"end":{"line":14,"column":28}},"type":"binary-expr","locations":[{"start":{"line":14,"column":12},"end":{"line":14,"column":28}},{"start":{"line":14,"column":12},"end":{"line":14,"column":31}}]},"1":{"loc":{"start":{"line":74,"column":34},"end":{"line":74,"column":37}},"type":"cond-expr","locations":[{"start":{"line":74,"column":34},"end":{"line":74,"column":37}},{"start":{"line":74,"column":40},"end":{"line":74,"column":44}}]},"2":{"loc":{"start":{"line":75,"column":6},"end":{"line":82,"column":null}},"type":"if","locations":[{"start":{"line":75,"column":6},"end":{"line":82,"column":null}},{"start":{"line":75,"column":6},"end":{"line":82,"column":null}}]},"3":{"loc":{"start":{"line":75,"column":10},"end":{"line":75,"column":28}},"type":"binary-expr","locations":[{"start":{"line":75,"column":10},"end":{"line":75,"column":28}},{"start":{"line":75,"column":32},"end":{"line":75,"column":50}}]},"4":{"loc":{"start":{"line":77,"column":9},"end":{"line":81,"column":null}},"type":"if","locations":[{"start":{"line":77,"column":9},"end":{"line":81,"column":null}},{"start":{"line":77,"column":9},"end":{"line":81,"column":null}}]},"5":{"loc":{"start":{"line":101,"column":43},"end":{"line":101,"column":63}},"type":"cond-expr","locations":[{"start":{"line":101,"column":43},"end":{"line":101,"column":63}},{"start":{"line":101,"column":66},"end":{"line":101,"column":78}}]}},"s":{"0":1,"1":1,"2":1,"3":1,"4":1,"5":1,"6":1,"7":0,"8":0,"9":0,"10":0,"11":0,"12":0,"13":0,"14":0,"15":0,"16":0,"17":0,"18":1,"19":0,"20":1,"21":0,"22":1,"23":0,"24":1,"25":0,"26":0,"27":0,"28":0,"29":0,"30":1,"31":0,"32":1,"33":0,"34":1,"35":0,"36":0,"37":0,"38":0,"39":1,"40":0,"41":0,"42":0,"43":0,"44":0,"45":0,"46":0,"47":1,"48":0,"49":0,"50":0,"51":1,"52":0,"53":1,"54":0,"55":1,"56":0,"57":0,"58":0,"59":0,"60":1},"f":{"0":1,"1":1,"2":1,"3":0,"4":0,"5":0,"6":0,"7":0,"8":0,"9":0,"10":0,"11":0,"12":0,"13":0,"14":0,"15":0,"16":0,"17":0},"b":{"0":[1,1],"1":[0,0],"2":[0,0],"3":[0,0],"4":[0,0],"5":[0,0]}}
,"/home/jdiaz/Documentos/workspace/egeo/projects/egeo/src/lib/st-alerts/st-alerts.service.ts": {"path":"/home/jdiaz/Documentos/workspace/egeo/projects/egeo/src/lib/st-alerts/st-alerts.service.ts","statementMap":{"0":{"start":{"line":17,"column":0},"end":{"line":17,"column":13}},"1":{"start":{"line":18,"column":11},"end":{"line":18,"column":39}},"2":{"start":{"line":19,"column":11},"end":{"line":19,"column":31}},"3":{"start":{"line":21,"column":11},"end":{"line":21,"column":90}},"4":{"start":{"line":23,"column":3},"end":{"line":25,"column":null}},"5":{"start":{"line":24,"column":6},"end":{"line":24,"column":47}},"6":{"start":{"line":27,"column":10},"end":{"line":34,"column":null}},"7":{"start":{"line":27,"column":3},"end":{"line":27,"column":10}},"8":{"start":{"line":28,"column":6},"end":{"line":28,"column":55}},"9":{"start":{"line":29,"column":6},"end":{"line":29,"column":79}},"10":{"start":{"line":30,"column":27},"end":{"line":30,"column":110}},"11":{"start":{"line":31,"column":6},"end":{"line":31,"column":92}},"12":{"start":{"line":31,"column":56},"end":{"line":31,"column":91}},"13":{"start":{"line":32,"column":6},"end":{"line":32,"column":30}},"14":{"start":{"line":33,"column":6},"end":{"line":33,"column":21}},"15":{"start":{"line":36,"column":11},"end":{"line":39,"column":null}},"16":{"start":{"line":37,"column":6},"end":{"line":37,"column":35}},"17":{"start":{"line":38,"column":6},"end":{"line":38,"column":48}},"18":{"start":{"line":41,"column":11},"end":{"line":45,"column":null}},"19":{"start":{"line":42,"column":24},"end":{"line":42,"column":98}},"20":{"start":{"line":42,"column":68},"end":{"line":42,"column":98}},"21":{"start":{"line":43,"column":6},"end":{"line":43,"column":38}},"22":{"start":{"line":44,"column":6},"end":{"line":44,"column":48}},"23":{"start":{"line":17,"column":13},"end":{"line":46,"column":null}},"24":{"start":{"line":46,"column":0},"end":{"line":46,"column":null}}},"fnMap":{"0":{"name":"(anonymous_1)","decl":{"start":{"line":17,"column":0},"end":{"line":17,"column":13}},"loc":{"start":{"line":17,"column":0},"end":{"line":17,"column":13}}},"1":{"name":"StAlertsService","decl":{"start":{"line":16,"column":0},"end":{"line":16,"column":1}},"loc":{"start":{"line":16,"column":0},"end":{"line":46,"column":null}}},"2":{"name":"(anonymous_3)","decl":{"start":{"line":23,"column":3},"end":{"line":23,"column":7}},"loc":{"start":{"line":23,"column":3},"end":{"line":25,"column":4}}},"3":{"name":"(anonymous_4)","decl":{"start":{"line":27,"column":3},"end":{"line":27,"column":10}},"loc":{"start":{"line":27,"column":144},"end":{"line":34,"column":4}}},"4":{"name":"(anonymous_5)","decl":{"start":{"line":31,"column":39},"end":{"line":31,"column":52}},"loc":{"start":{"line":31,"column":52},"end":{"line":31,"column":60}}},"5":{"name":"(anonymous_6)","decl":{"start":{"line":36,"column":3},"end":{"line":36,"column":11}},"loc":{"start":{"line":36,"column":37},"end":{"line":39,"column":4}}},"6":{"name":"(anonymous_7)","decl":{"start":{"line":41,"column":3},"end":{"line":41,"column":11}},"loc":{"start":{"line":41,"column":40},"end":{"line":45,"column":4}}},"7":{"name":"(anonymous_8)","decl":{"start":{"line":42,"column":51},"end":{"line":42,"column":64}},"loc":{"start":{"line":42,"column":64},"end":{"line":42,"column":81}}}},"branchMap":{"0":{"loc":{"start":{"line":28,"column":40},"end":{"line":28,"column":47}},"type":"cond-expr","locations":[{"start":{"line":28,"column":40},"end":{"line":28,"column":47}},{"start":{"line":28,"column":50},"end":{"line":28,"column":54}}]},"1":{"loc":{"start":{"line":29,"column":56},"end":{"line":29,"column":71}},"type":"cond-expr","locations":[{"start":{"line":29,"column":56},"end":{"line":29,"column":71}},{"start":{"line":29,"column":74},"end":{"line":29,"column":78}}]}},"s":{"0":1,"1":0,"2":0,"3":0,"4":1,"5":0,"6":1,"7":0,"8":0,"9":0,"10":0,"11":0,"12":0,"13":0,"14":0,"15":1,"16":0,"17":0,"18":1,"19":0,"20":0,"21":0,"22":0,"23":1,"24":1},"f":{"0":1,"1":0,"2":0,"3":0,"4":0,"5":0,"6":0,"7":0},"b":{"0":[0,0],"1":[0,0]}}
,"/home/jdiaz/Documentos/workspace/egeo/projects/egeo/src/lib/st-alerts/alert-box/st-alert-box.component.ts": {"path":"/home/jdiaz/Documentos/workspace/egeo/projects/egeo/src/lib/st-alerts/alert-box/st-alert-box.component.ts","statementMap":{"0":{"start":{"line":26,"column":0},"end":{"line":26,"column":13}},"1":{"start":{"line":35,"column":23},"end":{"line":35,"column":28}},"2":{"start":{"line":29,"column":12},"end":{"line":29,"column":43}},"3":{"start":{"line":32,"column":10},"end":{"line":32,"column":30}},"4":{"start":{"line":38,"column":3},"end":{"line":46,"column":null}},"5":{"start":{"line":38,"column":3},"end":{"line":38,"column":11}},"6":{"start":{"line":39,"column":6},"end":{"line":39,"column":75}},"7":{"start":{"line":39,"column":46},"end":{"line":39,"column":74}},"8":{"start":{"line":40,"column":6},"end":{"line":40,"column":26}},"9":{"start":{"line":41,"column":6},"end":{"line":43,"column":null}},"10":{"start":{"line":42,"column":9},"end":{"line":42,"column":30}},"11":{"start":{"line":44,"column":6},"end":{"line":44,"column":56}},"12":{"start":{"line":45,"column":6},"end":{"line":45,"column":38}},"13":{"start":{"line":48,"column":3},"end":{"line":50,"column":null}},"14":{"start":{"line":49,"column":6},"end":{"line":49,"column":31}},"15":{"start":{"line":52,"column":3},"end":{"line":54,"column":null}},"16":{"start":{"line":53,"column":6},"end":{"line":53,"column":34}},"17":{"start":{"line":56,"column":3},"end":{"line":58,"column":null}},"18":{"start":{"line":57,"column":6},"end":{"line":57,"column":26}},"19":{"start":{"line":60,"column":3},"end":{"line":67,"column":null}},"20":{"start":{"line":61,"column":6},"end":{"line":66,"column":null}},"21":{"start":{"line":62,"column":38},"end":{"line":62,"column":56}},"22":{"start":{"line":63,"column":40},"end":{"line":63,"column":60}},"23":{"start":{"line":64,"column":40},"end":{"line":64,"column":67}},"24":{"start":{"line":65,"column":18},"end":{"line":65,"column":28}},"25":{"start":{"line":69,"column":3},"end":{"line":76,"column":null}},"26":{"start":{"line":70,"column":6},"end":{"line":75,"column":null}},"27":{"start":{"line":71,"column":38},"end":{"line":71,"column":67}},"28":{"start":{"line":72,"column":40},"end":{"line":72,"column":71}},"29":{"start":{"line":73,"column":40},"end":{"line":73,"column":71}},"30":{"start":{"line":74,"column":18},"end":{"line":74,"column":28}},"31":{"start":{"line":78,"column":3},"end":{"line":80,"column":null}},"32":{"start":{"line":79,"column":6},"end":{"line":79,"column":40}},"33":{"start":{"line":82,"column":3},"end":{"line":85,"column":null}},"34":{"start":{"line":83,"column":6},"end":{"line":83,"column":29}},"35":{"start":{"line":84,"column":6},"end":{"line":84,"column":30}},"36":{"start":{"line":87,"column":11},"end":{"line":94,"column":null}},"37":{"start":{"line":88,"column":6},"end":{"line":93,"column":null}},"38":{"start":{"line":89,"column":38},"end":{"line":89,"column":104}},"39":{"start":{"line":89,"column":105},"end":{"line":89,"column":111}},"40":{"start":{"line":90,"column":40},"end":{"line":90,"column":107}},"41":{"start":{"line":90,"column":108},"end":{"line":90,"column":114}},"42":{"start":{"line":91,"column":40},"end":{"line":91,"column":106}},"43":{"start":{"line":91,"column":107},"end":{"line":91,"column":113}},"44":{"start":{"line":92,"column":18},"end":{"line":92,"column":108}},"45":{"start":{"line":92,"column":109},"end":{"line":92,"column":115}},"46":{"start":{"line":28,"column":12},"end":{"line":28,"column":null}},"47":{"start":{"line":29,"column":12},"end":{"line":29,"column":null}},"48":{"start":{"line":26,"column":13},"end":{"line":95,"column":null}},"49":{"start":{"line":95,"column":0},"end":{"line":95,"column":null}}},"fnMap":{"0":{"name":"(anonymous_2)","decl":{"start":{"line":26,"column":0},"end":{"line":26,"column":13}},"loc":{"start":{"line":26,"column":0},"end":{"line":26,"column":13}}},"1":{"name":"StAlertBoxComponent","decl":{"start":{"line":35,"column":3},"end":{"line":35,"column":23}},"loc":{"start":{"line":35,"column":45},"end":{"line":36,"column":4}}},"2":{"name":"(anonymous_4)","decl":{"start":{"line":38,"column":3},"end":{"line":38,"column":11}},"loc":{"start":{"line":38,"column":3},"end":{"line":46,"column":4}}},"3":{"name":"(anonymous_5)","decl":{"start":{"line":39,"column":35},"end":{"line":39,"column":42}},"loc":{"start":{"line":39,"column":42},"end":{"line":39,"column":50}}},"4":{"name":"(anonymous_6)","decl":{"start":{"line":48,"column":3},"end":{"line":48,"column":8}},"loc":{"start":{"line":48,"column":3},"end":{"line":50,"column":4}}},"5":{"name":"(anonymous_7)","decl":{"start":{"line":52,"column":3},"end":{"line":52,"column":8}},"loc":{"start":{"line":52,"column":3},"end":{"line":54,"column":4}}},"6":{"name":"(anonymous_8)","decl":{"start":{"line":56,"column":3},"end":{"line":56,"column":13}},"loc":{"start":{"line":56,"column":3},"end":{"line":58,"column":4}}},"7":{"name":"(anonymous_9)","decl":{"start":{"line":60,"column":3},"end":{"line":60,"column":10}},"loc":{"start":{"line":60,"column":3},"end":{"line":67,"column":4}}},"8":{"name":"(anonymous_10)","decl":{"start":{"line":69,"column":3},"end":{"line":69,"column":19}},"loc":{"start":{"line":69,"column":3},"end":{"line":76,"column":4}}},"9":{"name":"(anonymous_11)","decl":{"start":{"line":78,"column":3},"end":{"line":78,"column":7}},"loc":{"start":{"line":78,"column":3},"end":{"line":80,"column":4}}},"10":{"name":"(anonymous_12)","decl":{"start":{"line":82,"column":3},"end":{"line":82,"column":16}},"loc":{"start":{"line":82,"column":32},"end":{"line":85,"column":4}}},"11":{"name":"(anonymous_13)","decl":{"start":{"line":87,"column":3},"end":{"line":87,"column":11}},"loc":{"start":{"line":87,"column":3},"end":{"line":94,"column":4}}}},"branchMap":{"0":{"loc":{"start":{"line":41,"column":6},"end":{"line":43,"column":null}},"type":"if","locations":[{"start":{"line":41,"column":6},"end":{"line":43,"column":null}},{"start":{"line":41,"column":6},"end":{"line":43,"column":null}}]},"1":{"loc":{"start":{"line":62,"column":9},"end":{"line":62,"column":56}},"type":"switch","locations":[{"start":{"line":62,"column":9},"end":{"line":62,"column":56}},{"start":{"line":63,"column":9},"end":{"line":63,"column":60}},{"start":{"line":64,"column":9},"end":{"line":64,"column":67}},{"start":{"line":65,"column":9},"end":{"line":65,"column":28}}]},"2":{"loc":{"start":{"line":71,"column":9},"end":{"line":71,"column":67}},"type":"switch","locations":[{"start":{"line":71,"column":9},"end":{"line":71,"column":67}},{"start":{"line":72,"column":9},"end":{"line":72,"column":71}},{"start":{"line":73,"column":9},"end":{"line":73,"column":71}},{"start":{"line":74,"column":9},"end":{"line":74,"column":28}}]},"3":{"loc":{"start":{"line":89,"column":9},"end":{"line":89,"column":111}},"type":"switch","locations":[{"start":{"line":89,"column":9},"end":{"line":89,"column":111}},{"start":{"line":90,"column":9},"end":{"line":90,"column":114}},{"start":{"line":91,"column":9},"end":{"line":91,"column":113}},{"start":{"line":92,"column":9},"end":{"line":92,"column":115}}]}},"s":{"0":1,"1":0,"2":0,"3":0,"4":1,"5":0,"6":0,"7":0,"8":0,"9":0,"10":0,"11":0,"12":0,"13":1,"14":0,"15":1,"16":0,"17":1,"18":0,"19":1,"20":0,"21":0,"22":0,"23":0,"24":0,"25":1,"26":0,"27":0,"28":0,"29":0,"30":0,"31":1,"32":0,"33":1,"34":0,"35":0,"36":1,"37":0,"38":0,"39":0,"40":0,"41":0,"42":0,"43":0,"44":0,"45":0,"46":1,"47":1,"48":1,"49":1},"f":{"0":1,"1":0,"2":0,"3":0,"4":0,"5":0,"6":0,"7":0,"8":0,"9":0,"10":0,"11":0},"b":{"0":[0,0],"1":[0,0,0,0],"2":[0,0,0,0],"3":[0,0,0,0]}}
,"/home/jdiaz/Documentos/workspace/egeo/projects/egeo/src/lib/st-breadcrumbs/st-breadcrumbs.component.ts": {"path":"/home/jdiaz/Documentos/workspace/egeo/projects/egeo/src/lib/st-breadcrumbs/st-breadcrumbs.component.ts","statementMap":{"0":{"start":{"line":53,"column":0},"end":{"line":53,"column":13}},"1":{"start":{"line":55,"column":12},"end":{"line":55,"column":45}},"2":{"start":{"line":57,"column":12},"end":{"line":57,"column":39}},"3":{"start":{"line":59,"column":12},"end":{"line":59,"column":62}},"4":{"start":{"line":64,"column":13},"end":{"line":64,"column":71}},"5":{"start":{"line":66,"column":10},"end":{"line":66,"column":36}},"6":{"start":{"line":67,"column":11},"end":{"line":67,"column":32}},"7":{"start":{"line":69,"column":10},"end":{"line":71,"column":null}},"8":{"start":{"line":70,"column":6},"end":{"line":70,"column":61}},"9":{"start":{"line":73,"column":10},"end":{"line":79,"column":null}},"10":{"start":{"line":74,"column":6},"end":{"line":78,"column":null}},"11":{"start":{"line":75,"column":39},"end":{"line":75,"column":121}},"12":{"start":{"line":76,"column":49},"end":{"line":76,"column":110}},"13":{"start":{"line":77,"column":9},"end":{"line":77,"column":57}},"14":{"start":{"line":81,"column":10},"end":{"line":86,"column":null}},"15":{"start":{"line":82,"column":29},"end":{"line":82,"column":67}},"16":{"start":{"line":83,"column":6},"end":{"line":85,"column":null}},"17":{"start":{"line":84,"column":9},"end":{"line":84,"column":34}},"18":{"start":{"line":88,"column":10},"end":{"line":90,"column":null}},"19":{"start":{"line":89,"column":6},"end":{"line":89,"column":36}},"20":{"start":{"line":92,"column":10},"end":{"line":94,"column":null}},"21":{"start":{"line":93,"column":6},"end":{"line":93,"column":60}},"22":{"start":{"line":96,"column":10},"end":{"line":98,"column":null}},"23":{"start":{"line":97,"column":6},"end":{"line":97,"column":56}},"24":{"start":{"line":100,"column":10},"end":{"line":102,"column":null}},"25":{"start":{"line":101,"column":6},"end":{"line":101,"column":61}},"26":{"start":{"line":104,"column":11},"end":{"line":114,"column":null}},"27":{"start":{"line":105,"column":6},"end":{"line":113,"column":null}},"28":{"start":{"line":106,"column":9},"end":{"line":106,"column":61}},"29":{"start":{"line":107,"column":9},"end":{"line":107,"column":85}},"30":{"start":{"line":108,"column":9},"end":{"line":108,"column":37}},"31":{"start":{"line":109,"column":9},"end":{"line":109,"column":36}},"32":{"start":{"line":111,"column":9},"end":{"line":111,"column":27}},"33":{"start":{"line":112,"column":9},"end":{"line":112,"column":53}},"34":{"start":{"line":55,"column":12},"end":{"line":55,"column":null}},"35":{"start":{"line":57,"column":12},"end":{"line":57,"column":null}},"36":{"start":{"line":59,"column":12},"end":{"line":59,"column":null}},"37":{"start":{"line":61,"column":12},"end":{"line":61,"column":null}},"38":{"start":{"line":64,"column":13},"end":{"line":64,"column":null}},"39":{"start":{"line":53,"column":13},"end":{"line":115,"column":null}},"40":{"start":{"line":115,"column":0},"end":{"line":115,"column":null}}},"fnMap":{"0":{"name":"(anonymous_2)","decl":{"start":{"line":53,"column":0},"end":{"line":53,"column":13}},"loc":{"start":{"line":53,"column":0},"end":{"line":53,"column":13}}},"1":{"name":"StBreadCrumbsComponent","decl":{"start":{"line":47,"column":0},"end":{"line":47,"column":1}},"loc":{"start":{"line":47,"column":0},"end":{"line":115,"column":null}}},"2":{"name":"(anonymous_4)","decl":{"start":{"line":69,"column":3},"end":{"line":69,"column":10}},"loc":{"start":{"line":69,"column":3},"end":{"line":71,"column":4}}},"3":{"name":"(anonymous_5)","decl":{"start":{"line":73,"column":3},"end":{"line":73,"column":10}},"loc":{"start":{"line":73,"column":44},"end":{"line":79,"column":4}}},"4":{"name":"(anonymous_6)","decl":{"start":{"line":81,"column":3},"end":{"line":81,"column":10}},"loc":{"start":{"line":81,"column":32},"end":{"line":86,"column":4}}},"5":{"name":"(anonymous_7)","decl":{"start":{"line":88,"column":3},"end":{"line":88,"column":10}},"loc":{"start":{"line":88,"column":29},"end":{"line":90,"column":4}}},"6":{"name":"(anonymous_8)","decl":{"start":{"line":92,"column":3},"end":{"line":92,"column":10}},"loc":{"start":{"line":92,"column":32},"end":{"line":94,"column":4}}},"7":{"name":"(anonymous_9)","decl":{"start":{"line":96,"column":3},"end":{"line":96,"column":10}},"loc":{"start":{"line":96,"column":31},"end":{"line":98,"column":4}}},"8":{"name":"(anonymous_10)","decl":{"start":{"line":100,"column":3},"end":{"line":100,"column":10}},"loc":{"start":{"line":100,"column":31},"end":{"line":102,"column":4}}},"9":{"name":"(anonymous_11)","decl":{"start":{"line":104,"column":3},"end":{"line":104,"column":11}},"loc":{"start":{"line":104,"column":77},"end":{"line":114,"column":4}}}},"branchMap":{"0":{"loc":{"start":{"line":74,"column":6},"end":{"line":78,"column":null}},"type":"if","locations":[{"start":{"line":74,"column":6},"end":{"line":78,"column":null}},{"start":{"line":74,"column":6},"end":{"line":78,"column":null}}]},"1":{"loc":{"start":{"line":74,"column":10},"end":{"line":74,"column":25}},"type":"binary-expr","locations":[{"start":{"line":74,"column":10},"end":{"line":74,"column":25}},{"start":{"line":74,"column":29},"end":{"line":74,"column":51}}]},"2":{"loc":{"start":{"line":75,"column":64},"end":{"line":75,"column":99}},"type":"cond-expr","locations":[{"start":{"line":75,"column":64},"end":{"line":75,"column":99}},{"start":{"line":75,"column":102},"end":{"line":75,"column":121}}]},"3":{"loc":{"start":{"line":76,"column":67},"end":{"line":76,"column":95}},"type":"cond-expr","locations":[{"start":{"line":76,"column":67},"end":{"line":76,"column":95}},{"start":{"line":76,"column":98},"end":{"line":76,"column":110}}]},"4":{"loc":{"start":{"line":82,"column":42},"end":{"line":82,"column":47}},"type":"cond-expr","locations":[{"start":{"line":82,"column":42},"end":{"line":82,"column":47}},{"start":{"line":82,"column":50},"end":{"line":82,"column":67}}]},"5":{"loc":{"start":{"line":83,"column":6},"end":{"line":85,"column":null}},"type":"if","locations":[{"start":{"line":83,"column":6},"end":{"line":85,"column":null}},{"start":{"line":83,"column":6},"end":{"line":85,"column":null}}]},"6":{"loc":{"start":{"line":93,"column":26},"end":{"line":93,"column":51}},"type":"cond-expr","locations":[{"start":{"line":93,"column":26},"end":{"line":93,"column":51}},{"start":{"line":93,"column":54},"end":{"line":93,"column":59}}]},"7":{"loc":{"start":{"line":97,"column":26},"end":{"line":97,"column":50}},"type":"cond-expr","locations":[{"start":{"line":97,"column":26},"end":{"line":97,"column":50}},{"start":{"line":97,"column":53},"end":{"line":97,"column":55}}]},"8":{"loc":{"start":{"line":101,"column":13},"end":{"line":101,"column":23}},"type":"binary-expr","locations":[{"start":{"line":101,"column":13},"end":{"line":101,"column":23}},{"start":{"line":101,"column":27},"end":{"line":101,"column":60}}]},"9":{"loc":{"start":{"line":105,"column":6},"end":{"line":113,"column":null}},"type":"if","locations":[{"start":{"line":105,"column":6},"end":{"line":113,"column":null}},{"start":{"line":105,"column":6},"end":{"line":113,"column":null}}]}},"s":{"0":1,"1":0,"2":0,"3":0,"4":0,"5":0,"6":0,"7":1,"8":0,"9":1,"10":0,"11":0,"12":0,"13":0,"14":1,"15":0,"16":0,"17":0,"18":1,"19":0,"20":1,"21":0,"22":1,"23":0,"24":1,"25":0,"26":1,"27":0,"28":0,"29":0,"30":0,"31":0,"32":0,"33":0,"34":1,"35":1,"36":1,"37":1,"38":1,"39":1,"40":1},"f":{"0":1,"1":0,"2":0,"3":0,"4":0,"5":0,"6":0,"7":0,"8":0,"9":0},"b":{"0":[0,0],"1":[0,0],"2":[0,0],"3":[0,0],"4":[0,0],"5":[0,0],"6":[0,0],"7":[0,0],"8":[0,0],"9":[0,0]}}
,"/home/jdiaz/Documentos/workspace/egeo/projects/egeo/src/lib/st-breadcrumbs/st-breadcrumbs.interface.ts": {"path":"/home/jdiaz/Documentos/workspace/egeo/projects/egeo/src/lib/st-breadcrumbs/st-breadcrumbs.interface.ts","statementMap":{"0":{"start":{"line":12,"column":0},"end":{"line":12,"column":null}},"1":{"start":{"line":16,"column":0},"end":{"line":16,"column":null}},"2":{"start":{"line":18,"column":0},"end":{"line":18,"column":31}},"3":{"start":{"line":18,"column":31},"end":{"line":18,"column":59}},"4":{"start":{"line":18,"column":59},"end":{"line":18,"column":82}}},"fnMap":{"0":{"name":"(anonymous_0)","decl":{"start":{"line":12,"column":0},"end":{"line":12,"column":null}},"loc":{"start":{"line":12,"column":0},"end":{"line":16,"column":null}}},"1":{"name":"(anonymous_2)","decl":{"start":{"line":18,"column":0},"end":{"line":18,"column":6}},"loc":{"start":{"line":18,"column":28},"end":{"line":18,"column":82}}}},"branchMap":{"0":{"loc":{"start":{"line":18,"column":12},"end":{"line":18,"column":28}},"type":"binary-expr","locations":[{"start":{"line":18,"column":12},"end":{"line":18,"column":28}},{"start":{"line":18,"column":12},"end":{"line":18,"column":31}}]}},"s":{"0":1,"1":1,"2":1,"3":1,"4":1},"f":{"0":1,"1":1},"b":{"0":[1,1]}}
,"/home/jdiaz/Documentos/workspace/egeo/projects/egeo/src/lib/st-breadcrumbs/st-breadcrumbs-item/st-breadcrumbs-item.component.ts": {"path":"/home/jdiaz/Documentos/workspace/egeo/projects/egeo/src/lib/st-breadcrumbs/st-breadcrumbs-item/st-breadcrumbs-item.component.ts","statementMap":{"0":{"start":{"line":18,"column":0},"end":{"line":18,"column":13}},"1":{"start":{"line":20,"column":3},"end":{"line":22,"column":null}},"2":{"start":{"line":21,"column":6},"end":{"line":21,"column":44}},"3":{"start":{"line":25,"column":6},"end":{"line":25,"column":26}},"4":{"start":{"line":28,"column":12},"end":{"line":28,"column":null}},"5":{"start":{"line":18,"column":13},"end":{"line":31,"column":null}},"6":{"start":{"line":31,"column":0},"end":{"line":31,"column":null}}},"fnMap":{"0":{"name":"(anonymous_2)","decl":{"start":{"line":18,"column":0},"end":{"line":18,"column":13}},"loc":{"start":{"line":18,"column":0},"end":{"line":18,"column":13}}},"1":{"name":"(anonymous_4)","decl":{"start":{"line":20,"column":3},"end":{"line":20,"column":7}},"loc":{"start":{"line":20,"column":3},"end":{"line":22,"column":4}}},"2":{"name":"(anonymous_5)","decl":{"start":{"line":24,"column":3},"end":{"line":24,"column":13}},"loc":{"start":{"line":24,"column":26},"end":{"line":26,"column":4}}}},"branchMap":{},"s":{"0":1,"1":2,"2":0,"3":0,"4":1,"5":1,"6":1},"f":{"0":1,"1":0,"2":0},"b":{}}
,"/home/jdiaz/Documentos/workspace/egeo/projects/egeo/src/lib/st-bubble/st-bubble.component.ts": {"path":"/home/jdiaz/Documentos/workspace/egeo/projects/egeo/src/lib/st-bubble/st-bubble.component.ts","statementMap":{"0":{"start":{"line":34,"column":0},"end":{"line":34,"column":13}},"1":{"start":{"line":39,"column":12},"end":{"line":39,"column":36}},"2":{"start":{"line":41,"column":12},"end":{"line":41,"column":50}},"3":{"start":{"line":43,"column":12},"end":{"line":43,"column":39}},"4":{"start":{"line":45,"column":12},"end":{"line":45,"column":39}},"5":{"start":{"line":47,"column":12},"end":{"line":47,"column":40}},"6":{"start":{"line":49,"column":12},"end":{"line":49,"column":36}},"7":{"start":{"line":51,"column":10},"end":{"line":51,"column":60}},"8":{"start":{"line":37,"column":12},"end":{"line":37,"column":null}},"9":{"start":{"line":39,"column":12},"end":{"line":39,"column":null}},"10":{"start":{"line":41,"column":12},"end":{"line":41,"column":null}},"11":{"start":{"line":43,"column":12},"end":{"line":43,"column":null}},"12":{"start":{"line":45,"column":12},"end":{"line":45,"column":null}},"13":{"start":{"line":47,"column":12},"end":{"line":47,"column":null}},"14":{"start":{"line":49,"column":12},"end":{"line":49,"column":null}},"15":{"start":{"line":34,"column":13},"end":{"line":53,"column":null}},"16":{"start":{"line":53,"column":0},"end":{"line":53,"column":null}}},"fnMap":{"0":{"name":"(anonymous_2)","decl":{"start":{"line":34,"column":0},"end":{"line":34,"column":13}},"loc":{"start":{"line":34,"column":0},"end":{"line":34,"column":13}}},"1":{"name":"StBubbleComponent","decl":{"start":{"line":29,"column":0},"end":{"line":29,"column":1}},"loc":{"start":{"line":29,"column":0},"end":{"line":53,"column":null}}}},"branchMap":{},"s":{"0":1,"1":0,"2":0,"3":0,"4":0,"5":0,"6":0,"7":0,"8":1,"9":1,"10":1,"11":1,"12":1,"13":1,"14":1,"15":1,"16":1},"f":{"0":1,"1":0},"b":{}}
,"/home/jdiaz/Documentos/workspace/egeo/projects/egeo/src/lib/st-checkbox/st-checkbox.component.ts": {"path":"/home/jdiaz/Documentos/workspace/egeo/projects/egeo/src/lib/st-checkbox/st-checkbox.component.ts","statementMap":{"0":{"start":{"line":14,"column":46},"end":{"line":19,"column":2}},"1":{"start":{"line":17,"column":33},"end":{"line":17,"column":53}},"2":{"start":{"line":44,"column":0},"end":{"line":44,"column":13}},"3":{"start":{"line":76,"column":14},"end":{"line":76,"column":34}},"4":{"start":{"line":71,"column":13},"end":{"line":71,"column":65}},"5":{"start":{"line":73,"column":11},"end":{"line":73,"column":37}},"6":{"start":{"line":81,"column":3},"end":{"line":81,"column":72}},"7":{"start":{"line":83,"column":3},"end":{"line":83,"column":36}},"8":{"start":{"line":46,"column":12},"end":{"line":48,"column":null}},"9":{"start":{"line":47,"column":6},"end":{"line":47,"column":27}},"10":{"start":{"line":51,"column":6},"end":{"line":54,"column":null}},"11":{"start":{"line":52,"column":9},"end":{"line":52,"column":33}},"12":{"start":{"line":53,"column":9},"end":{"line":53,"column":48}},"13":{"start":{"line":85,"column":3},"end":{"line":87,"column":null}},"14":{"start":{"line":86,"column":6},"end":{"line":86,"column":50}},"15":{"start":{"line":89,"column":3},"end":{"line":97,"column":null}},"16":{"start":{"line":90,"column":6},"end":{"line":96,"column":null}},"17":{"start":{"line":91,"column":9},"end":{"line":95,"column":null}},"18":{"start":{"line":92,"column":12},"end":{"line":92,"column":43}},"19":{"start":{"line":93,"column":12},"end":{"line":93,"column":62}},"20":{"start":{"line":94,"column":12},"end":{"line":94,"column":75}},"21":{"start":{"line":99,"column":3},"end":{"line":101,"column":null}},"22":{"start":{"line":100,"column":6},"end":{"line":100,"column":31}},"23":{"start":{"line":103,"column":3},"end":{"line":106,"column":null}},"24":{"start":{"line":104,"column":6},"end":{"line":104,"column":28}},"25":{"start":{"line":105,"column":6},"end":{"line":105,"column":45}},"26":{"start":{"line":108,"column":3},"end":{"line":110,"column":null}},"27":{"start":{"line":109,"column":6},"end":{"line":109,"column":46}},"28":{"start":{"line":112,"column":3},"end":{"line":114,"column":null}},"29":{"start":{"line":113,"column":6},"end":{"line":113,"column":26}},"30":{"start":{"line":116,"column":3},"end":{"line":119,"column":null}},"31":{"start":{"line":117,"column":6},"end":{"line":117,"column":33}},"32":{"start":{"line":118,"column":6},"end":{"line":118,"column":45}},"33":{"start":{"line":57,"column":12},"end":{"line":57,"column":null}},"34":{"start":{"line":59,"column":12},"end":{"line":59,"column":null}},"35":{"start":{"line":61,"column":12},"end":{"line":61,"column":null}},"36":{"start":{"line":63,"column":12},"end":{"line":63,"column":null}},"37":{"start":{"line":65,"column":12},"end":{"line":65,"column":null}},"38":{"start":{"line":67,"column":12},"end":{"line":67,"column":null}},"39":{"start":{"line":69,"column":12},"end":{"line":69,"column":null}},"40":{"start":{"line":71,"column":13},"end":{"line":71,"column":null}},"41":{"start":{"line":44,"column":13},"end":{"line":121,"column":null}},"42":{"start":{"line":121,"column":0},"end":{"line":121,"column":null}}},"fnMap":{"0":{"name":"(anonymous_2)","decl":{"start":{"line":17,"column":27},"end":{"line":17,"column":33}},"loc":{"start":{"line":17,"column":27},"end":{"line":17,"column":52}}},"1":{"name":"(anonymous_3)","decl":{"start":{"line":44,"column":0},"end":{"line":44,"column":13}},"loc":{"start":{"line":44,"column":0},"end":{"line":44,"column":13}}},"2":{"name":"StCheckboxComponent","decl":{"start":{"line":75,"column":3},"end":{"line":75,"column":null}},"loc":{"start":{"line":76,"column":51},"end":{"line":79,"column":4}}},"3":{"name":"(anonymous_5)","decl":{"start":{"line":81,"column":57},"end":{"line":81,"column":58}},"loc":{"start":{"line":81,"column":63},"end":{"line":81,"column":71}}},"4":{"name":"(anonymous_6)","decl":{"start":{"line":83,"column":26},"end":{"line":83,"column":34}},"loc":{"start":{"line":83,"column":26},"end":{"line":83,"column":35}}},"5":{"name":"(anonymous_7)","decl":{"start":{"line":46,"column":12},"end":{"line":46,"column":16}},"loc":{"start":{"line":46,"column":12},"end":{"line":48,"column":4}}},"6":{"name":"(anonymous_8)","decl":{"start":{"line":50,"column":3},"end":{"line":50,"column":15}},"loc":{"start":{"line":50,"column":31},"end":{"line":55,"column":4}}},"7":{"name":"(anonymous_9)","decl":{"start":{"line":85,"column":3},"end":{"line":85,"column":7}},"loc":{"start":{"line":85,"column":3},"end":{"line":87,"column":4}}},"8":{"name":"(anonymous_10)","decl":{"start":{"line":89,"column":3},"end":{"line":89,"column":14}},"loc":{"start":{"line":89,"column":3},"end":{"line":97,"column":4}}},"9":{"name":"(anonymous_11)","decl":{"start":{"line":99,"column":3},"end":{"line":99,"column":15}},"loc":{"start":{"line":99,"column":29},"end":{"line":101,"column":4}}},"10":{"name":"(anonymous_12)","decl":{"start":{"line":103,"column":3},"end":{"line":103,"column":13}},"loc":{"start":{"line":103,"column":24},"end":{"line":106,"column":4}}},"11":{"name":"(anonymous_13)","decl":{"start":{"line":108,"column":3},"end":{"line":108,"column":19}},"loc":{"start":{"line":108,"column":44},"end":{"line":110,"column":4}}},"12":{"name":"(anonymous_14)","decl":{"start":{"line":112,"column":3},"end":{"line":112,"column":20}},"loc":{"start":{"line":112,"column":28},"end":{"line":114,"column":4}}},"13":{"name":"(anonymous_15)","decl":{"start":{"line":116,"column":3},"end":{"line":116,"column":19}},"loc":{"start":{"line":116,"column":39},"end":{"line":119,"column":4}}}},"branchMap":{"0":{"loc":{"start":{"line":51,"column":6},"end":{"line":54,"column":null}},"type":"if","locations":[{"start":{"line":51,"column":6},"end":{"line":54,"column":null}},{"start":{"line":51,"column":6},"end":{"line":54,"column":null}}]},"1":{"loc":{"start":{"line":86,"column":14},"end":{"line":86,"column":24}},"type":"binary-expr","locations":[{"start":{"line":86,"column":14},"end":{"line":86,"column":24}},{"start":{"line":86,"column":28},"end":{"line":86,"column":37}}]},"2":{"loc":{"start":{"line":90,"column":6},"end":{"line":96,"column":null}},"type":"if","locations":[{"start":{"line":90,"column":6},"end":{"line":96,"column":null}},{"start":{"line":90,"column":6},"end":{"line":96,"column":null}}]},"3":{"loc":{"start":{"line":91,"column":9},"end":{"line":95,"column":null}},"type":"if","locations":[{"start":{"line":91,"column":9},"end":{"line":95,"column":null}},{"start":{"line":91,"column":9},"end":{"line":95,"column":null}}]}},"s":{"0":1,"1":0,"2":1,"3":0,"4":0,"5":0,"6":0,"7":0,"8":2,"9":0,"10":0,"11":0,"12":0,"13":1,"14":0,"15":1,"16":0,"17":0,"18":0,"19":0,"20":0,"21":1,"22":0,"23":1,"24":0,"25":0,"26":1,"27":0,"28":1,"29":0,"30":1,"31":0,"32":0,"33":1,"34":1,"35":1,"36":1,"37":1,"38":1,"39":1,"40":1,"41":1,"42":1},"f":{"0":0,"1":1,"2":0,"3":0,"4":0,"5":0,"6":0,"7":0,"8":0,"9":0,"10":0,"11":0,"12":0,"13":0},"b":{"0":[0,0],"1":[0,0],"2":[0,0],"3":[0,0]}}
,"/home/jdiaz/Documentos/workspace/egeo/projects/egeo/src/lib/st-checkbox/st-checkbox.module.ts": {"path":"/home/jdiaz/Documentos/workspace/egeo/projects/egeo/src/lib/st-checkbox/st-checkbox.module.ts","statementMap":{"0":{"start":{"line":22,"column":0},"end":{"line":22,"column":13}},"1":{"start":{"line":22,"column":13},"end":{"line":23,"column":null}},"2":{"start":{"line":23,"column":0},"end":{"line":23,"column":null}}},"fnMap":{"0":{"name":"(anonymous_1)","decl":{"start":{"line":22,"column":0},"end":{"line":22,"column":13}},"loc":{"start":{"line":22,"column":0},"end":{"line":22,"column":13}}}},"branchMap":{},"s":{"0":1,"1":1,"2":1},"f":{"0":1},"b":{}}
,"/home/jdiaz/Documentos/workspace/egeo/projects/egeo/src/lib/st-color-picker/st-color-picker.component.ts": {"path":"/home/jdiaz/Documentos/workspace/egeo/projects/egeo/src/lib/st-color-picker/st-color-picker.component.ts","statementMap":{"0":{"start":{"line":41,"column":0},"end":{"line":41,"column":13}},"1":{"start":{"line":32,"column":0},"end":{"line":32,"column":1}},"2":{"start":{"line":47,"column":13},"end":{"line":47,"column":71}},"3":{"start":{"line":53,"column":3},"end":{"line":56,"column":null}},"4":{"start":{"line":54,"column":6},"end":{"line":54,"column":25}},"5":{"start":{"line":55,"column":6},"end":{"line":55,"column":39}},"6":{"start":{"line":58,"column":3},"end":{"line":59,"column":null}},"7":{"start":{"line":41,"column":13},"end":{"line":41,"column":null}},"8":{"start":{"line":62,"column":3},"end":{"line":64,"column":null}},"9":{"start":{"line":63,"column":6},"end":{"line":63,"column":28}},"10":{"start":{"line":67,"column":6},"end":{"line":67,"column":29}},"11":{"start":{"line":70,"column":3},"end":{"line":73,"column":null}},"12":{"start":{"line":71,"column":6},"end":{"line":71,"column":30}},"13":{"start":{"line":72,"column":6},"end":{"line":72,"column":27}},"14":{"start":{"line":75,"column":3},"end":{"line":77,"column":null}},"15":{"start":{"line":76,"column":6},"end":{"line":76,"column":37}},"16":{"start":{"line":80,"column":3},"end":{"line":88,"column":null}},"17":{"start":{"line":81,"column":6},"end":{"line":87,"column":null}},"18":{"start":{"line":82,"column":9},"end":{"line":82,"column":32}},"19":{"start":{"line":83,"column":9},"end":{"line":83,"column":42}},"20":{"start":{"line":84,"column":9},"end":{"line":86,"column":null}},"21":{"start":{"line":85,"column":12},"end":{"line":85,"column":43}},"22":{"start":{"line":91,"column":3},"end":{"line":93,"column":null}},"23":{"start":{"line":92,"column":6},"end":{"line":92,"column":25}},"24":{"start":{"line":96,"column":3},"end":{"line":98,"column":null}},"25":{"start":{"line":97,"column":6},"end":{"line":97,"column":26}},"26":{"start":{"line":100,"column":3},"end":{"line":102,"column":null}},"27":{"start":{"line":101,"column":6},"end":{"line":101,"column":31}},"28":{"start":{"line":43,"column":12},"end":{"line":43,"column":null}},"29":{"start":{"line":45,"column":12},"end":{"line":45,"column":null}},"30":{"start":{"line":47,"column":13},"end":{"line":47,"column":null}},"31":{"start":{"line":41,"column":13},"end":{"line":103,"column":null}},"32":{"start":{"line":37,"column":66},"end":{"line":37,"column":89}},"33":{"start":{"line":103,"column":0},"end":{"line":103,"column":null}}},"fnMap":{"0":{"name":"(anonymous_2)","decl":{"start":{"line":41,"column":0},"end":{"line":41,"column":13}},"loc":{"start":{"line":41,"column":0},"end":{"line":41,"column":13}}},"1":{"name":"StColorPickerComponent","decl":{"start":{"line":32,"column":0},"end":{"line":32,"column":1}},"loc":{"start":{"line":32,"column":0},"end":{"line":103,"column":null}}},"2":{"name":"(anonymous_4)","decl":{"start":{"line":53,"column":14},"end":{"line":53,"column":15}},"loc":{"start":{"line":53,"column":24},"end":{"line":56,"column":4}}},"3":{"name":"(anonymous_5)","decl":{"start":{"line":58,"column":15},"end":{"line":58,"column":null}},"loc":{"start":{"line":58,"column":15},"end":{"line":59,"column":4}}},"4":{"name":"(anonymous_6)","decl":{"start":{"line":62,"column":3},"end":{"line":62,"column":7}},"loc":{"start":{"line":62,"column":3},"end":{"line":64,"column":4}}},"5":{"name":"(anonymous_7)","decl":{"start":{"line":66,"column":3},"end":{"line":66,"column":16}},"loc":{"start":{"line":66,"column":29},"end":{"line":68,"column":4}}},"6":{"name":"(anonymous_8)","decl":{"start":{"line":70,"column":3},"end":{"line":70,"column":16}},"loc":{"start":{"line":70,"column":30},"end":{"line":73,"column":4}}},"7":{"name":"(anonymous_9)","decl":{"start":{"line":75,"column":3},"end":{"line":75,"column":13}},"loc":{"start":{"line":75,"column":27},"end":{"line":77,"column":4}}},"8":{"name":"(anonymous_10)","decl":{"start":{"line":80,"column":3},"end":{"line":80,"column":13}},"loc":{"start":{"line":80,"column":27},"end":{"line":88,"column":4}}},"9":{"name":"(anonymous_11)","decl":{"start":{"line":91,"column":3},"end":{"line":91,"column":19}},"loc":{"start":{"line":91,"column":40},"end":{"line":93,"column":4}}},"10":{"name":"(anonymous_12)","decl":{"start":{"line":96,"column":3},"end":{"line":96,"column":20}},"loc":{"start":{"line":96,"column":35},"end":{"line":98,"column":4}}},"11":{"name":"(anonymous_13)","decl":{"start":{"line":100,"column":3},"end":{"line":100,"column":19}},"loc":{"start":{"line":100,"column":36},"end":{"line":102,"column":4}}},"12":{"name":"(anonymous_14)","decl":{"start":{"line":37,"column":60},"end":{"line":37,"column":66}},"loc":{"start":{"lin
[...]
,"/home/jdiaz/Documentos/workspace/egeo/projects/egeo/src/lib/utils/window-service.ts": {"path":"/home/jdiaz/Documentos/workspace/egeo/projects/egeo/src/lib/utils/window-service.ts","statementMap":{"0":{"start":{"line":14,"column":3},"end":{"line":14,"column":17}},"1":{"start":{"line":18,"column":0},"end":{"line":18,"column":13}},"2":{"start":{"line":19,"column":3},"end":{"line":21,"column":null}},"3":{"start":{"line":20,"column":6},"end":{"line":20,"column":25}},"4":{"start":{"line":18,"column":13},"end":{"line":22,"column":null}},"5":{"start":{"line":22,"column":0},"end":{"line":22,"column":null}}},"fnMap":{"0":{"name":"getWindow","decl":{"start":{"line":13,"column":9},"end":{"line":13,"column":18}},"loc":{"start":{"line":13,"column":18},"end":{"line":15,"column":1}}},"1":{"name":"(anonymous_2)","decl":{"start":{"line":18,"column":0},"end":{"line":18,"column":13}},"loc":{"start":{"line":18,"column":0},"end":{"line":18,"column":13}}},"2":{"name":"(anonymous_4)","decl":{"start":{"line":19,"column":3},"end":{"line":19,"column":7}},"loc":{"start":{"line":19,"column":3},"end":{"line":21,"column":4}}}},"branchMap":{},"s":{"0":0,"1":1,"2":1,"3":0,"4":1,"5":1},"f":{"0":0,"1":1,"2":0},"b":{}}
,"/home/jdiaz/Documentos/workspace/egeo/projects/egeo/src/lib/utils/demo-generator/demo-generator.interface.ts": {"path":"/home/jdiaz/Documentos/workspace/egeo/projects/egeo/src/lib/utils/demo-generator/demo-generator.interface.ts","statementMap":{"0":{"start":{"line":13,"column":0},"end":{"line":13,"column":null}},"1":{"start":{"line":17,"column":0},"end":{"line":17,"column":null}}},"fnMap":{"0":{"name":"(anonymous_0)","decl":{"start":{"line":13,"column":0},"end":{"line":13,"column":null}},"loc":{"start":{"line":13,"column":0},"end":{"line":17,"column":null}}}},"branchMap":{},"s":{"0":1,"1":1},"f":{"0":1},"b":{}}
,"/home/jdiaz/Documentos/workspace/egeo/projects/egeo/src/lib/utils/demo-generator/demo-generator.ts": {"path":"/home/jdiaz/Documentos/workspace/egeo/projects/egeo/src/lib/utils/demo-generator/demo-generator.ts","statementMap":{"0":{"start":{"line":41,"column":0},"end":{"line":41,"column":13}},"1":{"start":{"line":51,"column":14},"end":{"line":51,"column":19}},"2":{"start":{"line":52,"column":14},"end":{"line":52,"column":22}},"3":{"start":{"line":54,"column":6},"end":{"line":54,"column":34}},"4":{"start":{"line":55,"column":6},"end":{"line":55,"column":36}},"5":{"start":{"line":56,"column":6},"end":{"line":56,"column":44}},"6":{"start":{"line":60,"column":3},"end":{"line":64,"column":null}},"7":{"start":{"line":61,"column":6},"end":{"line":63,"column":null}},"8":{"start":{"line":62,"column":9},"end":{"line":62,"column":37}},"9":{"start":{"line":66,"column":3},"end":{"line":70,"column":null}},"10":{"start":{"line":67,"column":6},"end":{"line":69,"column":null}},"11":{"start":{"line":68,"column":9},"end":{"line":68,"column":25}},"12":{"start":{"line":72,"column":11},"end":{"line":79,"column":null}},"13":{"start":{"line":73,"column":6},"end":{"line":78,"column":null}},"14":{"start":{"line":74,"column":9},"end":{"line":74,"column":29}},"15":{"start":{"line":75,"column":27},"end":{"line":75,"column":75}},"16":{"start":{"line":76,"column":9},"end":{"line":76,"column":70}},"17":{"start":{"line":77,"column":9},"end":{"line":77,"column":41}},"18":{"start":{"line":82,"column":11},"end":{"line":98,"column":null}},"19":{"start":{"line":82,"column":3},"end":{"line":82,"column":11}},"20":{"start":{"line":84,"column":6},"end":{"line":86,"column":null}},"21":{"start":{"line":85,"column":9},"end":{"line":85,"column":104}},"22":{"start":{"line":85,"column":45},"end":{"line":85,"column":103}},"23":{"start":{"line":89,"column":6},"end":{"line":95,"column":null}},"24":{"start":{"line":90,"column":9},"end":{"line":94,"column":12}},"25":{"start":{"line":91,"column":12},"end":{"line":93,"column":null}},"26":{"start":{"line":92,"column":15},"end":{"line":92,"column":83}},"27":{"start":{"line":97,"column":6},"end":{"line":97,"column":58}},"28":{"start":{"line":42,"column":56},"end":{"line":42,"column":null}},"29":{"start":{"line":41,"column":13},"end":{"line":99,"column":null}},"30":{"start":{"line":99,"column":0},"end":{"line":99,"column":null}}},"fnMap":{"0":{"name":"(anonymous_2)","decl":{"start":{"line":41,"column":0},"end":{"line":41,"column":13}},"loc":{"start":{"line":41,"column":0},"end":{"line":41,"column":13}}},"1":{"name":"StDemoGenerator","decl":{"start":{"line":50,"column":3},"end":{"line":50,"column":null}},"loc":{"start":{"line":52,"column":44},"end":{"line":57,"column":4}}},"2":{"name":"(anonymous_4)","decl":{"start":{"line":60,"column":3},"end":{"line":60,"column":14}},"loc":{"start":{"line":60,"column":3},"end":{"line":64,"column":4}}},"3":{"name":"(anonymous_5)","decl":{"start":{"line":66,"column":3},"end":{"line":66,"column":18}},"loc":{"start":{"line":66,"column":3},"end":{"line":70,"column":4}}},"4":{"name":"(anonymous_6)","decl":{"start":{"line":72,"column":3},"end":{"line":72,"column":11}},"loc":{"start":{"line":72,"column":3},"end":{"line":79,"column":4}}},"5":{"name":"(anonymous_7)","decl":{"start":{"line":82,"column":3},"end":{"line":82,"column":11}},"loc":{"start":{"line":82,"column":3},"end":{"line":98,"column":4}}},"6":{"name":"(anonymous_8)","decl":{"start":{"line":85,"column":38},"end":{"line":85,"column":41}},"loc":{"start":{"line":85,"column":41},"end":{"line":85,"column":49}}},"7":{"name":"(anonymous_9)","decl":{"start":{"line":90,"column":39},"end":{"line":90,"column":42}},"loc":{"start":{"line":90,"column":42},"end":{"line":94,"column":10}}}},"branchMap":{"0":{"loc":{"start":{"line":61,"column":6},"end":{"line":63,"column":null}},"type":"if","locations":[{"start":{"line":61,"column":6},"end":{"line":63,"column":null}},{"start":{"line":61,"column":6},"end":{"line":63,"column":null}}]},"1":{"loc":{"start":{"line":67,"column":6},"end":{"line":69,"column":null}},"type":"if","locations":[{"start":{"line":67,"column":6},"end":{"line":69,"column":null}},{"start":{"line":67,"column":6},"end":{"line":69,"column":null}}]},"2":{"loc":{"start":{"line":73,"column":6},"end":{"line":78,"column":null}},"type":"if","locations":[{"start":{"line":73,"column":6},"end":{"line":78,"column":null}},{"start":{"line":73,"column":6},"end":{"line":78,"column":null}}]},"3":{"loc":{"start":{"line":84,"column":6},"end":{"line":86,"column":null}},"type":"if","locations":[{"start":{"line":84,"column":6},"end":{"line":86,"column":null}},{"start":{"line":84,"column":6},"end":{"line":86,"column":null}}]},"4":{"loc":{"start":{"line":89,"column":6},"end":{"line":95,"column":null}},"type":"if","locations":[{"start":{"line":89,"column":6},"end":{"line":95,"column":null}},{"start":{"line":89,"column":6},"end":{"line":95,"column":null}}]},"5":{"loc":{"start":{"line":91,"column":12},"end":{"line":93,"column":null}},"type":"if","locations":[{"start":{"line":91,"column":12},"end":{"line":93,"column":null}},{"start":{"line":91,"column":12},"end":{"line":93,"column":null}}]}},"s":{"0":1,"1":0,"2":0,"3":0,"4":0,"5":0,"6":1,"7":0,"8":0,"9":1,"10":0,"11":0,"12":1,"13":0,"14":0,"15":0,"16":0,"17":0,"18":1,"19":0,"20":0,"21":0,"22":0,"23":0,"24":0,"25":0,"26":0,"27":0,"28":1,"29":1,"30":1},"f":{"0":1,"1":0,"2":0,"3":0,"4":0,"5":0,"6":0,"7":0},"b":{"0":[0,0],"1":[0,0],"2":[0,0],"3":[0,0],"4":[0,0],"5":[0,0]}}
,"/home/jdiaz/Documentos/workspace/egeo/projects/egeo/src/lib/utils/egeo-resolver/egeo-resolve.service.ts": {"path":"/home/jdiaz/Documentos/workspace/egeo/projects/egeo/src/lib/utils/egeo-resolver/egeo-resolve.service.ts","statementMap":{"0":{"start":{"line":31,"column":0},"end":{"line":31,"column":13}},"1":{"start":{"line":33,"column":3},"end":{"line":35,"column":null}},"2":{"start":{"line":34,"column":6},"end":{"line":34,"column":59}},"3":{"start":{"line":37,"column":3},"end":{"line":39,"column":null}},"4":{"start":{"line":38,"column":6},"end":{"line":38,"column":82}},"5":{"start":{"line":38,"column":36},"end":{"line":38,"column":81}},"6":{"start":{"line":41,"column":3},"end":{"line":54,"column":null}},"7":{"start":{"line":41,"column":3},"end":{"line":41,"column":12}},"8":{"start":{"line":42,"column":37},"end":{"line":42,"column":70}},"9":{"start":{"line":44,"column":6},"end":{"line":53,"column":null}},"10":{"start":{"line":45,"column":37},"end":{"line":45,"column":70}},"11":{"start":{"line":46,"column":9},"end":{"line":47,"column":95}},"12":{"start":{"line":47,"column":33},"end":{"line":47,"column":93}},"13":{"start":{"line":49,"column":9},"end":{"line":52,"column":12}},"14":{"start":{"line":50,"column":12},"end":{"line":50,"column":34}},"15":{"start":{"line":51,"column":12},"end":{"line":51,"column":32}},"16":{"start":{"line":56,"column":3},"end":{"line":59,"column":null}},"17":{"start":{"line":56,"column":3},"end":{"line":56,"column":23}},"18":{"start":{"line":57,"column":6},"end":{"line":58,"column":83}},"19":{"start":{"line":58,"column":30},"end":{"line":58,"column":81}},"20":{"start":{"line":61,"column":11},"end":{"line":63,"column":null}},"21":{"start":{"line":62,"column":6},"end":{"line":62,"column":85}},"22":{"start":{"line":62,"column":40},"end":{"line":62,"column":84}},"23":{"start":{"line":65,"column":11},"end":{"line":73,"column":null}},"24":{"start":{"line":65,"column":3},"end":{"line":65,"column":11}},"25":{"start":{"line":66,"column":19},"end":{"line":66,"column":37}},"26":{"start":{"line":67,"column":6},"end":{"line":71,"column":null}},"27":{"start":{"line":68,"column":9},"end":{"line":70,"column":12}},"28":{"start":{"line":69,"column":12},"end":{"line":69,"column":104}},"29":{"start":{"line":72,"column":6},"end":{"line":72,"column":20}},"30":{"start":{"line":75,"column":11},"end":{"line":78,"column":null}},"31":{"start":{"line":76,"column":34},"end":{"line":76,"column":132}},"32":{"start":{"line":77,"column":6},"end":{"line":77,"column":111}},"33":{"start":{"line":80,"column":11},"end":{"line":82,"column":null}},"34":{"start":{"line":81,"column":6},"end":{"line":81,"column":94}},"35":{"start":{"line":81,"column":35},"end":{"line":81,"column":93}},"36":{"start":{"line":84,"column":11},"end":{"line":103,"column":null}},"37":{"start":{"line":84,"column":3},"end":{"line":84,"column":11}},"38":{"start":{"line":84,"column":70},"end":{"line":84,"column":null}},"39":{"start":{"line":85,"column":39},"end":{"line":85,"column":41}},"40":{"start":{"line":86,"column":6},"end":{"line":94,"column":null}},"41":{"start":{"line":87,"column":9},"end":{"line":93,"column":null}},"42":{"start":{"line":88,"column":12},"end":{"line":90,"column":null}},"43":{"start":{"line":89,"column":15},"end":{"line":89,"column":56}},"44":{"start":{"line":92,"column":12},"end":{"line":92,"column":53}},"45":{"start":{"line":95,"column":14},"end":{"line":95,"column":15}},"46":{"start":{"line":96,"column":6},"end":{"line":101,"column":9}},"47":{"start":{"line":97,"column":9},"end":{"line":99,"column":null}},"48":{"start":{"line":98,"column":12},"end":{"line":98,"column":121}},"49":{"start":{"line":100,"column":9},"end":{"line":100,"column":13}},"50":{"start":{"line":102,"column":6},"end":{"line":102,"column":20}},"51":{"start":{"line":106,"column":11},"end":{"line":113,"column":null}},"52":{"start":{"line":107,"column":6},"end":{"line":111,"column":null}},"53":{"start":{"line":108,"column":9},"end":{"line":108,"column":46}},"54":{"start":{"line":110,"column":9},"end":{"line":110,"column":71}},"55":{"start":{"line":112,"column":6},"end":{"line":112,"column":24}},"56":{"start":{"line":115,"column":11},"end":{"line":117,"column":null}},"57":{"start":{"line":116,"column":6},"end":{"line":116,"column":72}},"58":{"start":{"line":31,"column":13},"end":{"line":118,"column":null}},"59":{"start":{"line":118,"column":0},"end":{"line":118,"column":null}}},"fnMap":{"0":{"name":"(anonymous_1)","decl":{"start":{"line":31,"column":0},"end":{"line":31,"column":13}},"loc":{"start":{"line":31,"column":0},"end":{"line":31,"column":13}}},"1":{"name":"(anonymous_3)","decl":{"start":{"line":33,"column":3},"end":{"line":33,"column":10}},"loc":{"start":{"line":33,"column":56},"end":{"line":35,"column":4}}},"2":{"name":"(anonymous_4)","decl":{"start":{"line":37,"column":3},"end":{"line":37,"column":10}},"loc":{"start":{"line":37,"column":52},"end":{"line":39,"column":4}}},"3":{"name":"(anonymous_5)","decl":{"start":{"line":38,"column":23},"end":{"line":38,"column":24}},"loc":{"start":{"line":38,"column":31},"end":{"line":38,"column":40}}},"4":{"name":"(anonymous_6)","decl":{"start":{"line":41,"column":3},"end":{"line":41,"column":12}},"loc":{"start":{"line":41,"column":64},"end":{"line":54,"column":4}}},"5":{"name":"(anonymous_7)","decl":{"start":{"line":47,"column":16},"end":{"line":47,"column":17}},"loc":{"start":{"line":47,"column":28},"end":{"line":47,"column":37}}},"6":{"name":"(anonymous_8)","decl":{"start":{"line":49,"column":34},"end":{"line":49,"column":35}},"loc":{"start":{"line":49,"column":58},"end":{"line":52,"column":10}}},"7":{"name":"(anonymous_9)","decl":{"start":{"line":56,"column":3},"end":{"line":56,"column":23}},"loc":{"start":{"line":56,"column":78},"end":{"line":59,"column":4}}},"8":{"name":"(anonymous_10)","decl":{"start":{"line":58,"column":13},"end":{"line":58,"column":14}},"loc":{"start":{"line":58,"column":25},"end":{"line":58,"column":34}}},"9":{"name":"(anonymous_11)","decl":{"start":{"line":61,"column":3},"end":{"line":61,"column":11}},"loc":{"start":{"line":61,"column":102},"end":{"line":63,"column":4}}},"10":{"name":"(anonymous_12)","decl":{"start":{"line":62,"column":31},"end":{"line":62,"column":32}},"loc":{"start":{"line":62,"column":35},"end":{"line":62,"column":52}}},"11":{"name":"(anonymous_13)","decl":{"start":{"line":65,"column":3},"end":{"line":65,"column":11}},"loc":{"start":{"line":65,"column":125},"end":{"line":73,"column":4}}},"12":{"name":"(anonymous_14)","decl":{"start":{"line":68,"column":32},"end":{"line":68,"column":33}},"loc":{"start":{"line":68,"column":42},"end":{"line":70,"column":10}}},"13":{"name":"(anonymous_15)","decl":{"start":{"line":75,"column":3},"end":{"line":75,"column":11}},"loc":{"start":{"line":75,"column":113},"end":{"line":78,"column":4}}},"14":{"name":"(anonymous_16)","decl":{"start":{"line":80,"column":3},"end":{"line":80,"column":11}},"loc":{"start":{"line":80,"column":58},"end":{"line":82,"column":4}}},"15":{"name":"(anonymous_17)","decl":{"start":{"line":81,"column":22},"end":{"line":81,"column":23}},"loc":{"start":{"line":81,"column":30},"end":{"line":81,"column":43}}},"16":{"name":"(anonymous_18)","decl":{"start":{"line":84,"column":3},"end":{"line":84,"column":11}},"loc":{"start":{"line":84,"column":87},"end":{"line":103,"column":4}}},"17":{"name":"(anonymous_19)","decl":{"start":{"line":96,"column":23},"end":{"line":96,"column":24}},"loc":{"start":{"line":96,"column":37},"end":{"line":101,"column":7}}},"18":{"name":"(anonymous_20)","decl":{"start":{"line":106,"column":3},"end":{"line":106,"column":11}},"loc":{"start":{"line":106,"column":73},"end":{"line":113,"column":4}}},"19":{"name":"(anonymous_21)","decl":{"start":{"line":115,"column":3},"end":{"line":115,"column":11}},"loc":{"start":{"line":115,"column":29},"end":{"line":117,"column":4}}}},"branchMap":{"0":{"loc":{"start":{"line":44,"column":6},"end":{"line":53,"column":null}},"type":"if","locations":[{"start":{"line":44,"column":6},"end":{"line":53,"column":null}},{"start":{"line":44,"column":6},"end":{"line":53,"column":null}}]},"1":{"loc":{"start":{"line":44,"column":10},"end":{"line":44,"column":14}},"type":"binary-expr","locations":[{"start":{"line":44,"column":10},"end":{"line":44,"column":14}},{"start":{"line":44,"column":18},"end":{"line":44,"column":33}}]},"2":{"loc":{"start":{"line":62,"column":60},"end":{"line":62,"column":77}},"type":"cond-expr","locations":[{"start":{"line":62,"column":60},"end":{"line":62,"column":77}},{"start":{"line":62,"column":80},"end":{"line":62,"column":83}}]},"3":{"loc":{"start":{"line":67,"column":6},"end":{"line":71,"column":null}},"type":"if","locations":[{"start":{"line":67,"column":6},"end":{"line":71,"column":null}},{"start":{"line":67,"column":6},"end":{"line":71,"column":null}}]},"4":{"loc":{"start":{"line":67,"column":10},"end":{"line":67,"column":22}},"type":"binary-expr","locations":[{"start":{"line":67,"column":10},"end":{"line":67,"column":22}},{"start":{"line":67,"column":26},"end":{"line":67,"column":56}}]},"5":{"loc":{"start":{"line":76,"column":102},"end":{"line":76,"column":127}},"type":"cond-expr","locations":[{"start":{"line":76,"column":102},"end":{"line":76,"column":127}},{"start":{"line":76,"column":130},"end":{"line":76,"column":132}}]},"6":{"loc":{"start":{"line":76,"column":34},"end":{"line":76,"column":45}},"type":"binary-expr","locations":[{"start":{"line":76,"column":34},"end":{"line":76,"column":45}},{"start":{"line":76,"column":49},"end":{"line":76,"column":70}},{"start":{"line":76,"column":74},"end":{"line":76,"column":99}}]},"7":{"loc":{"start":{"line":77,"column":51},"end":{"line":77,"column":86}},"type":"cond-expr","locations":[{"start":{"line":77,"column":51},"end":{"line":77,"column":86}},{"start":{"line":77,"column":89},"end":{"line":77,"column":110}}]},"8":{"loc":{"start":{"line":84,"column":70},"end":{"line":84,"column":null}},"type":"if","locations":[{"start":{"line":84,"column":70},"end":{"line":84,"column":null}},{"start":{"line":84,"column":70},"end":{"line":84,"column":null}}]},"9":{"loc":{"start":{"line":86,"column":6},"end":{"line":94,"column":null}},"type":"if","locations":[{"start":{"line":86,"column":6},"end":{"line":94,"column":null}},{"start":{"line":86,"column":6},"end":{"line":94,"column":null}}]},"10":{"loc":{"start":{"line":87,"column":9},"end":{"line":93,"column":null}},"type":"if","locations":[{"start":{"line":87,"column":9},"end":{"line":93,"column":null}},{"start":{"line":87,"column":9},"end":{"line":93,"column":null}}]},"11":{"loc":{"start":{"line":88,"column":12},"end":{"line":90,"column":null}},"type":"if","locations":[{"start":{"line":88,"column":12},"end":{"line":90,"column":null}},{"start":{"line":88,"column":12},"end":{"line":90,"column":null}}]},"12":{"loc":{"start":{"line":97,"column":9},"end":{"line":99,"column":null}},"type":"if","locations":[{"start":{"line":97,"column":9},"end":{"line":99,"column":null}},{"start":{"line":97,"column":9},"end":{"line":99,"column":null}}]},"13":{"loc":{"start":{"line":107,"column":6},"end":{"line":111,"column":null}},"type":"if","locations":[{"start":{"line":107,"column":6},"end":{"line":111,"column":null}},{"start":{"line":107,"column":6},"end":{"line":111,"column":null}}]},"14":{"loc":{"start":{"line":110,"column":42},"end":{"line":110,"column":45}},"type":"cond-expr","locations":[{"start":{"line":110,"column":42},"end":{"line":110,"column":45}},{"start":{"line":110,"column":51},"end":{"line":110,"column":70}}]}},"s":{"0":1,"1":1,"2":0,"3":1,"4":0,"5":0,"6":1,"7":0,"8":0,"9":0,"10":0,"11":0,"12":0,"13":0,"14":0,"15":0,"16":1,"17":0,"18":0,"19":0,"20":1,"21":0,"22":0,"23":1,"24":0,"25":0,"26":0,"27":0,"28":0,"29":0,"30":1,"31":0,"32":0,"33":1,"34":0,"35":0,"36":1,"37":0,"38":0,"39":0,"40":0,"41":0,"42":0,"43":0,"44":0,"45":0,"46":0,"47":0,"48":0,"49":0,"50":0,"51":1,"52":0,"53":0,"54":0,"55":0,"56":1,"57":0,"58":1,"59":1},"f":{"0":1,"1":0,"2":0,"3":0,"4":0,"5":0,"6":0,"7":0,"8":0,"9":0,"10":0,"11":0,"12":0,"13":0,"14":0,"15":0,"16":0,"17":0,"18":0,"19":0},"b":{"0":[0,0],"1":[0,0],"2":[0,0],"3":[0,0],"4":[0,0],"5":[0,0],"6":[0,0,0],"7":[0,0],"8":[0,0],"9":[0,0],"10":[0,0],"11":[0,0],"12":[0,0],"13":[0,0],"14":[0,0]}}
}
