TN:
SF:/home/jdiaz/Documentos/workspace/egeo/projects/egeo/src/test.ts
FNF:0
FNH:0
DA:20,1
DA:25,1
DA:27,1
LF:3
LH:3
BRF:0
BRH:0
end_of_record
TN:
SF:/home/jdiaz/Documentos/workspace/egeo/projects/egeo/src/lib/decorators/require-decorators.ts
FN:28,StRequired
FN:29,(anonymous_1)
FN:41,StDeprecated
FN:42,(anonymous_3)
FN:54,StEgeo
FN:55,(anonymous_5)
FN:58,(anonymous_6)
FN:64,(anonymous_7)
FN:72,checkDeprecated
FN:75,(anonymous_9)
FN:87,checkRequired
FN:95,getKeys
FN:96,(anonymous_12)
FN:108,checkConditionMetadata
FNF:14
FNH:4
FNDA:19,StRequired
FNDA:19,(anonymous_1)
FNDA:0,StDeprecated
FNDA:0,(anonymous_3)
FNDA:9,StEgeo
FNDA:9,(anonymous_5)
FNDA:0,(anonymous_6)
FNDA:0,(anonymous_7)
FNDA:0,checkDeprecated
FNDA:0,(anonymous_9)
FNDA:0,checkRequired
FNDA:0,getKeys
FNDA:0,(anonymous_12)
FNDA:0,checkConditionMetadata
DA:15,1
DA:29,19
DA:30,19
DA:31,19
DA:32,19
DA:33,19
DA:34,1
DA:37,19
DA:42,0
DA:43,0
DA:44,0
DA:45,0
DA:46,0
DA:47,0
DA:50,0
DA:55,9
DA:56,9
DA:57,9
DA:58,5
DA:59,0
DA:60,0
DA:61,0
DA:64,4
DA:65,0
DA:66,0
DA:73,0
DA:74,0
DA:75,0
DA:76,0
DA:77,0
DA:78,0
DA:79,0
DA:80,0
DA:88,0
DA:89,0
DA:90,0
DA:91,0
DA:96,0
DA:97,0
DA:98,0
DA:99,0
DA:101,0
DA:102,0
DA:104,0
DA:109,0
DA:110,0
DA:112,0
LF:47
LH:13
BRDA:30,0,0,19
BRDA:30,0,1,11
BRDA:31,1,0,19
BRDA:31,1,1,0
BRDA:31,1,2,19
BRDA:33,2,0,1
BRDA:33,2,1,18
BRDA:43,3,0,0
BRDA:43,3,1,0
BRDA:44,4,0,0
BRDA:44,4,1,0
BRDA:44,4,2,0
BRDA:46,5,0,0
BRDA:46,5,1,0
BRDA:57,6,0,5
BRDA:57,6,1,4
BRDA:74,7,0,0
BRDA:74,7,1,0
BRDA:76,8,0,0
BRDA:76,8,1,0
BRDA:77,9,0,0
BRDA:77,9,1,0
BRDA:79,10,0,0
BRDA:79,10,1,0
BRDA:89,11,0,0
BRDA:89,11,1,0
BRDA:97,12,0,0
BRDA:97,12,1,0
BRDA:98,13,0,0
BRDA:98,13,1,0
BRDA:101,14,0,0
BRDA:101,14,1,0
BRDA:109,15,0,0
BRDA:109,15,1,0
BRF:34
BRH:8
end_of_record
TN:
SF:/home/jdiaz/Documentos/workspace/egeo/projects/egeo/src/lib/directives/form/form-directives.module.ts
FN:28,(anonymous_1)
FNF:1
FNH:1
FNDA:1,(anonymous_1)
DA:17,1
DA:28,1
DA:29,1
LF:3
LH:3
BRF:0
BRH:0
end_of_record
TN:
SF:/home/jdiaz/Documentos/workspace/egeo/projects/egeo/src/lib/directives/form/st-max-validator/st-max-validator.ts
FN:21,(anonymous_2)
FN:27,(anonymous_4)
FN:34,(anonymous_5)
FN:38,(anonymous_6)
FN:42,(anonymous_7)
FN:17,(anonymous_8)
FNF:6
FNH:1
FNDA:1,(anonymous_2)
FNDA:0,(anonymous_4)
FNDA:0,(anonymous_5)
FNDA:0,(anonymous_6)
FNDA:0,(anonymous_7)
FNDA:0,(anonymous_8)
DA:17,0
DA:21,1
DA:22,1
DA:27,1
DA:28,0
DA:29,0
DA:30,0
DA:34,1
DA:35,0
DA:38,1
DA:39,0
DA:42,1
DA:43,0
DA:45,1
LF:14
LH:7
BRDA:28,0,0,0
BRDA:28,0,1,0
BRDA:30,1,0,0
BRDA:30,1,1,0
BRDA:35,2,0,0
BRDA:35,2,1,0
BRF:6
BRH:0
end_of_record
TN:
SF:/home/jdiaz/Documentos/workspace/egeo/projects/egeo/src/lib/directives/form/st-min-validator/st-min-validator.ts
FN:20,(anonymous_2)
FN:27,(anonymous_4)
FN:34,(anonymous_5)
FN:38,(anonymous_6)
FN:42,(anonymous_7)
FN:17,(anonymous_8)
FNF:6
FNH:1
FNDA:1,(anonymous_2)
FNDA:0,(anonymous_4)
FNDA:0,(anonymous_5)
FNDA:0,(anonymous_6)
FNDA:0,(anonymous_7)
FNDA:0,(anonymous_8)
DA:17,0
DA:20,1
DA:21,1
DA:27,1
DA:28,0
DA:29,0
DA:30,0
DA:34,1
DA:35,0
DA:38,1
DA:39,0
DA:42,1
DA:43,0
DA:45,1
LF:14
LH:7
BRDA:28,0,0,0
BRDA:28,0,1,0
BRDA:30,1,0,0
BRDA:30,1,1,0
BRDA:35,2,0,0
BRDA:35,2,1,0
BRF:6
BRH:0
end_of_record
TN:
SF:/home/jdiaz/Documentos/workspace/egeo/projects/egeo/src/lib/directives/st-click-outside/st-click-outside.directive.ts
FN:14,(anonymous_2)
FN:17,StClickOutside
FN:20,(anonymous_4)
FNF:3
FNH:2
FNDA:1,(anonymous_2)
FNDA:10,StClickOutside
FNDA:0,(anonymous_4)
DA:14,1
DA:15,10
DA:17,10
DA:20,1
DA:21,0
DA:22,0
DA:23,0
DA:26,1
LF:8
LH:5
BRDA:22,0,0,0
BRDA:22,0,1,0
BRDA:22,1,0,0
BRDA:22,1,1,0
BRF:4
BRH:0
end_of_record
TN:
SF:/home/jdiaz/Documentos/workspace/egeo/projects/egeo/src/lib/directives/st-click-outside/st-click-outside.module.ts
FN:20,(anonymous_1)
FNF:1
FNH:1
FNDA:11,(anonymous_1)
DA:20,1
LF:1
LH:1
BRF:0
BRH:0
end_of_record
TN:
SF:/home/jdiaz/Documentos/workspace/egeo/projects/egeo/src/lib/directives/st-input-adjustable/st-input-adjustable.ts
FN:22,(anonymous_2)
FN:28,StInputAdjustable
FN:32,(anonymous_4)
FN:34,(anonymous_5)
FN:37,(anonymous_6)
FN:43,(anonymous_7)
FNF:6
FNH:1
FNDA:1,(anonymous_2)
FNDA:0,StInputAdjustable
FNDA:0,(anonymous_4)
FNDA:0,(anonymous_5)
FNDA:0,(anonymous_6)
FNDA:0,(anonymous_7)
DA:22,1
DA:23,1
DA:28,0
DA:29,0
DA:32,1
DA:33,0
DA:34,0
DA:35,0
DA:36,0
DA:37,0
DA:38,0
DA:43,1
DA:44,0
DA:45,0
DA:46,0
DA:48,0
DA:49,0
DA:50,0
DA:51,0
DA:54,0
DA:55,0
DA:56,0
DA:57,0
DA:58,0
DA:59,0
DA:60,0
DA:63,1
LF:27
LH:5
BRDA:35,0,0,0
BRDA:35,0,1,0
BRDA:44,1,0,0
BRDA:44,1,1,0
BRDA:49,2,0,0
BRDA:49,2,1,0
BRF:6
BRH:0
end_of_record
TN:
SF:/home/jdiaz/Documentos/workspace/egeo/projects/egeo/src/lib/pipes/pipes.module.ts
FN:22,(anonymous_1)
FNF:1
FNH:1
FNDA:1,(anonymous_1)
DA:22,1
LF:1
LH:1
BRF:0
BRH:0
end_of_record
TN:
SF:/home/jdiaz/Documentos/workspace/egeo/projects/egeo/src/lib/pipes/search-filter/search-filter.pipe.ts
FN:16,(anonymous_1)
FN:17,(anonymous_3)
FN:23,(anonymous_4)
FN:29,(anonymous_5)
FN:36,(anonymous_6)
FN:40,(anonymous_7)
FN:44,(anonymous_8)
FNF:7
FNH:1
FNDA:1,(anonymous_1)
FNDA:0,(anonymous_3)
FNDA:0,(anonymous_4)
FNDA:0,(anonymous_5)
FNDA:0,(anonymous_6)
FNDA:0,(anonymous_7)
FNDA:0,(anonymous_8)
DA:16,1
DA:17,1
DA:18,0
DA:19,0
DA:20,0
DA:22,0
DA:23,0
DA:25,0
DA:29,1
DA:30,0
DA:31,0
DA:33,0
DA:36,1
DA:37,0
DA:40,1
DA:41,0
DA:44,1
DA:45,0
DA:46,0
DA:49,1
LF:20
LH:7
BRDA:19,0,0,0
BRDA:19,0,1,0
BRDA:22,1,0,0
BRDA:22,1,1,0
BRDA:22,2,0,0
BRDA:22,2,1,0
BRDA:22,2,2,0
BRDA:30,3,0,0
BRDA:30,3,1,0
BRDA:30,4,0,0
BRDA:30,4,1,0
BRDA:30,4,2,0
BRDA:30,4,3,0
BRDA:37,5,0,0
BRDA:37,5,1,0
BRDA:41,6,0,0
BRDA:41,6,1,0
BRDA:45,7,0,0
BRDA:45,7,1,0
BRF:19
BRH:0
end_of_record
TN:
SF:/home/jdiaz/Documentos/workspace/egeo/projects/egeo/src/lib/pipes/st-object-to-array/st-object-to-array.pipe.ts
FN:14,(anonymous_1)
FN:15,(anonymous_3)
FN:16,(anonymous_4)
FNF:3
FNH:1
FNDA:1,(anonymous_1)
FNDA:0,(anonymous_3)
FNDA:0,(anonymous_4)
DA:14,1
DA:15,1
DA:16,0
DA:18,1
LF:4
LH:3
BRDA:16,0,0,0
BRDA:16,0,1,0
BRF:2
BRH:0
end_of_record
TN:
SF:/home/jdiaz/Documentos/workspace/egeo/projects/egeo/src/lib/st-alerts/st-alerts.component.ts
FN:22,(anonymous_2)
FN:27,StAlertsComponent
FNF:2
FNH:1
FNDA:1,(anonymous_2)
FNDA:0,StAlertsComponent
DA:22,1
DA:24,1
DA:25,1
DA:28,0
DA:29,0
DA:31,1
LF:6
LH:4
BRF:0
BRH:0
end_of_record
TN:
SF:/home/jdiaz/Documentos/workspace/egeo/projects/egeo/src/lib/st-alerts/st-alerts.model.ts
FN:14,(anonymous_0)
FN:16,(anonymous_1)
FN:21,(anonymous_3)
FN:29,StAlert
FN:39,(anonymous_5)
FN:43,(anonymous_6)
FN:47,(anonymous_7)
FN:51,(anonymous_8)
FN:59,(anonymous_9)
FN:63,(anonymous_10)
FN:68,(anonymous_11)
FN:70,(anonymous_12)
FN:73,(anonymous_13)
FN:86,(anonymous_14)
FN:92,(anonymous_15)
FN:96,(anonymous_16)
FN:100,(anonymous_17)
FN:102,(anonymous_18)
FNF:18
FNH:3
FNDA:1,(anonymous_0)
FNDA:1,(anonymous_1)
FNDA:1,(anonymous_3)
FNDA:0,StAlert
FNDA:0,(anonymous_5)
FNDA:0,(anonymous_6)
FNDA:0,(anonymous_7)
FNDA:0,(anonymous_8)
FNDA:0,(anonymous_9)
FNDA:0,(anonymous_10)
FNDA:0,(anonymous_11)
FNDA:0,(anonymous_12)
FNDA:0,(anonymous_13)
FNDA:0,(anonymous_14)
FNDA:0,(anonymous_15)
FNDA:0,(anonymous_16)
FNDA:0,(anonymous_17)
FNDA:0,(anonymous_18)
DA:14,1
DA:16,1
DA:19,1
DA:21,1
DA:24,0
DA:25,0
DA:26,0
DA:27,0
DA:30,0
DA:31,0
DA:32,0
DA:33,0
DA:34,0
DA:35,0
DA:36,0
DA:39,1
DA:40,0
DA:43,1
DA:44,0
DA:47,1
DA:48,0
DA:51,1
DA:52,0
DA:53,0
DA:54,0
DA:55,0
DA:56,0
DA:59,1
DA:60,0
DA:63,1
DA:64,0
DA:68,1
DA:69,0
DA:70,0
DA:73,1
DA:74,0
DA:75,0
DA:76,0
DA:77,0
DA:78,0
DA:80,0
DA:83,0
DA:86,1
DA:87,0
DA:88,0
DA:89,0
DA:92,1
DA:93,0
DA:96,1
DA:97,0
DA:100,1
DA:101,0
DA:102,0
DA:104,1
LF:54
LH:17
BRDA:14,0,0,1
BRDA:14,0,1,1
BRDA:74,1,0,0
BRDA:74,1,1,0
BRDA:75,2,0,0
BRDA:75,2,1,0
BRDA:75,3,0,0
BRDA:75,3,1,0
BRDA:77,4,0,0
BRDA:77,4,1,0
BRDA:101,5,0,0
BRDA:101,5,1,0
BRF:12
BRH:2
end_of_record
TN:
SF:/home/jdiaz/Documentos/workspace/egeo/projects/egeo/src/lib/st-alerts/st-alerts.service.ts
FN:17,(anonymous_1)
FN:16,StAlertsService
FN:23,(anonymous_3)
FN:27,(anonymous_4)
FN:31,(anonymous_5)
FN:36,(anonymous_6)
FN:41,(anonymous_7)
FN:42,(anonymous_8)
FNF:8
FNH:1
FNDA:1,(anonymous_1)
FNDA:0,StAlertsService
FNDA:0,(anonymous_3)
FNDA:0,(anonymous_4)
FNDA:0,(anonymous_5)
FNDA:0,(anonymous_6)
FNDA:0,(anonymous_7)
FNDA:0,(anonymous_8)
DA:17,1
DA:18,0
DA:19,0
DA:21,0
DA:23,1
DA:24,0
DA:27,1
DA:28,0
DA:29,0
DA:30,0
DA:31,0
DA:32,0
DA:33,0
DA:36,1
DA:37,0
DA:38,0
DA:41,1
DA:42,0
DA:43,0
DA:44,0
DA:46,1
LF:21
LH:6
BRDA:28,0,0,0
BRDA:28,0,1,0
BRDA:29,1,0,0
BRDA:29,1,1,0
BRF:4
BRH:0
end_of_record
TN:
SF:/home/jdiaz/Documentos/workspace/egeo/projects/egeo/src/lib/st-alerts/alert-box/st-alert-box.component.ts
FN:26,(anonymous_2)
FN:35,StAlertBoxComponent
FN:38,(anonymous_4)
FN:39,(anonymous_5)
FN:48,(anonymous_6)
FN:52,(anonymous_7)
FN:56,(anonymous_8)
FN:60,(anonymous_9)
FN:69,(anonymous_10)
FN:78,(anonymous_11)
FN:82,(anonymous_12)
FN:87,(anonymous_13)
FNF:12
FNH:1
FNDA:1,(anonymous_2)
FNDA:0,StAlertBoxComponent
FNDA:0,(anonymous_4)
FNDA:0,(anonymous_5)
FNDA:0,(anonymous_6)
FNDA:0,(anonymous_7)
FNDA:0,(anonymous_8)
FNDA:0,(anonymous_9)
FNDA:0,(anonymous_10)
FNDA:0,(anonymous_11)
FNDA:0,(anonymous_12)
FNDA:0,(anonymous_13)
DA:26,1
DA:28,1
DA:29,1
DA:32,0
DA:35,0
DA:38,1
DA:39,0
DA:40,0
DA:41,0
DA:42,0
DA:44,0
DA:45,0
DA:48,1
DA:49,0
DA:52,1
DA:53,0
DA:56,1
DA:57,0
DA:60,1
DA:61,0
DA:62,0
DA:63,0
DA:64,0
DA:65,0
DA:69,1
DA:70,0
DA:71,0
DA:72,0
DA:73,0
DA:74,0
DA:78,1
DA:79,0
DA:82,1
DA:83,0
DA:84,0
DA:87,1
DA:88,0
DA:89,0
DA:90,0
DA:91,0
DA:92,0
DA:95,1
LF:42
LH:13
BRDA:41,0,0,0
BRDA:41,0,1,0
BRDA:62,1,0,0
BRDA:62,1,1,0
BRDA:62,1,2,0
BRDA:62,1,3,0
BRDA:71,2,0,0
BRDA:71,2,1,0
BRDA:71,2,2,0
BRDA:71,2,3,0
BRDA:89,3,0,0
BRDA:89,3,1,0
BRDA:89,3,2,0
BRDA:89,3,3,0
BRF:14
BRH:0
end_of_record
TN:
SF:/home/jdiaz/Documentos/workspace/egeo/projects/egeo/src/lib/st-breadcrumbs/st-breadcrumbs.component.ts
FN:53,(anonymous_2)
FN:47,StBreadCrumbsComponent
FN:69,(anonymous_4)
FN:73,(anonymous_5)
FN:81,(anonymous_6)
FN:88,(anonymous_7)
FN:92,(anonymous_8)
FN:96,(anonymous_9)
FN:100,(anonymous_10)
FN:104,(anonymous_11)
FNF:10
FNH:1
FNDA:1,(anonymous_2)
FNDA:0,StBreadCrumbsComponent
FNDA:0,(anonymous_4)
FNDA:0,(anonymous_5)
FNDA:0,(anonymous_6)
FNDA:0,(anonymous_7)
FNDA:0,(anonymous_8)
FNDA:0,(anonymous_9)
FNDA:0,(anonymous_10)
FNDA:0,(anonymous_11)
DA:53,1
DA:55,1
DA:57,1
DA:59,1
DA:61,1
DA:64,1
DA:66,0
DA:67,0
DA:69,1
DA:70,0
DA:73,1
DA:74,0
DA:75,0
DA:76,0
DA:77,0
DA:81,1
DA:82,0
DA:83,0
DA:84,0
DA:88,1
DA:89,0
DA:92,1
DA:93,0
DA:96,1
DA:97,0
DA:100,1
DA:101,0
DA:104,1
DA:105,0
DA:106,0
DA:107,0
DA:108,0
DA:109,0
DA:111,0
DA:112,0
DA:115,1
LF:36
LH:15
BRDA:74,0,0,0
BRDA:74,0,1,0
BRDA:74,1,0,0
BRDA:74,1,1,0
BRDA:75,2,0,0
BRDA:75,2,1,0
BRDA:76,3,0,0
BRDA:76,3,1,0
BRDA:82,4,0,0
BRDA:82,4,1,0
BRDA:83,5,0,0
BRDA:83,5,1,0
BRDA:93,6,0,0
BRDA:93,6,1,0
BRDA:97,7,0,0
BRDA:97,7,1,0
BRDA:101,8,0,0
BRDA:101,8,1,0
BRDA:105,9,0,0
BRDA:105,9,1,0
BRF:20
BRH:0
end_of_record
TN:
SF:/home/jdiaz/Documentos/workspace/egeo/projects/egeo/src/lib/st-breadcrumbs/st-breadcrumbs.interface.ts
FN:12,(anonymous_0)
FN:18,(anonymous_2)
FNF:2
FNH:2
FNDA:1,(anonymous_0)
FNDA:1,(anonymous_2)
DA:12,1
DA:16,1
DA:18,1
LF:3
LH:3
BRDA:18,0,0,1
BRDA:18,0,1,1
BRF:2
BRH:2
end_of_record
TN:
SF:/home/jdiaz/Documentos/workspace/egeo/projects/egeo/src/lib/st-breadcrumbs/st-breadcrumbs-item/st-breadcrumbs-item.component.ts
FN:18,(anonymous_2)
FN:20,(anonymous_4)
FN:24,(anonymous_5)
FNF:3
FNH:1
FNDA:1,(anonymous_2)
FNDA:0,(anonymous_4)
FNDA:0,(anonymous_5)
DA:18,1
DA:20,2
DA:21,0
DA:25,0
DA:28,1
DA:31,1
LF:6
LH:4
BRF:0
BRH:0
end_of_record
TN:
SF:/home/jdiaz/Documentos/workspace/egeo/projects/egeo/src/lib/st-bubble/st-bubble.component.ts
FN:34,(anonymous_2)
FN:29,StBubbleComponent
FNF:2
FNH:1
FNDA:1,(anonymous_2)
FNDA:0,StBubbleComponent
DA:34,1
DA:37,1
DA:39,1
DA:41,1
DA:43,1
DA:45,1
DA:47,1
DA:49,1
DA:51,0
DA:53,1
LF:10
LH:9
BRF:0
BRH:0
end_of_record
TN:
SF:/home/jdiaz/Documentos/workspace/egeo/projects/egeo/src/lib/st-checkbox/st-checkbox.component.ts
FN:17,(anonymous_2)
FN:44,(anonymous_3)
FN:75,StCheckboxComponent
FN:81,(anonymous_5)
FN:83,(anonymous_6)
FN:46,(anonymous_7)
FN:50,(anonymous_8)
FN:85,(anonymous_9)
FN:89,(anonymous_10)
FN:99,(anonymous_11)
FN:103,(anonymous_12)
FN:108,(anonymous_13)
FN:112,(anonymous_14)
FN:116,(anonymous_15)
FNF:14
FNH:1
FNDA:0,(anonymous_2)
FNDA:1,(anonymous_3)
FNDA:0,StCheckboxComponent
FNDA:0,(anonymous_5)
FNDA:0,(anonymous_6)
FNDA:0,(anonymous_7)
FNDA:0,(anonymous_8)
FNDA:0,(anonymous_9)
FNDA:0,(anonymous_10)
FNDA:0,(anonymous_11)
FNDA:0,(anonymous_12)
FNDA:0,(anonymous_13)
FNDA:0,(anonymous_14)
FNDA:0,(anonymous_15)
DA:14,1
DA:17,0
DA:44,1
DA:46,2
DA:47,0
DA:51,0
DA:52,0
DA:53,0
DA:57,1
DA:59,1
DA:61,1
DA:63,1
DA:65,1
DA:67,1
DA:69,1
DA:71,1
DA:73,0
DA:76,0
DA:81,0
DA:83,0
DA:85,1
DA:86,0
DA:89,1
DA:90,0
DA:91,0
DA:92,0
DA:93,0
DA:94,0
DA:99,1
DA:100,0
DA:103,1
DA:104,0
DA:105,0
DA:108,1
DA:109,0
DA:112,1
DA:113,0
DA:116,1
DA:117,0
DA:118,0
DA:121,1
LF:41
LH:19
BRDA:51,0,0,0
BRDA:51,0,1,0
BRDA:86,1,0,0
BRDA:86,1,1,0
BRDA:90,2,0,0
BRDA:90,2,1,0
BRDA:91,3,0,0
BRDA:91,3,1,0
BRF:8
BRH:0
end_of_record
TN:
SF:/home/jdiaz/Documentos/workspace/egeo/projects/egeo/src/lib/st-checkbox/st-checkbox.module.ts
FN:22,(anonymous_1)
FNF:1
FNH:1
FNDA:1,(anonymous_1)
DA:22,1
DA:23,1
LF:2
LH:2
BRF:0
BRH:0
end_of_record
TN:
SF:/home/jdiaz/Documentos/workspace/egeo/projects/egeo/src/lib/st-color-picker/st-color-picker.component.ts
FN:41,(anonymous_2)
FN:32,StColorPickerComponent
FN:53,(anonymous_4)
FN:58,(anonymous_5)
FN:62,(anonymous_6)
FN:66,(anonymous_7)
FN:70,(anonymous_8)
FN:75,(anonymous_9)
FN:80,(anonymous_10)
FN:91,(anonymous_11)
FN:96,(anonymous_12)
FN:100,(anonymous_13)
FN:37,(anonymous_14)
FNF:13
FNH:1
FNDA:1,(anonymous_2)
FNDA:0,StColorPickerComponent
FNDA:0,(anonymous_4)
FNDA:0,(anonymous_5)
FNDA:0,(anonymous_6)
FNDA:0,(anonymous_7)
FNDA:0,(anonymous_8)
FNDA:0,(anonymous_9)
FNDA:0,(anonymous_10)
FNDA:0,(anonymous_11)
FNDA:0,(anonymous_12)
FNDA:0,(anonymous_13)
FNDA:0,(anonymous_14)
DA:32,0
DA:37,0
DA:41,1
DA:43,1
DA:45,1
DA:47,1
DA:53,0
DA:54,0
DA:55,0
DA:58,0
DA:62,2
DA:63,0
DA:67,0
DA:70,1
DA:71,0
DA:72,0
DA:75,1
DA:76,0
DA:80,1
DA:81,0
DA:82,0
DA:83,0
DA:84,0
DA:85,0
DA:91,1
DA:92,0
DA:96,1
DA:97,0
DA:100,1
DA:101,0
DA:103,1
LF:31
LH:12
BRDA:81,0,0,0
BRDA:81,0,1,0
BRDA:84,1,0,0
BRDA:84,1,1,0
BRF:4
BRH:0
end_of_record
TN:
SF:/home/jdiaz/Documentos/workspace/egeo/projects/egeo/src/lib/st-docs/st-docs.component.ts
FN:23,(anonymous_2)
FN:44,StDocsComponent
FN:46,(anonymous_4)
FN:47,(anonymous_5)
FN:49,(anonymous_6)
FN:58,(anonymous_7)
FN:62,(anonymous_8)
FN:66,(anonymous_9)
FN:70,(anonymous_10)
FN:85,(anonymous_11)
FN:86,(anonymous_12)
FNF:11
FNH:1
FNDA:1,(anonymous_2)
FNDA:0,StDocsComponent
FNDA:0,(anonymous_4)
FNDA:0,(anonymous_5)
FNDA:0,(anonymous_6)
FNDA:0,(anonymous_7)
FNDA:0,(anonymous_8)
FNDA:0,(anonymous_9)
FNDA:0,(anonymous_10)
FNDA:0,(anonymous_11)
FNDA:0,(anonymous_12)
DA:23,1
DA:25,1
DA:26,1
DA:27,1
DA:33,0
DA:40,0
DA:44,0
DA:46,1
DA:47,0
DA:48,0
DA:50,0
DA:51,0
DA:52,0
DA:53,0
DA:54,0
DA:58,1
DA:59,0
DA:62,1
DA:63,0
DA:66,1
DA:67,0
DA:70,1
DA:71,0
DA:72,0
DA:75,0
DA:76,0
DA:79,0
DA:81,0
DA:85,1
DA:86,0
DA:87,0
DA:91,1
LF:32
LH:11
BRDA:50,0,0,0
BRDA:50,0,1,0
BRDA:50,1,0,0
BRDA:50,1,1,0
BRDA:51,2,0,0
BRDA:51,2,1,0
BRDA:51,3,0,0
BRDA:51,3,1,0
BRDA:52,4,0,0
BRDA:52,4,1,0
BRDA:52,5,0,0
BRDA:52,5,1,0
BRDA:71,6,0,0
BRDA:71,6,1,0
BRDA:75,7,0,0
BRDA:75,7,1,0
BRDA:79,8,0,0
BRDA:79,8,1,0
BRF:18
BRH:0
end_of_record
TN:
SF:/home/jdiaz/Documentos/workspace/egeo/projects/egeo/src/lib/st-docs/st-docs.module.ts
FN:26,(anonymous_1)
FNF:1
FNH:1
FNDA:1,(anonymous_1)
DA:26,1
DA:27,1
LF:2
LH:2
BRF:0
BRH:0
end_of_record
TN:
SF:/home/jdiaz/Documentos/workspace/egeo/projects/egeo/src/lib/st-docs/st-docs.service.ts
FN:18,(anonymous_2)
FN:20,StDocsService
FN:22,(anonymous_4)
FN:24,(anonymous_5)
FN:25,(anonymous_6)
FNF:5
FNH:1
FNDA:1,(anonymous_2)
FNDA:0,StDocsService
FNDA:0,(anonymous_4)
FNDA:0,(anonymous_5)
FNDA:0,(anonymous_6)
DA:18,1
DA:20,0
DA:22,1
DA:23,0
DA:24,0
DA:26,0
DA:30,1
LF:7
LH:3
BRF:0
BRH:0
end_of_record
TN:
SF:/home/jdiaz/Documentos/workspace/egeo/projects/egeo/src/lib/st-docs/st-prism/st-prism.component.ts
FN:28,(anonymous_2)
FN:23,StPrismComponent
FN:34,(anonymous_4)
FN:42,(anonymous_5)
FN:50,(anonymous_6)
FNF:5
FNH:1
FNDA:1,(anonymous_2)
FNDA:0,StPrismComponent
FNDA:0,(anonymous_4)
FNDA:0,(anonymous_5)
FNDA:0,(anonymous_6)
DA:28,1
DA:29,1
DA:31,1
DA:32,1
DA:34,1
DA:35,0
DA:42,1
DA:43,0
DA:50,1
DA:51,0
DA:53,1
LF:11
LH:8
BRF:0
BRH:0
end_of_record
TN:
SF:/home/jdiaz/Documentos/workspace/egeo/projects/egeo/src/lib/st-docs/st-prism/st-prism.module.ts
FN:23,(anonymous_1)
FNF:1
FNH:1
FNDA:1,(anonymous_1)
DA:23,1
LF:1
LH:1
BRF:0
BRH:0
end_of_record
TN:
SF:/home/jdiaz/Documentos/workspace/egeo/projects/egeo/src/lib/st-draggable-card/st-draggable-card.component.ts
FN:47,(anonymous_2)
FN:40,StDraggableCardComponent
FN:62,(anonymous_4)
FN:67,(anonymous_5)
FN:69,(anonymous_6)
FN:77,(anonymous_7)
FNF:6
FNH:1
FNDA:1,(anonymous_2)
FNDA:0,StDraggableCardComponent
FNDA:0,(anonymous_4)
FNDA:0,(anonymous_5)
FNDA:0,(anonymous_6)
FNDA:0,(anonymous_7)
DA:47,1
DA:49,1
DA:51,1
DA:53,1
DA:57,1
DA:59,1
DA:60,0
DA:62,1
DA:63,0
DA:66,0
DA:67,1
DA:68,0
DA:69,0
DA:70,0
DA:71,0
DA:72,0
DA:73,0
DA:77,1
DA:78,0
DA:79,0
DA:80,0
DA:81,0
DA:83,1
LF:23
LH:10
BRF:0
BRH:0
end_of_record
TN:
SF:/home/jdiaz/Documentos/workspace/egeo/projects/egeo/src/lib/st-dropdown-menu/st-dropdown-menu.component.ts
FN:56,(anonymous_2)
FN:99,StDropdownMenuComponent
FN:102,(anonymous_4)
FN:108,(anonymous_5)
FN:113,(anonymous_6)
FN:117,(anonymous_7)
FN:121,(anonymous_8)
FN:125,(anonymous_9)
FN:129,(anonymous_10)
FN:133,(anonymous_11)
FN:137,(anonymous_12)
FN:141,(anonymous_13)
FN:145,(anonymous_14)
FN:162,(anonymous_15)
FN:168,(anonymous_16)
FN:170,(anonymous_17)
FN:181,(anonymous_18)
FN:187,(anonymous_19)
FN:191,(anonymous_20)
FN:195,(anonymous_21)
FN:199,(anonymous_22)
FN:209,(anonymous_23)
FN:215,(anonymous_24)
FNF:23
FNH:8
FNDA:1,(anonymous_2)
FNDA:10,StDropdownMenuComponent
FNDA:10,(anonymous_4)
FNDA:0,(anonymous_5)
FNDA:0,(anonymous_6)
FNDA:0,(anonymous_7)
FNDA:0,(anonymous_8)
FNDA:0,(anonymous_9)
FNDA:0,(anonymous_10)
FNDA:0,(anonymous_11)
FNDA:10,(anonymous_12)
FNDA:10,(anonymous_13)
FNDA:0,(anonymous_14)
FNDA:0,(anonymous_15)
FNDA:10,(anonymous_16)
FNDA:10,(anonymous_17)
FNDA:10,(anonymous_18)
FNDA:0,(anonymous_19)
FNDA:0,(anonymous_20)
FNDA:0,(anonymous_21)
FNDA:0,(anonymous_22)
FNDA:0,(anonymous_23)
FNDA:0,(anonymous_24)
DA:56,1
DA:59,10
DA:61,10
DA:64,10
DA:66,10
DA:68,10
DA:70,10
DA:72,10
DA:74,10
DA:76,10
DA:78,10
DA:82,10
DA:85,10
DA:88,10
DA:90,1
DA:91,1
DA:93,10
DA:95,10
DA:96,10
DA:99,10
DA:102,1
DA:103,10
DA:104,0
DA:108,1
DA:109,0
DA:110,0
DA:113,1
DA:114,0
DA:117,1
DA:118,0
DA:121,1
DA:122,0
DA:125,1
DA:126,0
DA:129,1
DA:130,0
DA:133,1
DA:134,0
DA:137,1
DA:138,10
DA:141,10
DA:142,10
DA:145,0
DA:146,0
DA:147,0
DA:148,0
DA:149,0
DA:150,0
DA:151,0
DA:156,10
DA:157,10
DA:162,1
DA:163,0
DA:166,10
DA:168,2
DA:169,10
DA:170,10
DA:171,10
DA:172,10
DA:174,0
DA:176,10
DA:181,1
DA:182,10
DA:183,0
DA:187,1
DA:188,0
DA:191,1
DA:192,0
DA:195,1
DA:196,0
DA:197,0
DA:198,0
DA:199,0
DA:200,0
DA:201,0
DA:203,0
DA:207,0
DA:209,0
DA:211,0
DA:215,1
DA:216,0
DA:217,0
DA:218,0
DA:221,0
DA:222,0
DA:223,0
DA:224,0
DA:225,0
DA:226,0
DA:227,0
DA:228,0
DA:229,0
DA:231,0
DA:232,0
DA:235,0
DA:237,1
LF:96
LH:50
BRDA:103,0,0,0
BRDA:103,0,1,10
BRDA:110,1,0,0
BRDA:110,1,1,0
BRDA:110,2,0,0
BRDA:110,2,1,0
BRDA:114,3,0,0
BRDA:114,3,1,0
BRDA:122,4,0,0
BRDA:122,4,1,0
BRDA:130,5,0,0
BRDA:130,5,1,0
BRDA:130,6,0,0
BRDA:130,6,1,0
BRDA:134,7,0,0
BRDA:134,7,1,0
BRDA:134,7,2,0
BRDA:142,8,0,0
BRDA:142,8,1,10
BRDA:142,9,0,10
BRDA:142,9,1,10
BRDA:142,9,2,10
BRDA:142,9,3,0
BRDA:142,9,4,0
BRDA:146,10,0,0
BRDA:146,10,1,0
BRDA:149,11,0,0
BRDA:149,11,1,0
BRDA:149,12,0,0
BRDA:149,12,1,0
BRDA:156,13,0,10
BRDA:156,13,1,0
BRDA:156,14,0,10
BRDA:156,14,1,10
BRDA:156,14,2,10
BRDA:171,15,0,10
BRDA:171,15,1,0
BRDA:171,16,0,10
BRDA:171,16,1,10
BRDA:182,17,0,0
BRDA:182,17,1,10
BRDA:196,18,0,0
BRDA:196,18,1,0
BRDA:196,19,0,0
BRDA:196,19,1,0
BRDA:198,20,0,0
BRDA:198,20,1,0
BRDA:200,21,0,0
BRDA:200,21,1,0
BRDA:217,22,0,0
BRDA:217,22,1,0
BRDA:221,23,0,0
BRDA:221,23,1,0
BRDA:221,24,0,0
BRDA:221,24,1,0
BRDA:224,25,0,0
BRDA:224,25,1,0
BRDA:224,26,0,0
BRDA:224,26,1,0
BRDA:226,27,0,0
BRDA:226,27,1,0
BRDA:228,28,0,0
BRDA:228,28,1,0
BRDA:231,29,0,0
BRDA:231,29,1,0
BRF:65
BRH:13
end_of_record
TN:
SF:/home/jdiaz/Documentos/workspace/egeo/projects/egeo/src/lib/st-dropdown-menu/st-dropdown-menu.interface.ts
FN:13,(anonymous_0)
FN:14,(anonymous_1)
FN:26,(anonymous_3)
FN:31,(anonymous_5)
FN:38,(anonymous_7)
FN:43,(anonymous_9)
FNF:6
FNH:6
FNDA:1,(anonymous_0)
FNDA:1,(anonymous_1)
FNDA:1,(anonymous_3)
FNDA:1,(anonymous_5)
FNDA:1,(anonymous_7)
FNDA:1,(anonymous_9)
DA:13,1
DA:14,1
DA:24,1
DA:26,1
DA:29,1
DA:31,1
DA:36,1
DA:38,1
DA:41,1
DA:43,1
DA:44,1
LF:11
LH:11
BRDA:13,0,0,1
BRDA:13,0,1,1
BRDA:43,1,0,1
BRDA:43,1,1,1
BRF:4
BRH:4
end_of_record
TN:
SF:/home/jdiaz/Documentos/workspace/egeo/projects/egeo/src/lib/st-dropdown-menu/st-dropdown-menu.module.ts
FN:23,(anonymous_1)
FNF:1
FNH:1
FNDA:11,(anonymous_1)
DA:23,1
LF:1
LH:1
BRF:0
BRH:0
end_of_record
TN:
SF:/home/jdiaz/Documentos/workspace/egeo/projects/egeo/src/lib/st-dropdown-menu/st-dropdown-menu-item/st-dropdown-menu-item.component.ts
FN:20,(anonymous_2)
FN:28,StDropdownMenuItemComponent
FN:32,(anonymous_4)
FN:36,(anonymous_5)
FN:41,(anonymous_6)
FN:45,(anonymous_7)
FN:49,(anonymous_8)
FN:53,(anonymous_9)
FNF:8
FNH:1
FNDA:1,(anonymous_2)
FNDA:0,StDropdownMenuItemComponent
FNDA:0,(anonymous_4)
FNDA:0,(anonymous_5)
FNDA:0,(anonymous_6)
FNDA:0,(anonymous_7)
FNDA:0,(anonymous_8)
FNDA:0,(anonymous_9)
DA:20,1
DA:21,1
DA:22,1
DA:23,1
DA:24,1
DA:26,1
DA:28,0
DA:32,1
DA:33,0
DA:36,1
DA:37,0
DA:41,1
DA:42,0
DA:45,1
DA:46,0
DA:49,1
DA:50,0
DA:53,1
DA:54,0
DA:56,1
LF:20
LH:13
BRDA:37,0,0,0
BRDA:37,0,1,0
BRDA:37,0,2,0
BRDA:37,0,3,0
BRDA:37,0,4,0
BRDA:37,0,5,0
BRDA:37,0,6,0
BRDA:42,1,0,0
BRDA:42,1,1,0
BRDA:46,2,0,0
BRDA:46,2,1,0
BRDA:46,3,0,0
BRDA:46,3,1,0
BRDA:50,4,0,0
BRDA:50,4,1,0
BRDA:50,4,2,0
BRDA:54,5,0,0
BRDA:54,5,1,0
BRF:18
BRH:0
end_of_record
TN:
SF:/home/jdiaz/Documentos/workspace/egeo/projects/egeo/src/lib/st-file-button/st-file-button.component.ts
FN:36,(anonymous_2)
FN:30,StFileButtonComponent
FN:52,(anonymous_4)
FN:56,(anonymous_5)
FN:66,(anonymous_6)
FNF:5
FNH:1
FNDA:1,(anonymous_2)
FNDA:0,StFileButtonComponent
FNDA:0,(anonymous_4)
FNDA:0,(anonymous_5)
FNDA:0,(anonymous_6)
DA:36,1
DA:38,1
DA:40,1
DA:42,1
DA:44,1
DA:46,1
DA:48,1
DA:52,1
DA:53,0
DA:56,1
DA:57,0
DA:58,0
DA:59,0
DA:61,0
DA:63,0
DA:66,1
DA:67,0
DA:68,0
DA:69,0
DA:71,0
DA:75,0
DA:77,1
LF:22
LH:11
BRDA:58,0,0,0
BRDA:58,0,1,0
BRDA:69,1,0,0
BRDA:69,1,1,0
BRDA:69,2,0,0
BRDA:69,2,1,0
BRDA:69,2,2,0
BRDA:69,2,3,0
BRF:8
BRH:0
end_of_record
TN:
SF:/home/jdiaz/Documentos/workspace/egeo/projects/egeo/src/lib/st-filter-selector/st-filter-selector.component.ts
FN:44,(anonymous_2)
FN:37,StFilterSelectorComponent
FN:63,(anonymous_4)
FN:65,(anonymous_5)
FN:72,(anonymous_6)
FN:76,(anonymous_7)
FN:80,(anonymous_8)
FNF:7
FNH:1
FNDA:1,(anonymous_2)
FNDA:0,StFilterSelectorComponent
FNDA:0,(anonymous_4)
FNDA:0,(anonymous_5)
FNDA:0,(anonymous_6)
FNDA:0,(anonymous_7)
FNDA:0,(anonymous_8)
DA:44,1
DA:46,1
DA:48,1
DA:50,1
DA:52,1
DA:54,1
DA:56,1
DA:58,1
DA:60,0
DA:63,1
DA:64,0
DA:65,0
DA:66,0
DA:67,0
DA:72,1
DA:73,0
DA:76,1
DA:77,0
DA:80,1
DA:81,0
DA:83,1
LF:21
LH:13
BRDA:64,0,0,0
BRDA:64,0,1,0
BRDA:66,1,0,0
BRDA:66,1,1,0
BRDA:66,2,0,0
BRDA:66,2,1,0
BRDA:66,2,2,0
BRF:7
BRH:0
end_of_record
TN:
SF:/home/jdiaz/Documentos/workspace/egeo/projects/egeo/src/lib/st-footer/st-footer.component.ts
FN:22,(anonymous_2)
FN:30,StFooterComponent
FN:34,(anonymous_4)
FNF:3
FNH:1
FNDA:1,(anonymous_2)
FNDA:0,StFooterComponent
FNDA:0,(anonymous_4)
DA:22,1
DA:24,1
DA:25,1
DA:26,1
DA:27,1
DA:28,1
DA:31,0
DA:34,1
DA:35,0
DA:36,0
DA:39,0
DA:40,0
DA:43,0
DA:47,1
LF:14
LH:8
BRDA:35,0,0,0
BRDA:35,0,1,0
BRDA:39,1,0,0
BRDA:39,1,1,0
BRF:4
BRH:0
end_of_record
TN:
SF:/home/jdiaz/Documentos/workspace/egeo/projects/egeo/src/lib/st-foreground-notifications/st-foreground-notifications.model.ts
FN:14,(anonymous_0)
FN:18,StatusNotification
FNF:2
FNH:1
FNDA:1,(anonymous_0)
FNDA:0,StatusNotification
DA:14,1
DA:18,0
DA:19,0
DA:20,0
DA:22,1
LF:5
LH:2
BRF:0
BRH:0
end_of_record
TN:
SF:/home/jdiaz/Documentos/workspace/egeo/projects/egeo/src/lib/st-foreground-notifications/st-foreground-notifications.module.ts
FN:26,(anonymous_1)
FNF:1
FNH:1
FNDA:1,(anonymous_1)
DA:26,1
DA:27,1
LF:2
LH:2
BRF:0
BRH:0
end_of_record
TN:
SF:/home/jdiaz/Documentos/workspace/egeo/projects/egeo/src/lib/st-foreground-notifications/st-foreground-notifications.ts
FN:41,(anonymous_2)
FN:80,StForegroundNotificationsComponent
FN:52,(anonymous_4)
FN:45,(anonymous_5)
FN:82,(anonymous_6)
FN:85,(anonymous_7)
FN:91,(anonymous_8)
FN:103,(anonymous_9)
FN:111,(anonymous_10)
FN:116,(anonymous_11)
FN:126,(anonymous_12)
FN:148,(anonymous_13)
FN:156,(anonymous_14)
FN:158,(anonymous_15)
FN:165,(anonymous_16)
FN:171,(anonymous_17)
FN:176,(anonymous_18)
FN:180,(anonymous_19)
FN:192,(anonymous_20)
FN:207,(anonymous_21)
FN:211,(anonymous_22)
FN:213,(anonymous_23)
FN:220,(anonymous_24)
FN:224,(anonymous_25)
FN:229,(anonymous_26)
FN:235,(anonymous_27)
FNF:26
FNH:1
FNDA:1,(anonymous_2)
FNDA:0,StForegroundNotificationsComponent
FNDA:0,(anonymous_4)
FNDA:0,(anonymous_5)
FNDA:0,(anonymous_6)
FNDA:0,(anonymous_7)
FNDA:0,(anonymous_8)
FNDA:0,(anonymous_9)
FNDA:0,(anonymous_10)
FNDA:0,(anonymous_11)
FNDA:0,(anonymous_12)
FNDA:0,(anonymous_13)
FNDA:0,(anonymous_14)
FNDA:0,(anonymous_15)
FNDA:0,(anonymous_16)
FNDA:0,(anonymous_17)
FNDA:0,(anonymous_18)
FNDA:0,(anonymous_19)
FNDA:0,(anonymous_20)
FNDA:0,(anonymous_21)
FNDA:0,(anonymous_22)
FNDA:0,(anonymous_23)
FNDA:0,(anonymous_24)
FNDA:0,(anonymous_25)
FNDA:0,(anonymous_26)
FNDA:0,(anonymous_27)
DA:41,1
DA:45,2
DA:46,0
DA:47,0
DA:48,0
DA:50,0
DA:53,0
DA:59,1
DA:62,1
DA:65,1
DA:68,1
DA:70,0
DA:74,0
DA:75,0
DA:77,0
DA:78,0
DA:80,0
DA:82,1
DA:83,0
DA:84,0
DA:85,0
DA:88,0
DA:91,1
DA:92,0
DA:93,0
DA:94,0
DA:96,0
DA:97,0
DA:100,0
DA:103,1
DA:104,0
DA:105,0
DA:107,0
DA:108,0
DA:111,1
DA:112,0
DA:113,0
DA:114,0
DA:116,0
DA:117,0
DA:118,0
DA:119,0
DA:120,0
DA:121,0
DA:126,1
DA:127,0
DA:128,0
DA:130,0
DA:131,0
DA:132,0
DA:134,0
DA:135,0
DA:136,0
DA:139,0
DA:140,0
DA:141,0
DA:145,0
DA:148,1
DA:149,0
DA:150,0
DA:151,0
DA:153,0
DA:156,1
DA:157,0
DA:158,0
DA:159,0
DA:160,0
DA:162,0
DA:165,1
DA:166,0
DA:167,0
DA:168,0
DA:171,0
DA:172,0
DA:176,1
DA:177,0
DA:180,1
DA:181,0
DA:186,0
DA:188,0
DA:192,1
DA:193,0
DA:195,0
DA:197,0
DA:199,0
DA:201,0
DA:203,0
DA:207,1
DA:208,0
DA:211,1
DA:212,0
DA:213,0
DA:214,0
DA:215,0
DA:217,0
DA:220,1
DA:221,0
DA:224,1
DA:225,0
DA:226,0
DA:229,1
DA:230,0
DA:231,0
DA:232,0
DA:235,1
DA:236,0
DA:237,0
DA:238,0
DA:239,0
DA:241,0
DA:242,0
DA:244,1
LF:112
LH:24
BRDA:46,0,0,0
BRDA:46,0,1,0
BRDA:83,1,0,0
BRDA:83,1,1,0
BRDA:84,2,0,0
BRDA:84,2,1,0
BRDA:84,3,0,0
BRDA:84,3,1,0
BRDA:93,4,0,0
BRDA:93,4,1,0
BRDA:96,5,0,0
BRDA:96,5,1,0
BRDA:96,6,0,0
BRDA:96,6,1,0
BRDA:104,7,0,0
BRDA:104,7,1,0
BRDA:104,8,0,0
BRDA:104,8,1,0
BRDA:113,9,0,0
BRDA:113,9,1,0
BRDA:118,10,0,0
BRDA:118,10,1,0
BRDA:130,11,0,0
BRDA:130,11,1,0
BRDA:130,12,0,0
BRDA:130,12,1,0
BRDA:131,13,0,0
BRDA:131,13,1,0
BRDA:134,14,0,0
BRDA:134,14,1,0
BRDA:140,15,0,0
BRDA:140,15,1,0
BRDA:166,16,0,0
BRDA:166,16,1,0
BRDA:166,17,0,0
BRDA:166,17,1,0
BRDA:182,18,0,0
BRDA:182,18,1,0
BRDA:182,18,2,0
BRDA:182,18,3,0
BRDA:182,18,4,0
BRDA:194,19,0,0
BRDA:194,19,1,0
BRDA:194,19,2,0
BRDA:194,19,3,0
BRDA:194,19,4,0
BRDA:208,20,0,0
BRDA:208,20,1,0
BRDA:237,21,0,0
BRDA:237,21,1,0
BRDA:237,22,0,0
BRDA:237,22,1,0
BRF:52
BRH:0
end_of_record
TN:
SF:/home/jdiaz/Documentos/workspace/egeo/projects/egeo/src/lib/st-form/st-form.component.ts
FN:56,(anonymous_2)
FN:44,StFormComponent
FN:130,(anonymous_4)
FN:93,(anonymous_5)
FN:99,(anonymous_6)
FN:105,(anonymous_7)
FN:107,(anonymous_8)
FN:111,(anonymous_9)
FN:127,(anonymous_10)
FN:133,(anonymous_11)
FN:136,(anonymous_12)
FN:150,(anonymous_13)
FN:154,(anonymous_14)
FN:159,(anonymous_15)
FN:163,(anonymous_16)
FN:167,(anonymous_17)
FN:178,(anonymous_18)
FN:182,(anonymous_19)
FN:189,(anonymous_20)
FN:200,(anonymous_21)
FN:205,(anonymous_22)
FN:212,(anonymous_23)
FN:215,(anonymous_24)
FN:221,(anonymous_25)
FN:226,(anonymous_26)
FN:231,(anonymous_27)
FN:239,(anonymous_28)
FN:247,(anonymous_29)
FN:255,(anonymous_30)
FN:259,(anonymous_31)
FN:263,(anonymous_32)
FN:269,(anonymous_33)
FN:273,(anonymous_34)
FN:276,(anonymous_35)
FN:285,(anonymous_36)
FN:51,(anonymous_37)
FN:52,(anonymous_38)
FNF:37
FNH:1
FNDA:1,(anonymous_2)
FNDA:0,StFormComponent
FNDA:0,(anonymous_4)
FNDA:0,(anonymous_5)
FNDA:0,(anonymous_6)
FNDA:0,(anonymous_7)
FNDA:0,(anonymous_8)
FNDA:0,(anonymous_9)
FNDA:0,(anonymous_10)
FNDA:0,(anonymous_11)
FNDA:0,(anonymous_12)
FNDA:0,(anonymous_13)
FNDA:0,(anonymous_14)
FNDA:0,(anonymous_15)
FNDA:0,(anonymous_16)
FNDA:0,(anonymous_17)
FNDA:0,(anonymous_18)
FNDA:0,(anonymous_19)
FNDA:0,(anonymous_20)
FNDA:0,(anonymous_21)
FNDA:0,(anonymous_22)
FNDA:0,(anonymous_23)
FNDA:0,(anonymous_24)
FNDA:0,(anonymous_25)
FNDA:0,(anonymous_26)
FNDA:0,(anonymous_27)
FNDA:0,(anonymous_28)
FNDA:0,(anonymous_29)
FNDA:0,(anonymous_30)
FNDA:0,(anonymous_31)
FNDA:0,(anonymous_32)
FNDA:0,(anonymous_33)
FNDA:0,(anonymous_34)
FNDA:0,(anonymous_35)
FNDA:0,(anonymous_36)
FNDA:0,(anonymous_37)
FNDA:0,(anonymous_38)
DA:51,0
DA:52,0
DA:56,1
DA:58,1
DA:60,1
DA:62,1
DA:64,1
DA:68,1
DA:73,1
DA:76,1
DA:81,1
DA:83,1
DA:85,1
DA:87,0
DA:88,0
DA:89,0
DA:90,0
DA:93,1
DA:94,0
DA:95,0
DA:99,1
DA:100,0
DA:101,0
DA:105,1
DA:106,0
DA:107,0
DA:108,0
DA:109,0
DA:111,0
DA:112,0
DA:113,0
DA:114,0
DA:115,0
DA:116,0
DA:127,1
DA:130,0
DA:133,1
DA:134,0
DA:135,0
DA:136,0
DA:137,0
DA:138,0
DA:139,0
DA:141,0
DA:145,0
DA:147,0
DA:150,1
DA:151,0
DA:154,1
DA:155,0
DA:159,1
DA:160,0
DA:163,1
DA:164,0
DA:167,1
DA:168,0
DA:170,0
DA:171,0
DA:172,0
DA:175,0
DA:178,1
DA:179,0
DA:182,1
DA:183,0
DA:189,1
DA:190,0
DA:191,0
DA:192,0
DA:194,0
DA:195,0
DA:197,0
DA:200,1
DA:201,0
DA:205,1
DA:206,0
DA:207,0
DA:208,0
DA:212,1
DA:213,0
DA:214,0
DA:215,0
DA:216,0
DA:221,1
DA:222,0
DA:226,1
DA:227,0
DA:231,1
DA:232,0
DA:233,0
DA:235,0
DA:239,1
DA:240,0
DA:241,0
DA:242,0
DA:247,1
DA:248,0
DA:249,0
DA:250,0
DA:252,0
DA:255,1
DA:256,0
DA:259,1
DA:260,0
DA:263,1
DA:264,0
DA:265,0
DA:269,1
DA:270,0
DA:273,1
DA:274,0
DA:275,0
DA:276,0
DA:277,0
DA:278,0
DA:282,0
DA:285,1
DA:286,0
DA:287,0
DA:288,0
DA:289,0
DA:290,0
DA:291,0
DA:292,0
DA:293,0
DA:295,0
DA:298,0
DA:300,1
LF:127
LH:39
BRDA:94,0,0,0
BRDA:94,0,1,0
BRDA:100,1,0,0
BRDA:100,1,1,0
BRDA:106,2,0,0
BRDA:106,2,1,0
BRDA:106,3,0,0
BRDA:106,3,1,0
BRDA:106,3,2,0
BRDA:109,4,0,0
BRDA:109,4,1,0
BRDA:109,5,0,0
BRDA:109,5,1,0
BRDA:112,6,0,0
BRDA:112,6,1,0
BRDA:115,7,0,0
BRDA:115,7,1,0
BRDA:135,8,0,0
BRDA:135,8,1,0
BRDA:137,9,0,0
BRDA:137,9,1,0
BRDA:137,10,0,0
BRDA:137,10,1,0
BRDA:138,11,0,0
BRDA:138,11,1,0
BRDA:151,12,0,0
BRDA:151,12,1,0
BRDA:151,12,2,0
BRDA:155,13,0,0
BRDA:155,13,1,0
BRDA:155,13,2,0
BRDA:155,13,3,0
BRDA:160,14,0,0
BRDA:160,14,1,0
BRDA:160,14,2,0
BRDA:164,15,0,0
BRDA:164,15,1,0
BRDA:164,15,2,0
BRDA:170,16,0,0
BRDA:170,16,1,0
BRDA:170,17,0,0
BRDA:170,17,1,0
BRDA:172,18,0,0
BRDA:172,18,1,0
BRDA:184,19,0,0
BRDA:184,19,1,0
BRDA:185,20,0,0
BRDA:185,20,1,0
BRDA:185,20,2,0
BRDA:192,21,0,0
BRDA:192,21,1,0
BRDA:192,22,0,0
BRDA:192,22,1,0
BRDA:192,22,2,0
BRDA:192,22,3,0
BRDA:192,22,4,0
BRDA:201,23,0,0
BRDA:201,23,1,0
BRDA:206,24,0,0
BRDA:206,24,1,0
BRDA:232,25,0,0
BRDA:232,25,1,0
BRDA:240,26,0,0
BRDA:240,26,1,0
BRDA:248,27,0,0
BRDA:248,27,1,0
BRDA:250,28,0,0
BRDA:250,28,1,0
BRDA:250,28,2,0
BRDA:256,29,0,0
BRDA:256,29,1,0
BRDA:260,30,0,0
BRDA:260,30,1,0
BRDA:264,31,0,0
BRDA:264,31,1,0
BRDA:275,32,0,0
BRDA:275,32,1,0
BRDA:277,33,0,0
BRDA:277,33,1,0
BRDA:288,34,0,0
BRDA:288,34,1,0
BRDA:288,35,0,0
BRDA:288,35,1,0
BRDA:291,36,0,0
BRDA:291,36,1,0
BRDA:291,36,2,0
BRDA:292,37,0,0
BRDA:292,37,1,0
BRF:88
BRH:0
end_of_record
TN:
SF:/home/jdiaz/Documentos/workspace/egeo/projects/egeo/src/lib/st-form/st-form.module.ts
FN:41,(anonymous_1)
FNF:1
FNH:1
FNDA:1,(anonymous_1)
DA:41,1
DA:42,1
LF:2
LH:2
BRF:0
BRH:0
end_of_record
TN:
SF:/home/jdiaz/Documentos/workspace/egeo/projects/egeo/src/lib/st-form-list/st-form-list.component.ts
FN:60,(anonymous_2)
FN:81,StFormListComponent
FN:100,(anonymous_4)
FN:84,(anonymous_5)
FN:88,(anonymous_6)
FN:97,(anonymous_7)
FN:103,(anonymous_8)
FN:111,(anonymous_9)
FN:119,(anonymous_10)
FN:123,(anonymous_11)
FN:137,(anonymous_12)
FN:141,(anonymous_13)
FN:143,(anonymous_14)
FN:159,(anonymous_15)
FN:162,(anonymous_16)
FN:167,(anonymous_17)
FN:172,(anonymous_18)
FN:181,(anonymous_19)
FN:185,(anonymous_20)
FN:191,(anonymous_21)
FN:199,(anonymous_22)
FN:55,(anonymous_23)
FN:56,(anonymous_24)
FNF:23
FNH:1
FNDA:1,(anonymous_2)
FNDA:0,StFormListComponent
FNDA:0,(anonymous_4)
FNDA:0,(anonymous_5)
FNDA:0,(anonymous_6)
FNDA:0,(anonymous_7)
FNDA:0,(anonymous_8)
FNDA:0,(anonymous_9)
FNDA:0,(anonymous_10)
FNDA:0,(anonymous_11)
FNDA:0,(anonymous_12)
FNDA:0,(anonymous_13)
FNDA:0,(anonymous_14)
FNDA:0,(anonymous_15)
FNDA:0,(anonymous_16)
FNDA:0,(anonymous_17)
FNDA:0,(anonymous_18)
FNDA:0,(anonymous_19)
FNDA:0,(anonymous_20)
FNDA:0,(anonymous_21)
FNDA:0,(anonymous_22)
FNDA:0,(anonymous_23)
FNDA:0,(anonymous_24)
DA:55,0
DA:56,0
DA:60,1
DA:62,1
DA:64,1
DA:67,1
DA:70,1
DA:73,1
DA:76,1
DA:78,0
DA:79,0
DA:81,0
DA:84,2
DA:85,0
DA:89,0
DA:90,0
DA:91,0
DA:92,0
DA:97,1
DA:100,0
DA:103,1
DA:104,0
DA:105,0
DA:106,0
DA:107,0
DA:108,0
DA:111,1
DA:112,0
DA:113,0
DA:114,0
DA:115,0
DA:116,0
DA:119,1
DA:120,0
DA:123,1
DA:124,0
DA:125,0
DA:126,0
DA:127,0
DA:128,0
DA:129,0
DA:130,0
DA:132,0
DA:134,0
DA:137,1
DA:138,0
DA:140,0
DA:141,0
DA:142,0
DA:143,0
DA:144,0
DA:145,0
DA:146,0
DA:148,0
DA:149,0
DA:151,0
DA:156,0
DA:159,1
DA:160,0
DA:161,0
DA:162,0
DA:163,0
DA:167,1
DA:168,0
DA:172,1
DA:173,0
DA:174,0
DA:175,0
DA:176,0
DA:181,1
DA:182,0
DA:185,1
DA:186,0
DA:191,1
DA:192,0
DA:193,0
DA:195,0
DA:199,1
DA:200,0
DA:202,0
DA:203,0
DA:204,0
DA:208,1
LF:83
LH:22
BRDA:89,0,0,0
BRDA:89,0,1,0
BRDA:120,1,0,0
BRDA:120,1,1,0
BRDA:120,1,2,0
BRDA:129,2,0,0
BRDA:129,2,1,0
BRDA:129,3,0,0
BRDA:129,3,1,0
BRDA:130,4,0,0
BRDA:130,4,1,0
BRDA:140,5,0,0
BRDA:140,5,1,0
BRDA:144,6,0,0
BRDA:144,6,1,0
BRDA:144,7,0,0
BRDA:144,7,1,0
BRDA:145,8,0,0
BRDA:145,8,1,0
BRDA:148,9,0,0
BRDA:148,9,1,0
BRDA:173,10,0,0
BRDA:173,10,1,0
BRDA:173,11,0,0
BRDA:173,11,1,0
BRDA:192,12,0,0
BRDA:192,12,1,0
BRDA:202,13,0,0
BRDA:202,13,1,0
BRF:29
BRH:0
end_of_record
TN:
SF:/home/jdiaz/Documentos/workspace/egeo/projects/egeo/src/lib/st-form-list/st-form-list.module.ts
FN:33,(anonymous_1)
FNF:1
FNH:1
FNDA:1,(anonymous_1)
DA:33,1
DA:34,1
LF:2
LH:2
BRF:0
BRH:0
end_of_record
TN:
SF:/home/jdiaz/Documentos/workspace/egeo/projects/egeo/src/lib/st-form-list/spec/resources/two-inputs-json-schema.ts
FNF:0
FNH:0
DA:11,1
LF:1
LH:1
BRF:0
BRH:0
end_of_record
TN:
SF:/home/jdiaz/Documentos/workspace/egeo/projects/egeo/src/lib/st-form/shared/ui-component.interface.ts
FN:1,(anonymous_0)
FNF:1
FNH:1
FNDA:1,(anonymous_0)
DA:1,1
DA:2,1
DA:3,1
DA:4,1
LF:4
LH:4
BRDA:1,0,0,1
BRDA:1,0,1,1
BRF:2
BRH:2
end_of_record
TN:
SF:/home/jdiaz/Documentos/workspace/egeo/projects/egeo/src/lib/st-form/spec/resources/json-schema.ts
FNF:0
FNH:0
DA:11,1
LF:1
LH:1
BRF:0
BRH:0
end_of_record
TN:
SF:/home/jdiaz/Documentos/workspace/egeo/projects/egeo/src/lib/st-form/st-form-field/st-form-field.component.ts
FN:42,(anonymous_2)
FN:27,StFormFieldComponent
FN:68,(anonymous_4)
FN:71,(anonymous_5)
FN:64,(anonymous_6)
FN:74,(anonymous_7)
FN:79,(anonymous_8)
FN:84,(anonymous_9)
FN:90,(anonymous_10)
FN:94,(anonymous_11)
FN:105,(anonymous_12)
FN:111,(anonymous_13)
FN:127,(anonymous_14)
FN:142,(anonymous_15)
FN:146,(anonymous_16)
FN:150,(anonymous_17)
FN:154,(anonymous_18)
FN:158,(anonymous_19)
FN:162,(anonymous_20)
FN:170,(anonymous_21)
FN:174,(anonymous_22)
FN:178,(anonymous_23)
FN:182,(anonymous_24)
FN:195,(anonymous_25)
FN:201,(anonymous_26)
FN:205,(anonymous_27)
FN:209,(anonymous_28)
FN:219,(anonymous_29)
FN:227,(anonymous_30)
FN:232,(anonymous_31)
FN:239,(anonymous_32)
FN:33,(anonymous_33)
FN:34,(anonymous_34)
FNF:33
FNH:1
FNDA:1,(anonymous_2)
FNDA:0,StFormFieldComponent
FNDA:0,(anonymous_4)
FNDA:0,(anonymous_5)
FNDA:0,(anonymous_6)
FNDA:0,(anonymous_7)
FNDA:0,(anonymous_8)
FNDA:0,(anonymous_9)
FNDA:0,(anonymous_10)
FNDA:0,(anonymous_11)
FNDA:0,(anonymous_12)
FNDA:0,(anonymous_13)
FNDA:0,(anonymous_14)
FNDA:0,(anonymous_15)
FNDA:0,(anonymous_16)
FNDA:0,(anonymous_17)
FNDA:0,(anonymous_18)
FNDA:0,(anonymous_19)
FNDA:0,(anonymous_20)
FNDA:0,(anonymous_21)
FNDA:0,(anonymous_22)
FNDA:0,(anonymous_23)
FNDA:0,(anonymous_24)
FNDA:0,(anonymous_25)
FNDA:0,(anonymous_26)
FNDA:0,(anonymous_27)
FNDA:0,(anonymous_28)
FNDA:0,(anonymous_29)
FNDA:0,(anonymous_30)
FNDA:0,(anonymous_31)
FNDA:0,(anonymous_32)
FNDA:0,(anonymous_33)
FNDA:0,(anonymous_34)
DA:33,0
DA:34,0
DA:42,1
DA:43,1
DA:44,1
DA:45,1
DA:46,1
DA:47,1
DA:48,1
DA:49,1
DA:50,1
DA:51,1
DA:52,1
DA:53,1
DA:54,1
DA:55,1
DA:57,0
DA:58,0
DA:59,0
DA:64,2
DA:65,0
DA:68,0
DA:71,0
DA:74,1
DA:75,0
DA:76,0
DA:79,1
DA:80,0
DA:81,0
DA:84,1
DA:85,0
DA:86,0
DA:90,1
DA:91,0
DA:92,0
DA:94,0
DA:95,0
DA:96,0
DA:97,0
DA:99,0
DA:100,0
DA:105,1
DA:106,0
DA:107,0
DA:111,1
DA:112,0
DA:113,0
DA:116,0
DA:127,1
DA:128,0
DA:130,0
DA:131,0
DA:133,0
DA:136,0
DA:138,0
DA:142,1
DA:143,0
DA:146,1
DA:147,0
DA:150,1
DA:151,0
DA:154,1
DA:155,0
DA:158,1
DA:159,0
DA:162,1
DA:163,0
DA:164,0
DA:166,0
DA:170,1
DA:171,0
DA:174,1
DA:175,0
DA:178,1
DA:179,0
DA:182,1
DA:183,0
DA:185,0
DA:187,0
DA:189,0
DA:191,0
DA:195,1
DA:196,0
DA:197,0
DA:198,0
DA:201,1
DA:202,0
DA:205,1
DA:206,0
DA:209,1
DA:210,0
DA:211,0
DA:212,0
DA:214,0
DA:219,1
DA:220,0
DA:221,0
DA:223,0
DA:227,1
DA:228,0
DA:229,0
DA:230,0
DA:231,0
DA:232,0
DA:233,0
DA:236,0
DA:239,1
DA:240,0
DA:242,1
LF:109
LH:40
BRDA:65,0,0,0
BRDA:65,0,1,0
BRDA:65,0,2,0
BRDA:80,1,0,0
BRDA:80,1,1,0
BRDA:81,2,0,0
BRDA:81,2,1,0
BRDA:85,3,0,0
BRDA:85,3,1,0
BRDA:85,4,0,0
BRDA:85,4,1,0
BRDA:85,4,2,0
BRDA:91,5,0,0
BRDA:91,5,1,0
BRDA:91,6,0,0
BRDA:91,6,1,0
BRDA:95,7,0,0
BRDA:95,7,1,0
BRDA:95,8,0,0
BRDA:95,8,1,0
BRDA:95,8,2,0
BRDA:99,9,0,0
BRDA:99,9,1,0
BRDA:106,10,0,0
BRDA:106,10,1,0
BRDA:112,11,0,0
BRDA:112,11,1,0
BRDA:129,12,0,0
BRDA:129,12,1,0
BRDA:129,12,2,0
BRDA:130,13,0,0
BRDA:130,13,1,0
BRDA:143,14,0,0
BRDA:143,14,1,0
BRDA:147,15,0,0
BRDA:147,15,1,0
BRDA:155,16,0,0
BRDA:155,16,1,0
BRDA:155,17,0,0
BRDA:155,17,1,0
BRDA:163,18,0,0
BRDA:163,18,1,0
BRDA:184,19,0,0
BRDA:184,19,1,0
BRDA:184,19,2,0
BRDA:184,19,3,0
BRDA:185,20,0,0
BRDA:185,20,1,0
BRDA:185,20,2,0
BRDA:187,21,0,0
BRDA:187,21,1,0
BRDA:189,22,0,0
BRDA:189,22,1,0
BRDA:210,23,0,0
BRDA:210,23,1,0
BRDA:210,24,0,0
BRDA:210,24,1,0
BRDA:211,25,0,0
BRDA:211,25,1,0
BRDA:220,26,0,0
BRDA:220,26,1,0
BRDA:229,27,0,0
BRDA:229,27,1,0
BRF:63
BRH:0
end_of_record
TN:
SF:/home/jdiaz/Documentos/workspace/egeo/projects/egeo/src/lib/st-form/st-form-field/st-form-field.module.ts
FN:37,(anonymous_1)
FNF:1
FNH:1
FNDA:1,(anonymous_1)
DA:37,1
DA:38,1
LF:2
LH:2
BRF:0
BRH:0
end_of_record
TN:
SF:/home/jdiaz/Documentos/workspace/egeo/projects/egeo/src/lib/st-fullscreen-layout/st-fullscreen-layout.ts
FN:45,(anonymous_2)
FN:46,StFullscreenLayoutComponent
FN:50,(anonymous_4)
FNF:3
FNH:1
FNDA:1,(anonymous_2)
FNDA:0,StFullscreenLayoutComponent
FNDA:0,(anonymous_4)
DA:45,1
DA:46,0
DA:47,0
DA:50,1
DA:51,0
DA:54,1
LF:6
LH:3
BRF:0
BRH:0
end_of_record
TN:
SF:/home/jdiaz/Documentos/workspace/egeo/projects/egeo/src/lib/st-header/st-header.component.ts
FN:61,(anonymous_2)
FN:78,StHeaderComponent
FN:84,(anonymous_4)
FN:90,(anonymous_5)
FN:94,(anonymous_6)
FN:98,(anonymous_7)
FN:109,(anonymous_8)
FN:113,(anonymous_9)
FN:123,(anonymous_10)
FNF:9
FNH:1
FNDA:1,(anonymous_2)
FNDA:0,StHeaderComponent
FNDA:0,(anonymous_4)
FNDA:0,(anonymous_5)
FNDA:0,(anonymous_6)
FNDA:0,(anonymous_7)
FNDA:0,(anonymous_8)
FNDA:0,(anonymous_9)
FNDA:0,(anonymous_10)
DA:61,1
DA:64,1
DA:66,1
DA:68,1
DA:70,1
DA:71,1
DA:72,1
DA:74,0
DA:76,0
DA:79,0
DA:80,0
DA:81,0
DA:84,1
DA:85,0
DA:86,0
DA:90,2
DA:91,0
DA:94,1
DA:95,0
DA:98,1
DA:99,0
DA:100,0
DA:101,0
DA:103,0
DA:106,0
DA:109,1
DA:110,0
DA:113,1
DA:114,0
DA:116,0
DA:117,0
DA:119,0
DA:123,1
DA:124,0
DA:125,0
DA:127,0
DA:128,0
DA:131,1
LF:38
LH:15
BRDA:95,0,0,0
BRDA:95,0,1,0
BRDA:99,1,0,0
BRDA:99,1,1,0
BRDA:100,2,0,0
BRDA:100,2,1,0
BRDA:101,3,0,0
BRDA:101,3,1,0
BRDA:116,4,0,0
BRDA:116,4,1,0
BRDA:116,5,0,0
BRDA:116,5,1,0
BRDA:127,6,0,0
BRDA:127,6,1,0
BRF:14
BRH:0
end_of_record
TN:
SF:/home/jdiaz/Documentos/workspace/egeo/projects/egeo/src/lib/st-header/st-header.model.ts
FN:15,(anonymous_6)
FN:24,(anonymous_8)
FN:31,(anonymous_10)
FN:37,(anonymous_12)
FN:41,(anonymous_14)
FN:50,(anonymous_16)
FNF:6
FNH:6
FNDA:1,(anonymous_6)
FNDA:1,(anonymous_8)
FNDA:1,(anonymous_10)
FNDA:1,(anonymous_12)
FNDA:1,(anonymous_14)
FNDA:1,(anonymous_16)
DA:15,1
DA:22,1
DA:24,1
DA:29,1
DA:31,1
DA:35,1
DA:37,1
DA:39,1
DA:41,1
DA:48,1
DA:50,1
DA:55,1
LF:12
LH:12
BRF:0
BRH:0
end_of_record
TN:
SF:/home/jdiaz/Documentos/workspace/egeo/projects/egeo/src/lib/st-header/menu/menu.ts
FN:27,(anonymous_2)
FN:34,StHeaderMenuComponent
FN:36,(anonymous_4)
FN:40,(anonymous_5)
FNF:4
FNH:1
FNDA:1,(anonymous_2)
FNDA:0,StHeaderMenuComponent
FNDA:0,(anonymous_4)
FNDA:0,(anonymous_5)
DA:27,1
DA:29,1
DA:30,1
DA:32,1
DA:34,0
DA:36,1
DA:37,0
DA:40,1
DA:41,0
DA:43,1
LF:10
LH:7
BRF:0
BRH:0
end_of_record
TN:
SF:/home/jdiaz/Documentos/workspace/egeo/projects/egeo/src/lib/st-header/menu-option/menu-option.ts
FN:33,(anonymous_2)
FN:46,StHeaderMenuOptionComponent
FN:47,(anonymous_4)
FN:51,(anonymous_5)
FN:57,(anonymous_6)
FN:61,(anonymous_7)
FN:62,(anonymous_8)
FN:74,(anonymous_9)
FN:78,(anonymous_10)
FN:83,(anonymous_11)
FN:95,(anonymous_12)
FN:101,(anonymous_13)
FN:108,(anonymous_14)
FNF:13
FNH:1
FNDA:1,(anonymous_2)
FNDA:0,StHeaderMenuOptionComponent
FNDA:0,(anonymous_4)
FNDA:0,(anonymous_5)
FNDA:0,(anonymous_6)
FNDA:0,(anonymous_7)
FNDA:0,(anonymous_8)
FNDA:0,(anonymous_9)
FNDA:0,(anonymous_10)
FNDA:0,(anonymous_11)
FNDA:0,(anonymous_12)
FNDA:0,(anonymous_13)
FNDA:0,(anonymous_14)
DA:33,1
DA:35,1
DA:36,1
DA:38,1
DA:40,1
DA:41,0
DA:44,0
DA:46,0
DA:47,0
DA:48,0
DA:51,1
DA:52,0
DA:53,0
DA:54,0
DA:57,1
DA:58,0
DA:61,1
DA:62,0
DA:74,1
DA:75,0
DA:78,1
DA:79,0
DA:80,0
DA:83,1
DA:84,0
DA:85,0
DA:87,0
DA:95,1
DA:96,0
DA:97,0
DA:101,2
DA:102,0
DA:103,0
DA:104,0
DA:108,1
DA:109,0
DA:110,0
DA:111,0
DA:114,1
LF:39
LH:15
BRDA:58,0,0,0
BRDA:58,0,1,0
BRDA:62,1,0,0
BRDA:62,1,1,0
BRDA:84,2,0,0
BRDA:84,2,1,0
BRDA:102,3,0,0
BRDA:102,3,1,0
BRDA:103,4,0,0
BRDA:103,4,1,0
BRDA:103,5,0,0
BRDA:103,5,1,0
BRDA:109,6,0,0
BRDA:109,6,1,0
BRF:14
BRH:0
end_of_record
TN:
SF:/home/jdiaz/Documentos/workspace/egeo/projects/egeo/src/lib/st-horizontal-tabs/st-horizontal-tabs.component.ts
FN:43,(anonymous_2)
FN:35,StHorizontalTabsComponent
FN:58,(anonymous_4)
FN:65,(anonymous_5)
FN:69,(anonymous_6)
FN:74,(anonymous_7)
FNF:6
FNH:1
FNDA:1,(anonymous_2)
FNDA:0,StHorizontalTabsComponent
FNDA:0,(anonymous_4)
FNDA:0,(anonymous_5)
FNDA:0,(anonymous_6)
FNDA:0,(anonymous_7)
DA:43,1
DA:45,1
DA:49,1
DA:51,1
DA:55,1
DA:58,1
DA:59,0
DA:60,0
DA:61,0
DA:65,1
DA:66,0
DA:69,1
DA:70,0
DA:71,0
DA:74,1
DA:75,0
DA:77,1
LF:17
LH:10
BRDA:59,0,0,0
BRDA:59,0,1,0
BRDA:59,1,0,0
BRDA:59,1,1,0
BRDA:60,2,0,0
BRDA:60,2,1,0
BRDA:75,3,0,0
BRDA:75,3,1,0
BRF:8
BRH:0
end_of_record
TN:
SF:/home/jdiaz/Documentos/workspace/egeo/projects/egeo/src/lib/st-horizontal-tabs/st-horizontal-tabs.model.ts
FN:13,(anonymous_0)
FNF:1
FNH:1
FNDA:1,(anonymous_0)
DA:13,1
LF:1
LH:1
BRDA:13,0,0,1
BRDA:13,0,1,1
BRF:2
BRH:2
end_of_record
TN:
SF:/home/jdiaz/Documentos/workspace/egeo/projects/egeo/src/lib/st-horizontal-tabs/st-horizontal-tabs.module.ts
FN:20,(anonymous_1)
FNF:1
FNH:1
FNDA:1,(anonymous_1)
DA:20,1
LF:1
LH:1
BRF:0
BRH:0
end_of_record
TN:
SF:/home/jdiaz/Documentos/workspace/egeo/projects/egeo/src/lib/st-info-box/st-info-box.component.ts
FN:20,(anonymous_2)
FN:29,StInfoBoxComponent
FN:31,(anonymous_4)
FN:38,(anonymous_5)
FNF:4
FNH:1
FNDA:1,(anonymous_2)
FNDA:0,StInfoBoxComponent
FNDA:0,(anonymous_4)
FNDA:0,(anonymous_5)
DA:20,1
DA:21,1
DA:22,1
DA:24,1
DA:25,1
DA:31,1
DA:32,0
DA:33,0
DA:35,0
DA:38,1
DA:39,0
DA:40,0
DA:41,0
DA:47,0
DA:48,0
DA:54,0
DA:57,1
LF:17
LH:8
BRDA:32,0,0,0
BRDA:32,0,1,0
BRDA:40,1,0,0
BRDA:40,1,1,0
BRDA:47,2,0,0
BRDA:47,2,1,0
BRF:6
BRH:0
end_of_record
TN:
SF:/home/jdiaz/Documentos/workspace/egeo/projects/egeo/src/lib/st-input/st-input.component.ts
FN:39,(anonymous_2)
FN:83,StInputComponent
FN:86,(anonymous_4)
FN:89,(anonymous_5)
FN:58,(anonymous_6)
FN:62,(anonymous_7)
FN:93,(anonymous_8)
FN:97,(anonymous_9)
FN:100,(anonymous_10)
FN:106,(anonymous_11)
FN:108,(anonymous_12)
FN:115,(anonymous_13)
FN:122,(anonymous_14)
FN:132,(anonymous_15)
FN:139,(anonymous_16)
FN:144,(anonymous_17)
FN:148,(anonymous_18)
FN:158,(anonymous_19)
FN:162,(anonymous_20)
FN:166,(anonymous_21)
FN:170,(anonymous_22)
FN:176,(anonymous_23)
FN:181,(anonymous_24)
FN:191,(anonymous_25)
FN:198,(anonymous_26)
FN:231,(anonymous_27)
FN:33,(anonymous_28)
FN:34,(anonymous_29)
FNF:28
FNH:1
FNDA:1,(anonymous_2)
FNDA:0,StInputComponent
FNDA:0,(anonymous_4)
FNDA:0,(anonymous_5)
FNDA:0,(anonymous_6)
FNDA:0,(anonymous_7)
FNDA:0,(anonymous_8)
FNDA:0,(anonymous_9)
FNDA:0,(anonymous_10)
FNDA:0,(anonymous_11)
FNDA:0,(anonymous_12)
FNDA:0,(anonymous_13)
FNDA:0,(anonymous_14)
FNDA:0,(anonymous_15)
FNDA:0,(anonymous_16)
FNDA:0,(anonymous_17)
FNDA:0,(anonymous_18)
FNDA:0,(anonymous_19)
FNDA:0,(anonymous_20)
FNDA:0,(anonymous_21)
FNDA:0,(anonymous_22)
FNDA:0,(anonymous_23)
FNDA:0,(anonymous_24)
FNDA:0,(anonymous_25)
FNDA:0,(anonymous_26)
FNDA:0,(anonymous_27)
FNDA:0,(anonymous_28)
FNDA:0,(anonymous_29)
DA:33,0
DA:34,0
DA:39,1
DA:41,1
DA:42,1
DA:43,1
DA:44,1
DA:45,1
DA:46,1
DA:47,1
DA:48,1
DA:49,1
DA:50,1
DA:51,1
DA:52,1
DA:53,1
DA:54,1
DA:55,1
DA:58,2
DA:59,0
DA:63,0
DA:67,1
DA:69,1
DA:71,0
DA:72,0
DA:73,0
DA:75,0
DA:76,0
DA:83,0
DA:86,0
DA:89,0
DA:93,1
DA:94,0
DA:95,0
DA:97,0
DA:100,1
DA:101,0
DA:102,0
DA:106,1
DA:107,0
DA:108,0
DA:109,0
DA:110,0
DA:111,0
DA:115,1
DA:116,0
DA:117,0
DA:118,0
DA:122,1
DA:123,0
DA:124,0
DA:126,0
DA:127,0
DA:132,1
DA:133,0
DA:134,0
DA:135,0
DA:139,1
DA:140,0
DA:144,1
DA:145,0
DA:148,1
DA:149,0
DA:150,0
DA:151,0
DA:152,0
DA:153,0
DA:155,0
DA:158,1
DA:159,0
DA:162,1
DA:163,0
DA:166,1
DA:167,0
DA:170,1
DA:171,0
DA:172,0
DA:176,1
DA:177,0
DA:178,0
DA:181,1
DA:182,0
DA:184,0
DA:185,0
DA:187,0
DA:191,1
DA:192,0
DA:193,0
DA:194,0
DA:198,1
DA:199,0
DA:200,0
DA:203,0
DA:204,0
DA:207,0
DA:208,0
DA:210,0
DA:211,0
DA:213,0
DA:214,0
DA:216,0
DA:217,0
DA:219,0
DA:220,0
DA:222,0
DA:223,0
DA:225,0
DA:226,0
DA:228,0
DA:231,1
DA:232,0
DA:234,0
DA:235,0
DA:237,0
DA:240,0
DA:243,1
LF:116
LH:38
BRDA:94,0,0,0
BRDA:94,0,1,0
BRDA:101,1,0,0
BRDA:101,1,1,0
BRDA:101,2,0,0
BRDA:101,2,1,0
BRDA:116,3,0,0
BRDA:116,3,1,0
BRDA:123,4,0,0
BRDA:123,4,1,0
BRDA:126,5,0,0
BRDA:126,5,1,0
BRDA:150,6,0,0
BRDA:150,6,1,0
BRDA:150,7,0,0
BRDA:150,7,1,0
BRDA:150,7,2,0
BRDA:152,8,0,0
BRDA:152,8,1,0
BRDA:152,9,0,0
BRDA:152,9,1,0
BRDA:152,9,2,0
BRDA:159,10,0,0
BRDA:159,10,1,0
BRDA:159,10,2,0
BRDA:159,10,3,0
BRDA:159,10,4,0
BRDA:163,11,0,0
BRDA:163,11,1,0
BRDA:167,12,0,0
BRDA:167,12,1,0
BRDA:167,12,2,0
BRDA:184,13,0,0
BRDA:184,13,1,0
BRDA:199,14,0,0
BRDA:199,14,1,0
BRDA:203,15,0,0
BRDA:203,15,1,0
BRDA:207,16,0,0
BRDA:207,16,1,0
BRDA:208,17,0,0
BRDA:208,17,1,0
BRDA:208,17,2,0
BRDA:210,18,0,0
BRDA:210,18,1,0
BRDA:211,19,0,0
BRDA:211,19,1,0
BRDA:211,19,2,0
BRDA:213,20,0,0
BRDA:213,20,1,0
BRDA:214,21,0,0
BRDA:214,21,1,0
BRDA:214,21,2,0
BRDA:216,22,0,0
BRDA:216,22,1,0
BRDA:217,23,0,0
BRDA:217,23,1,0
BRDA:217,23,2,0
BRDA:219,24,0,0
BRDA:219,24,1,0
BRDA:220,25,0,0
BRDA:220,25,1,0
BRDA:220,25,2,0
BRDA:222,26,0,0
BRDA:222,26,1,0
BRDA:223,27,0,0
BRDA:223,27,1,0
BRDA:223,27,2,0
BRDA:225,28,0,0
BRDA:225,28,1,0
BRDA:226,29,0,0
BRDA:226,29,1,0
BRDA:226,29,2,0
BRDA:233,30,0,0
BRDA:233,30,1,0
BRDA:234,31,0,0
BRDA:234,31,1,0
BRDA:234,32,0,0
BRDA:234,32,1,0
BRF:79
BRH:0
end_of_record
TN:
SF:/home/jdiaz/Documentos/workspace/egeo/projects/egeo/src/lib/st-input/st-input.module.ts
FN:24,(anonymous_1)
FNF:1
FNH:1
FNDA:1,(anonymous_1)
DA:24,1
LF:1
LH:1
BRF:0
BRH:0
end_of_record
TN:
SF:/home/jdiaz/Documentos/workspace/egeo/projects/egeo/src/lib/st-item-list/st-item-list.component.ts
FN:22,(anonymous_2)
FN:16,StItemListComponent
FN:34,(anonymous_4)
FN:38,(anonymous_5)
FN:42,(anonymous_6)
FN:46,(anonymous_7)
FNF:6
FNH:1
FNDA:1,(anonymous_2)
FNDA:0,StItemListComponent
FNDA:0,(anonymous_4)
FNDA:0,(anonymous_5)
FNDA:0,(anonymous_6)
FNDA:0,(anonymous_7)
DA:22,1
DA:24,1
DA:25,1
DA:26,1
DA:27,1
DA:28,1
DA:29,1
DA:31,1
DA:32,1
DA:34,1
DA:35,0
DA:38,1
DA:39,0
DA:42,1
DA:43,0
DA:46,1
DA:47,0
DA:50,1
LF:18
LH:14
BRDA:35,0,0,0
BRDA:35,0,1,0
BRDA:35,0,2,0
BRDA:39,1,0,0
BRDA:39,1,1,0
BRDA:39,1,2,0
BRDA:43,2,0,0
BRDA:43,2,1,0
BRDA:47,3,0,0
BRDA:47,3,1,0
BRDA:47,3,2,0
BRF:11
BRH:0
end_of_record
TN:
SF:/home/jdiaz/Documentos/workspace/egeo/projects/egeo/src/lib/st-item-list/item-list-item/item-list-item.component.ts
FN:23,(anonymous_2)
FN:31,ItemListItemComponent
FN:33,(anonymous_4)
FN:37,(anonymous_5)
FN:41,(anonymous_6)
FN:45,(anonymous_7)
FN:49,(anonymous_8)
FN:55,(anonymous_9)
FNF:8
FNH:1
FNDA:1,(anonymous_2)
FNDA:0,ItemListItemComponent
FNDA:0,(anonymous_4)
FNDA:0,(anonymous_5)
FNDA:0,(anonymous_6)
FNDA:0,(anonymous_7)
FNDA:0,(anonymous_8)
FNDA:0,(anonymous_9)
DA:23,1
DA:25,1
DA:26,1
DA:27,1
DA:29,1
DA:33,1
DA:34,0
DA:37,1
DA:38,0
DA:41,1
DA:42,0
DA:45,1
DA:46,0
DA:49,1
DA:50,0
DA:51,0
DA:52,0
DA:55,1
DA:56,0
DA:57,0
DA:58,0
DA:60,1
LF:22
LH:12
BRDA:42,0,0,0
BRDA:42,0,1,0
BRDA:46,1,0,0
BRDA:46,1,1,0
BRDA:46,1,2,0
BRDA:51,2,0,0
BRDA:51,2,1,0
BRF:7
BRH:0
end_of_record
TN:
SF:/home/jdiaz/Documentos/workspace/egeo/projects/egeo/src/lib/st-item-list/item-list-scroll/item-list-scroll.component.ts
FN:23,(anonymous_2)
FN:17,ItemListScrollComponent
FN:33,(anonymous_4)
FNF:3
FNH:1
FNDA:1,(anonymous_2)
FNDA:0,ItemListScrollComponent
FNDA:0,(anonymous_4)
DA:23,1
DA:25,1
DA:26,1
DA:27,1
DA:29,1
DA:31,0
DA:33,1
DA:34,0
DA:36,1
LF:9
LH:7
BRDA:34,0,0,0
BRDA:34,0,1,0
BRDA:34,0,2,0
BRF:3
BRH:0
end_of_record
TN:
SF:/home/jdiaz/Documentos/workspace/egeo/projects/egeo/src/lib/st-label/st-label.component.ts
FN:21,(anonymous_8)
FN:24,StLabelComponent
FNF:2
FNH:1
FNDA:1,(anonymous_8)
FNDA:0,StLabelComponent
DA:21,1
DA:22,1
DA:25,0
DA:27,1
LF:4
LH:3
BRDA:25,0,0,0
BRDA:25,0,1,0
BRF:2
BRH:0
end_of_record
TN:
SF:/home/jdiaz/Documentos/workspace/egeo/projects/egeo/src/lib/st-label/st-label.module.ts
FN:26,(anonymous_1)
FNF:1
FNH:1
FNDA:11,(anonymous_1)
DA:26,1
LF:1
LH:1
BRF:0
BRH:0
end_of_record
TN:
SF:/home/jdiaz/Documentos/workspace/egeo/projects/egeo/src/lib/st-launcher/st-launcher.component.ts
FN:57,(anonymous_2)
FN:83,StLauncherComponent
FN:63,(anonymous_4)
FN:66,(anonymous_5)
FN:87,(anonymous_6)
FN:96,(anonymous_7)
FN:100,(anonymous_8)
FN:105,(anonymous_9)
FN:109,(anonymous_10)
FNF:9
FNH:1
FNDA:1,(anonymous_2)
FNDA:0,StLauncherComponent
FNDA:0,(anonymous_4)
FNDA:0,(anonymous_5)
FNDA:0,(anonymous_6)
FNDA:0,(anonymous_7)
FNDA:0,(anonymous_8)
FNDA:0,(anonymous_9)
FNDA:0,(anonymous_10)
DA:57,1
DA:60,1
DA:63,2
DA:64,0
DA:67,0
DA:70,1
DA:72,1
DA:75,1
DA:77,1
DA:79,1
DA:81,0
DA:84,0
DA:87,1
DA:88,0
DA:89,0
DA:90,0
DA:91,0
DA:96,1
DA:97,0
DA:100,1
DA:101,0
DA:102,0
DA:105,1
DA:106,0
DA:109,1
DA:110,0
DA:112,1
LF:27
LH:14
BRDA:88,0,0,0
BRDA:88,0,1,0
BRDA:88,1,0,0
BRDA:88,1,1,0
BRDA:88,1,2,0
BRDA:89,2,0,0
BRDA:89,2,1,0
BRDA:97,3,0,0
BRDA:97,3,1,0
BRDA:97,3,2,0
BRF:10
BRH:0
end_of_record
TN:
SF:/home/jdiaz/Documentos/workspace/egeo/projects/egeo/src/lib/st-launcher/st-launcher.model.ts
FN:13,(anonymous_0)
FN:18,(anonymous_2)
FN:24,(anonymous_4)
FN:29,(anonymous_6)
FNF:4
FNH:4
FNDA:1,(anonymous_0)
FNDA:1,(anonymous_2)
FNDA:1,(anonymous_4)
FNDA:1,(anonymous_6)
DA:13,1
DA:16,1
DA:18,1
DA:22,1
DA:24,1
DA:27,1
DA:29,1
DA:33,1
LF:8
LH:8
BRF:0
BRH:0
end_of_record
TN:
SF:/home/jdiaz/Documentos/workspace/egeo/projects/egeo/src/lib/st-launcher/st-launcher-item/st-launcher-item.component.ts
FN:19,(anonymous_2)
FN:30,StLauncherItemComponent
FN:33,(anonymous_4)
FN:39,(anonymous_5)
FN:45,(anonymous_6)
FNF:5
FNH:1
FNDA:1,(anonymous_2)
FNDA:0,StLauncherItemComponent
FNDA:0,(anonymous_4)
FNDA:0,(anonymous_5)
FNDA:0,(anonymous_6)
DA:19,1
DA:21,1
DA:22,1
DA:23,1
DA:24,1
DA:26,1
DA:27,1
DA:28,1
DA:33,1
DA:34,0
DA:35,0
DA:39,1
DA:40,0
DA:41,0
DA:45,1
DA:46,0
DA:48,1
LF:17
LH:12
BRDA:34,0,0,0
BRDA:34,0,1,0
BRDA:34,1,0,0
BRDA:34,1,1,0
BRDA:40,2,0,0
BRDA:40,2,1,0
BRDA:40,3,0,0
BRDA:40,3,1,0
BRDA:40,3,2,0
BRDA:40,3,3,0
BRF:10
BRH:0
end_of_record
TN:
SF:/home/jdiaz/Documentos/workspace/egeo/projects/egeo/src/lib/st-modal/st-modal.component.ts
FN:34,(anonymous_2)
FN:48,StModalComponent
FN:53,(anonymous_4)
FN:57,(anonymous_5)
FN:61,(anonymous_6)
FN:65,(anonymous_7)
FN:69,(anonymous_8)
FN:73,(anonymous_9)
FN:77,(anonymous_10)
FN:81,(anonymous_11)
FN:85,(anonymous_12)
FN:92,(anonymous_13)
FN:96,(anonymous_14)
FN:100,(anonymous_15)
FN:108,(anonymous_16)
FN:116,(anonymous_17)
FN:123,(anonymous_18)
FN:128,(anonymous_19)
FN:137,(anonymous_20)
FN:138,(anonymous_21)
FN:141,(anonymous_22)
FNF:21
FNH:1
FNDA:1,(anonymous_2)
FNDA:0,StModalComponent
FNDA:0,(anonymous_4)
FNDA:0,(anonymous_5)
FNDA:0,(anonymous_6)
FNDA:0,(anonymous_7)
FNDA:0,(anonymous_8)
FNDA:0,(anonymous_9)
FNDA:0,(anonymous_10)
FNDA:0,(anonymous_11)
FNDA:0,(anonymous_12)
FNDA:0,(anonymous_13)
FNDA:0,(anonymous_14)
FNDA:0,(anonymous_15)
FNDA:0,(anonymous_16)
FNDA:0,(anonymous_17)
FNDA:0,(anonymous_18)
FNDA:0,(anonymous_19)
FNDA:0,(anonymous_20)
FNDA:0,(anonymous_21)
FNDA:0,(anonymous_22)
DA:34,1
DA:35,1
DA:36,1
DA:37,1
DA:38,1
DA:39,1
DA:41,0
DA:42,0
DA:49,0
DA:50,0
DA:53,1
DA:54,0
DA:57,1
DA:58,0
DA:61,1
DA:62,0
DA:65,1
DA:66,0
DA:69,1
DA:70,0
DA:73,1
DA:74,0
DA:77,1
DA:78,0
DA:81,1
DA:82,0
DA:85,1
DA:86,0
DA:87,0
DA:88,0
DA:89,0
DA:92,1
DA:93,0
DA:96,1
DA:97,0
DA:100,1
DA:101,0
DA:108,1
DA:109,0
DA:110,0
DA:111,0
DA:113,0
DA:116,1
DA:117,0
DA:118,0
DA:120,0
DA:123,1
DA:124,0
DA:125,0
DA:128,1
DA:129,0
DA:130,0
DA:131,0
DA:132,0
DA:133,0
DA:137,1
DA:138,0
DA:139,0
DA:141,0
DA:142,0
DA:144,0
DA:146,1
LF:62
LH:24
BRDA:62,0,0,0
BRDA:62,0,1,0
BRDA:66,1,0,0
BRDA:66,1,1,0
BRDA:70,2,0,0
BRDA:70,2,1,0
BRDA:86,3,0,0
BRDA:86,3,1,0
BRDA:87,4,0,0
BRDA:87,4,1,0
BRDA:93,5,0,0
BRDA:93,5,1,0
BRDA:109,6,0,0
BRDA:109,6,1,0
BRDA:110,7,0,0
BRDA:110,7,1,0
BRDA:110,8,0,0
BRDA:110,8,1,0
BRDA:110,9,0,0
BRDA:110,9,1,0
BRDA:117,10,0,0
BRDA:117,10,1,0
BRDA:125,11,0,0
BRDA:125,11,1,0
BRDA:125,12,0,0
BRDA:125,12,1,0
BRDA:129,13,0,0
BRDA:129,13,1,0
BRF:28
BRH:0
end_of_record
TN:
SF:/home/jdiaz/Documentos/workspace/egeo/projects/egeo/src/lib/st-modal/st-modal.model.ts
FN:15,(anonymous_0)
FN:16,(anonymous_1)
FN:18,(anonymous_2)
FN:28,(anonymous_4)
FN:43,(anonymous_6)
FNF:5
FNH:5
FNDA:1,(anonymous_0)
FNDA:1,(anonymous_1)
FNDA:1,(anonymous_2)
FNDA:1,(anonymous_4)
FNDA:1,(anonymous_6)
DA:15,1
DA:16,1
DA:18,1
DA:26,1
DA:28,1
DA:41,1
DA:43,1
DA:46,1
LF:8
LH:8
BRDA:15,0,0,1
BRDA:15,0,1,1
BRDA:16,1,0,1
BRDA:16,1,1,1
BRF:4
BRH:4
end_of_record
TN:
SF:/home/jdiaz/Documentos/workspace/egeo/projects/egeo/src/lib/st-modal/st-modal.service.ts
FN:32,(anonymous_2)
FN:38,StModalService
FN:41,(anonymous_4)
FN:46,(anonymous_5)
FN:56,(anonymous_6)
FN:93,(anonymous_7)
FN:98,(anonymous_8)
FN:107,(anonymous_9)
FN:116,(anonymous_10)
FN:125,(anonymous_11)
FN:132,(anonymous_12)
FN:146,(anonymous_13)
FN:165,(anonymous_14)
FN:166,(anonymous_15)
FNF:14
FNH:1
FNDA:1,(anonymous_2)
FNDA:0,StModalService
FNDA:0,(anonymous_4)
FNDA:0,(anonymous_5)
FNDA:0,(anonymous_6)
FNDA:0,(anonymous_7)
FNDA:0,(anonymous_8)
FNDA:0,(anonymous_9)
FNDA:0,(anonymous_10)
FNDA:0,(anonymous_11)
FNDA:0,(anonymous_12)
FNDA:0,(anonymous_13)
FNDA:0,(anonymous_14)
FNDA:0,(anonymous_15)
DA:32,1
DA:34,0
DA:35,0
DA:38,0
DA:41,1
DA:42,0
DA:46,1
DA:47,0
DA:48,0
DA:49,0
DA:51,0
DA:52,0
DA:53,0
DA:56,1
DA:62,0
DA:63,0
DA:64,0
DA:67,0
DA:74,0
DA:75,0
DA:82,0
DA:93,1
DA:94,0
DA:98,1
DA:99,0
DA:100,0
DA:101,0
DA:102,0
DA:103,0
DA:107,1
DA:108,0
DA:109,0
DA:110,0
DA:111,0
DA:112,0
DA:116,1
DA:117,0
DA:119,0
DA:120,0
DA:122,0
DA:125,1
DA:126,0
DA:127,0
DA:128,0
DA:132,1
DA:133,0
DA:134,0
DA:135,0
DA:137,0
DA:138,0
DA:140,0
DA:141,0
DA:143,0
DA:146,1
DA:147,0
DA:160,0
DA:161,0
DA:162,0
DA:165,1
DA:166,0
DA:168,1
LF:61
LH:13
BRDA:48,0,0,0
BRDA:48,0,1,0
BRDA:48,1,0,0
BRDA:48,1,1,0
BRDA:62,2,0,0
BRDA:62,2,1,0
BRDA:63,3,0,0
BRDA:63,3,1,0
BRDA:64,4,0,0
BRDA:64,4,1,0
BRDA:69,5,0,0
BRDA:69,5,1,0
BRDA:74,6,0,0
BRDA:74,6,1,0
BRDA:77,7,0,0
BRDA:77,7,1,0
BRDA:100,8,0,0
BRDA:100,8,1,0
BRDA:108,9,0,0
BRDA:108,9,1,0
BRDA:127,10,0,0
BRDA:127,10,1,0
BRDA:134,11,0,0
BRDA:134,11,1,0
BRDA:137,12,0,0
BRDA:137,12,1,0
BRDA:140,13,0,0
BRDA:140,13,1,0
BRDA:140,14,0,0
BRDA:140,14,1,0
BRDA:140,14,2,0
BRF:31
BRH:0
end_of_record
TN:
SF:/home/jdiaz/Documentos/workspace/egeo/projects/egeo/src/lib/st-modal/st-modal-buttons/st-modal-buttons.ts
FN:21,(anonymous_2)
FN:15,StModalButtonsComponent
FN:29,(anonymous_4)
FN:33,(anonymous_5)
FN:37,(anonymous_6)
FN:43,(anonymous_7)
FN:47,(anonymous_8)
FN:52,(anonymous_9)
FNF:8
FNH:1
FNDA:1,(anonymous_2)
FNDA:0,StModalButtonsComponent
FNDA:0,(anonymous_4)
FNDA:0,(anonymous_5)
FNDA:0,(anonymous_6)
FNDA:0,(anonymous_7)
FNDA:0,(anonymous_8)
FNDA:0,(anonymous_9)
DA:21,1
DA:23,1
DA:24,1
DA:25,1
DA:27,0
DA:29,1
DA:30,0
DA:33,1
DA:34,0
DA:37,1
DA:38,0
DA:39,0
DA:40,0
DA:43,1
DA:44,0
DA:47,1
DA:48,0
DA:52,1
DA:53,0
DA:54,0
DA:55,0
DA:56,0
DA:59,1
LF:23
LH:11
BRDA:34,0,0,0
BRDA:34,0,1,0
BRDA:38,1,0,0
BRDA:38,1,1,0
BRDA:38,2,0,0
BRDA:38,2,1,0
BRDA:39,3,0,0
BRDA:39,3,1,0
BRDA:44,4,0,0
BRDA:44,4,1,0
BRDA:44,5,0,0
BRDA:44,5,1,0
BRDA:53,6,0,0
BRDA:53,6,1,0
BRDA:55,7,0,0
BRDA:55,7,1,0
BRF:16
BRH:0
end_of_record
TN:
SF:/home/jdiaz/Documentos/workspace/egeo/projects/egeo/src/lib/st-modal2/st-modal2.component.ts
FN:20,(anonymous_2)
FN:14,StModal2Component
FN:34,(anonymous_4)
FNF:3
FNH:1
FNDA:1,(anonymous_2)
FNDA:0,StModal2Component
FNDA:0,(anonymous_4)
DA:20,1
DA:22,1
DA:23,1
DA:24,1
DA:25,1
DA:26,1
DA:28,1
DA:29,1
DA:31,0
DA:32,0
DA:34,2
DA:35,0
DA:36,0
DA:39,0
DA:40,0
DA:43,1
LF:16
LH:10
BRDA:35,0,0,0
BRDA:35,0,1,0
BRDA:35,1,0,0
BRDA:35,1,1,0
BRDA:39,2,0,0
BRDA:39,2,1,0
BRF:6
BRH:0
end_of_record
TN:
SF:/home/jdiaz/Documentos/workspace/egeo/projects/egeo/src/lib/st-page-title/st-page-title.component.ts
FN:31,(anonymous_2)
FN:43,(anonymous_3)
FN:35,StPageTitleComponent
FN:85,(anonymous_5)
FN:87,(anonymous_6)
FN:45,(anonymous_7)
FN:49,(anonymous_8)
FN:77,(anonymous_9)
FN:81,(anonymous_10)
FN:89,(anonymous_11)
FN:93,(anonymous_12)
FN:97,(anonymous_13)
FN:101,(anonymous_14)
FN:105,(anonymous_15)
FN:109,(anonymous_16)
FN:114,(anonymous_17)
FN:118,(anonymous_18)
FNF:17
FNH:1
FNDA:0,(anonymous_2)
FNDA:1,(anonymous_3)
FNDA:0,StPageTitleComponent
FNDA:0,(anonymous_5)
FNDA:0,(anonymous_6)
FNDA:0,(anonymous_7)
FNDA:0,(anonymous_8)
FNDA:0,(anonymous_9)
FNDA:0,(anonymous_10)
FNDA:0,(anonymous_11)
FNDA:0,(anonymous_12)
FNDA:0,(anonymous_13)
FNDA:0,(anonymous_14)
FNDA:0,(anonymous_15)
FNDA:0,(anonymous_16)
FNDA:0,(anonymous_17)
FNDA:0,(anonymous_18)
DA:28,1
DA:31,0
DA:43,1
DA:45,2
DA:46,0
DA:50,0
DA:51,0
DA:54,0
DA:57,1
DA:58,1
DA:59,1
DA:60,1
DA:61,1
DA:62,1
DA:63,1
DA:64,1
DA:65,1
DA:66,1
DA:67,1
DA:68,1
DA:69,1
DA:71,1
DA:73,0
DA:74,0
DA:77,1
DA:78,0
DA:81,1
DA:82,0
DA:85,0
DA:87,0
DA:89,1
DA:90,0
DA:93,1
DA:94,0
DA:97,1
DA:98,0
DA:101,1
DA:102,0
DA:105,1
DA:106,0
DA:109,1
DA:110,0
DA:111,0
DA:114,1
DA:115,0
DA:118,1
DA:119,0
DA:121,1
LF:48
LH:28
BRDA:50,0,0,0
BRDA:50,0,1,0
BRF:2
BRH:0
end_of_record
TN:
SF:/home/jdiaz/Documentos/workspace/egeo/projects/egeo/src/lib/st-pagination/st-pagination.component.ts
FN:56,(anonymous_2)
FN:105,StPaginationComponent
FN:88,(anonymous_4)
FN:92,(anonymous_5)
FN:109,(anonymous_6)
FN:113,(anonymous_7)
FN:118,(anonymous_8)
FN:122,(anonymous_9)
FN:126,(anonymous_10)
FN:130,(anonymous_11)
FN:135,(anonymous_12)
FN:149,(anonymous_13)
FN:154,(anonymous_14)
FN:160,(anonymous_15)
FN:165,(anonymous_16)
FN:170,(anonymous_17)
FN:174,(anonymous_18)
FN:178,(anonymous_19)
FN:187,(anonymous_20)
FNF:19
FNH:1
FNDA:1,(anonymous_2)
FNDA:0,StPaginationComponent
FNDA:0,(anonymous_4)
FNDA:0,(anonymous_5)
FNDA:0,(anonymous_6)
FNDA:0,(anonymous_7)
FNDA:0,(anonymous_8)
FNDA:0,(anonymous_9)
FNDA:0,(anonymous_10)
FNDA:0,(anonymous_11)
FNDA:0,(anonymous_12)
FNDA:0,(anonymous_13)
FNDA:0,(anonymous_14)
FNDA:0,(anonymous_15)
FNDA:0,(anonymous_16)
FNDA:0,(anonymous_17)
FNDA:0,(anonymous_18)
FNDA:0,(anonymous_19)
FNDA:0,(anonymous_20)
DA:56,1
DA:58,1
DA:61,1
DA:64,1
DA:72,1
DA:79,1
DA:84,1
DA:88,2
DA:89,0
DA:93,0
DA:96,0
DA:97,0
DA:100,0
DA:103,0
DA:105,0
DA:106,0
DA:109,1
DA:110,0
DA:113,1
DA:114,0
DA:115,0
DA:118,1
DA:119,0
DA:122,1
DA:123,0
DA:126,1
DA:127,0
DA:130,1
DA:131,0
DA:132,0
DA:135,1
DA:136,0
DA:137,0
DA:138,0
DA:140,0
DA:141,0
DA:142,0
DA:144,0
DA:145,0
DA:149,1
DA:150,0
DA:151,0
DA:153,0
DA:154,0
DA:157,0
DA:160,1
DA:161,0
DA:162,0
DA:165,1
DA:166,0
DA:167,0
DA:170,1
DA:171,0
DA:172,0
DA:173,0
DA:174,0
DA:175,0
DA:178,1
DA:179,0
DA:180,0
DA:187,1
DA:188,0
DA:190,0
DA:191,0
DA:192,0
DA:194,0
DA:195,0
DA:198,0
DA:199,0
DA:200,0
DA:202,0
DA:205,0
DA:206,0
DA:212,1
LF:74
LH:22
BRDA:110,0,0,0
BRDA:110,0,1,0
BRDA:115,1,0,0
BRDA:115,1,1,0
BRDA:119,2,0,0
BRDA:119,2,1,0
BRDA:123,3,0,0
BRDA:123,3,1,0
BRDA:127,4,0,0
BRDA:127,4,1,0
BRDA:136,5,0,0
BRDA:136,5,1,0
BRDA:136,6,0,0
BRDA:136,6,1,0
BRDA:136,6,2,0
BRDA:140,7,0,0
BRDA:140,7,1,0
BRDA:140,8,0,0
BRDA:140,8,1,0
BRDA:140,8,2,0
BRDA:144,9,0,0
BRDA:144,9,1,0
BRDA:144,10,0,0
BRDA:144,10,1,0
BRDA:144,10,2,0
BRDA:153,11,0,0
BRDA:153,11,1,0
BRDA:154,12,0,0
BRDA:154,12,1,0
BRDA:179,13,0,0
BRDA:179,13,1,0
BRDA:179,14,0,0
BRDA:179,14,1,0
BRDA:179,14,2,0
BRDA:187,15,0,0
BRDA:187,15,1,0
BRDA:190,16,0,0
BRDA:190,16,1,0
BRDA:198,17,0,0
BRDA:198,17,1,0
BRDA:205,18,0,0
BRDA:205,18,1,0
BRF:42
BRH:0
end_of_record
TN:
SF:/home/jdiaz/Documentos/workspace/egeo/projects/egeo/src/lib/st-pagination/st-pagination.service.ts
FN:15,(anonymous_2)
FN:20,StPaginationService
FN:23,(anonymous_4)
FNF:3
FNH:1
FNDA:1,(anonymous_2)
FNDA:0,StPaginationService
FNDA:0,(anonymous_4)
DA:15,1
DA:23,1
DA:24,0
DA:25,0
DA:27,0
DA:30,0
DA:31,0
DA:34,0
DA:35,0
DA:36,0
DA:39,0
DA:41,0
DA:43,1
LF:13
LH:3
BRDA:24,0,0,0
BRDA:24,0,1,0
BRDA:30,1,0,0
BRDA:30,1,1,0
BRDA:34,2,0,0
BRDA:34,2,1,0
BRF:6
BRH:0
end_of_record
TN:
SF:/home/jdiaz/Documentos/workspace/egeo/projects/egeo/src/lib/st-pop/st-pop.component.ts
FN:41,(anonymous_2)
FN:69,StPopComponent
FN:65,(anonymous_4)
FN:55,(anonymous_5)
FN:56,(anonymous_6)
FN:72,(anonymous_7)
FN:76,(anonymous_8)
FN:81,(anonymous_9)
FN:85,(anonymous_10)
FN:89,(anonymous_11)
FN:102,(anonymous_12)
FNF:11
FNH:10
FNDA:1,(anonymous_2)
FNDA:10,StPopComponent
FNDA:10,(anonymous_4)
FNDA:10,(anonymous_5)
FNDA:10,(anonymous_6)
FNDA:10,(anonymous_7)
FNDA:10,(anonymous_8)
FNDA:0,(anonymous_9)
FNDA:20,(anonymous_10)
FNDA:20,(anonymous_11)
FNDA:20,(anonymous_12)
DA:41,1
DA:44,10
DA:47,10
DA:49,10
DA:51,10
DA:54,10
DA:55,2
DA:56,10
DA:57,10
DA:58,0
DA:60,10
DA:61,10
DA:66,10
DA:69,10
DA:72,1
DA:73,10
DA:76,1
DA:77,10
DA:81,2
DA:82,0
DA:85,1
DA:86,20
DA:89,1
DA:90,20
DA:91,20
DA:92,20
DA:94,20
DA:95,20
DA:97,20
DA:98,20
DA:102,1
DA:103,20
DA:104,20
DA:105,20
DA:107,20
DA:109,0
DA:110,0
DA:112,0
DA:113,0
DA:115,0
DA:116,0
DA:117,0
DA:119,0
DA:120,0
DA:122,0
DA:123,0
DA:124,0
DA:126,20
DA:129,20
DA:130,20
DA:132,20
DA:134,1
LF:52
LH:38
BRDA:57,0,0,0
BRDA:57,0,1,10
BRDA:93,1,0,20
BRDA:93,1,1,0
BRDA:92,2,0,20
BRDA:92,2,1,20
BRDA:94,3,0,20
BRDA:94,3,1,0
BRDA:104,4,0,0
BRDA:104,4,1,20
BRDA:108,5,0,0
BRDA:108,5,1,0
BRDA:108,5,2,0
BRDA:108,5,3,0
BRDA:108,5,4,0
BRDA:108,5,5,20
BRF:16
BRH:7
end_of_record
TN:
SF:/home/jdiaz/Documentos/workspace/egeo/projects/egeo/src/lib/st-pop/st-pop.model.ts
FN:11,(anonymous_0)
FN:12,(anonymous_1)
FNF:2
FNH:2
FNDA:1,(anonymous_0)
FNDA:1,(anonymous_1)
DA:11,1
DA:12,1
DA:13,0
DA:14,0
DA:15,1
LF:5
LH:3
BRDA:11,0,0,1
BRDA:11,0,1,1
BRF:2
BRH:2
end_of_record
TN:
SF:/home/jdiaz/Documentos/workspace/egeo/projects/egeo/src/lib/st-pop/st-pop.module.ts
FN:23,(anonymous_1)
FNF:1
FNH:1
FNDA:11,(anonymous_1)
DA:23,1
LF:1
LH:1
BRF:0
BRH:0
end_of_record
TN:
SF:/home/jdiaz/Documentos/workspace/egeo/projects/egeo/src/lib/st-pop-over/st-pop-over.component.ts
FN:35,(anonymous_2)
FN:30,StPopOverComponent
FN:56,(anonymous_4)
FNF:3
FNH:1
FNDA:1,(anonymous_2)
FNDA:0,StPopOverComponent
FNDA:0,(anonymous_4)
DA:35,1
DA:38,1
DA:40,1
DA:42,1
DA:44,1
DA:46,1
DA:48,1
DA:51,1
DA:53,0
DA:54,0
DA:56,1
DA:57,0
DA:59,1
LF:13
LH:10
BRF:0
BRH:0
end_of_record
TN:
SF:/home/jdiaz/Documentos/workspace/egeo/projects/egeo/src/lib/st-progress-bar/st-progress-bar.module.ts
FN:26,(anonymous_1)
FNF:1
FNH:1
FNDA:1,(anonymous_1)
DA:26,1
DA:27,1
LF:2
LH:2
BRF:0
BRH:0
end_of_record
TN:
SF:/home/jdiaz/Documentos/workspace/egeo/projects/egeo/src/lib/st-progress-bar/st-progress-bar.ts
FN:33,(anonymous_1)
FNF:1
FNH:1
FNDA:1,(anonymous_1)
DA:33,1
LF:1
LH:1
BRF:0
BRH:0
end_of_record
TN:
SF:/home/jdiaz/Documentos/workspace/egeo/projects/egeo/src/lib/st-radio/st-radio.change.ts
FN:15,(anonymous_1)
FNF:1
FNH:1
FNDA:1,(anonymous_1)
DA:15,1
DA:18,1
LF:2
LH:2
BRF:0
BRH:0
end_of_record
TN:
SF:/home/jdiaz/Documentos/workspace/egeo/projects/egeo/src/lib/st-radio/st-radio.component.ts
FN:28,(anonymous_4)
FN:42,(anonymous_5)
FN:99,StRadioGroupComponent
FN:102,(anonymous_7)
FN:104,(anonymous_8)
FN:51,(anonymous_9)
FN:55,(anonymous_10)
FN:65,(anonymous_11)
FN:69,(anonymous_12)
FN:75,(anonymous_13)
FN:78,(anonymous_14)
FN:85,(anonymous_15)
FN:86,(anonymous_16)
FN:106,(anonymous_17)
FN:110,(anonymous_18)
FN:114,(anonymous_19)
FN:118,(anonymous_20)
FN:125,(anonymous_21)
FN:131,(anonymous_22)
FN:137,(anonymous_23)
FN:141,(anonymous_24)
FN:143,(anonymous_25)
FN:149,(anonymous_26)
FN:154,(anonymous_27)
FN:91,(anonymous_28)
FN:194,(anonymous_29)
FN:265,StRadioComponent
FN:271,(anonymous_31)
FN:205,(anonymous_32)
FN:209,(anonymous_33)
FN:227,(anonymous_34)
FN:231,(anonymous_35)
FN:236,(anonymous_36)
FN:240,(anonymous_37)
FN:257,(anonymous_38)
FN:278,(anonymous_39)
FN:288,(anonymous_40)
FN:294,(anonymous_41)
FN:298,(anonymous_42)
FN:316,(anonymous_43)
FNF:40
FNH:2
FNDA:0,(anonymous_4)
FNDA:1,(anonymous_5)
FNDA:0,StRadioGroupComponent
FNDA:0,(anonymous_7)
FNDA:0,(anonymous_8)
FNDA:0,(anonymous_9)
FNDA:0,(anonymous_10)
FNDA:0,(anonymous_11)
FNDA:0,(anonymous_12)
FNDA:0,(anonymous_13)
FNDA:0,(anonymous_14)
FNDA:0,(anonymous_15)
FNDA:0,(anonymous_16)
FNDA:0,(anonymous_17)
FNDA:0,(anonymous_18)
FNDA:0,(anonymous_19)
FNDA:0,(anonymous_20)
FNDA:0,(anonymous_21)
FNDA:0,(anonymous_22)
FNDA:0,(anonymous_23)
FNDA:0,(anonymous_24)
FNDA:0,(anonymous_25)
FNDA:0,(anonymous_26)
FNDA:0,(anonymous_27)
FNDA:0,(anonymous_28)
FNDA:1,(anonymous_29)
FNDA:0,StRadioComponent
FNDA:0,(anonymous_31)
FNDA:0,(anonymous_32)
FNDA:0,(anonymous_33)
FNDA:0,(anonymous_34)
FNDA:0,(anonymous_35)
FNDA:0,(anonymous_36)
FNDA:0,(anonymous_37)
FNDA:0,(anonymous_38)
FNDA:0,(anonymous_39)
FNDA:0,(anonymous_40)
FNDA:0,(anonymous_41)
FNDA:0,(anonymous_42)
FNDA:0,(anonymous_43)
DA:25,1
DA:28,0
DA:32,1
DA:42,1
DA:45,1
DA:48,1
DA:51,2
DA:52,0
DA:56,0
DA:57,0
DA:60,0
DA:61,0
DA:65,2
DA:66,0
DA:70,0
DA:71,0
DA:75,2
DA:76,0
DA:79,0
DA:80,0
DA:81,0
DA:85,2
DA:87,0
DA:91,0
DA:92,1
DA:94,0
DA:95,0
DA:96,0
DA:97,0
DA:102,0
DA:104,0
DA:106,1
DA:107,0
DA:110,1
DA:111,0
DA:114,1
DA:115,0
DA:118,1
DA:119,0
DA:120,0
DA:121,0
DA:122,0
DA:125,1
DA:126,0
DA:127,0
DA:131,1
DA:132,0
DA:133,0
DA:137,1
DA:138,0
DA:141,1
DA:142,0
DA:143,0
DA:144,0
DA:149,1
DA:150,0
DA:152,0
DA:153,0
DA:154,0
DA:155,0
DA:156,0
DA:157,0
DA:162,1
DA:165,1
DA:194,1
DA:198,1
DA:200,1
DA:202,1
DA:205,2
DA:206,0
DA:211,0
DA:212,0
DA:215,0
DA:216,0
DA:217,0
DA:218,0
DA:221,0
DA:222,0
DA:227,2
DA:228,0
DA:232,0
DA:236,2
DA:237,0
DA:241,0
DA:242,0
DA:244,0
DA:245,0
DA:246,0
DA:248,0
DA:255,1
DA:257,1
DA:258,0
DA:261,0
DA:265,0
DA:267,0
DA:270,0
DA:271,0
DA:272,0
DA:273,0
DA:278,1
DA:279,0
DA:280,0
DA:283,0
DA:284,0
DA:288,1
DA:289,0
DA:290,0
DA:294,1
DA:295,0
DA:298,1
DA:299,0
DA:300,0
DA:302,0
DA:303,0
DA:304,0
DA:307,0
DA:308,0
DA:310,0
DA:311,0
DA:316,1
DA:317,0
DA:318,0
DA:319,0
DA:320,0
DA:322,1
LF:125
LH:36
BRDA:56,0,0,0
BRDA:56,0,1,0
BRDA:80,1,0,0
BRDA:80,1,1,0
BRDA:87,2,0,0
BRDA:87,2,1,0
BRDA:87,3,0,0
BRDA:87,3,1,0
BRDA:126,4,0,0
BRDA:126,4,1,0
BRDA:126,5,0,0
BRDA:126,5,1,0
BRDA:132,6,0,0
BRDA:132,6,1,0
BRDA:142,7,0,0
BRDA:142,7,1,0
BRDA:150,8,0,0
BRDA:150,8,1,0
BRDA:152,9,0,0
BRDA:152,9,1,0
BRDA:152,10,0,0
BRDA:152,10,1,0
BRDA:156,11,0,0
BRDA:156,11,1,0
BRDA:272,12,0,0
BRDA:272,12,1,0
BRDA:272,13,0,0
BRDA:272,13,1,0
BRDA:211,14,0,0
BRDA:211,14,1,0
BRDA:215,15,0,0
BRDA:215,15,1,0
BRDA:215,16,0,0
BRDA:215,16,1,0
BRDA:215,16,2,0
BRDA:217,17,0,0
BRDA:217,17,1,0
BRDA:217,18,0,0
BRDA:217,18,1,0
BRDA:217,18,2,0
BRDA:221,19,0,0
BRDA:221,19,1,0
BRDA:228,20,0,0
BRDA:228,20,1,0
BRDA:228,20,2,0
BRDA:232,21,0,0
BRDA:232,21,1,0
BRDA:232,22,0,0
BRDA:232,22,1,0
BRDA:241,23,0,0
BRDA:241,23,1,0
BRDA:244,24,0,0
BRDA:244,24,1,0
BRDA:245,25,0,0
BRDA:245,25,1,0
BRDA:279,26,0,0
BRDA:279,26,1,0
BRDA:279,27,0,0
BRDA:279,27,1,0
BRDA:283,28,0,0
BRDA:283,28,1,0
BRDA:289,29,0,0
BRDA:289,29,1,0
BRDA:300,30,0,0
BRDA:300,30,1,0
BRDA:302,31,0,0
BRDA:302,31,1,0
BRDA:307,32,0,0
BRDA:307,32,1,0
BRDA:310,33,0,0
BRDA:310,33,1,0
BRF:71
BRH:0
end_of_record
TN:
SF:/home/jdiaz/Documentos/workspace/egeo/projects/egeo/src/lib/st-radio-menu/st-radio-menu.component.ts
FN:47,(anonymous_2)
FN:62,StRadioMenuComponent
FN:64,(anonymous_4)
FN:71,(anonymous_5)
FN:76,(anonymous_6)
FNF:5
FNH:1
FNDA:1,(anonymous_2)
FNDA:0,StRadioMenuComponent
FNDA:0,(anonymous_4)
FNDA:0,(anonymous_5)
FNDA:0,(anonymous_6)
DA:47,1
DA:49,1
DA:51,1
DA:53,1
DA:58,1
DA:60,1
DA:64,1
DA:65,0
DA:71,1
DA:72,0
DA:73,0
DA:76,1
DA:77,0
DA:79,1
LF:14
LH:10
BRDA:66,0,0,0
BRDA:66,0,1,0
BRDA:77,1,0,0
BRDA:77,1,1,0
BRF:4
BRH:0
end_of_record
TN:
SF:/home/jdiaz/Documentos/workspace/egeo/projects/egeo/src/lib/st-search/st-search.component.ts
FN:66,(anonymous_10)
FN:123,StSearchComponent
FN:129,(anonymous_12)
FN:133,(anonymous_13)
FN:138,(anonymous_14)
FN:146,(anonymous_15)
FN:153,(anonymous_16)
FN:157,(anonymous_17)
FN:167,(anonymous_18)
FN:176,(anonymous_19)
FN:183,(anonymous_20)
FN:194,(anonymous_21)
FN:200,(anonymous_22)
FN:210,(anonymous_23)
FN:223,(anonymous_24)
FN:231,(anonymous_25)
FN:235,(anonymous_26)
FN:239,(anonymous_27)
FN:244,(anonymous_28)
FN:248,(anonymous_29)
FN:258,(anonymous_30)
FN:264,(anonymous_31)
FN:270,(anonymous_32)
FN:276,(anonymous_33)
FN:284,(anonymous_34)
FNF:25
FNH:1
FNDA:1,(anonymous_10)
FNDA:0,StSearchComponent
FNDA:0,(anonymous_12)
FNDA:0,(anonymous_13)
FNDA:0,(anonymous_14)
FNDA:0,(anonymous_15)
FNDA:0,(anonymous_16)
FNDA:0,(anonymous_17)
FNDA:0,(anonymous_18)
FNDA:0,(anonymous_19)
FNDA:0,(anonymous_20)
FNDA:0,(anonymous_21)
FNDA:0,(anonymous_22)
FNDA:0,(anonymous_23)
FNDA:0,(anonymous_24)
FNDA:0,(anonymous_25)
FNDA:0,(anonymous_26)
FNDA:0,(anonymous_27)
FNDA:0,(anonymous_28)
FNDA:0,(anonymous_29)
FNDA:0,(anonymous_30)
FNDA:0,(anonymous_31)
FNDA:0,(anonymous_32)
FNDA:0,(anonymous_33)
FNDA:0,(anonymous_34)
DA:66,1
DA:68,1
DA:71,1
DA:74,1
DA:77,1
DA:80,1
DA:83,1
DA:86,1
DA:89,1
DA:92,1
DA:95,1
DA:100,1
DA:105,1
DA:110,1
DA:113,1
DA:115,0
DA:119,0
DA:120,0
DA:121,0
DA:123,0
DA:124,0
DA:125,0
DA:126,0
DA:129,1
DA:130,0
DA:133,1
DA:134,0
DA:135,0
DA:138,0
DA:139,0
DA:140,0
DA:141,0
DA:142,0
DA:146,1
DA:147,0
DA:148,0
DA:149,0
DA:150,0
DA:153,1
DA:154,0
DA:157,1
DA:158,0
DA:159,0
DA:161,0
DA:162,0
DA:164,0
DA:167,1
DA:168,0
DA:169,0
DA:170,0
DA:172,0
DA:176,1
DA:177,0
DA:178,0
DA:179,0
DA:183,1
DA:184,0
DA:185,0
DA:186,0
DA:187,0
DA:188,0
DA:189,0
DA:190,0
DA:194,1
DA:195,0
DA:196,0
DA:197,0
DA:200,1
DA:201,0
DA:202,0
DA:204,0
DA:205,0
DA:207,0
DA:210,1
DA:211,0
DA:212,0
DA:213,0
DA:214,0
DA:215,0
DA:217,0
DA:223,1
DA:224,0
DA:225,0
DA:227,0
DA:231,1
DA:232,0
DA:235,1
DA:236,0
DA:239,1
DA:240,0
DA:244,1
DA:245,0
DA:248,1
DA:249,0
DA:250,0
DA:251,0
DA:253,0
DA:254,0
DA:258,1
DA:259,0
DA:260,0
DA:264,1
DA:265,0
DA:266,0
DA:270,1
DA:271,0
DA:272,0
DA:276,1
DA:277,0
DA:278,0
DA:280,0
DA:281,0
DA:284,0
DA:287,1
LF:114
LH:37
BRDA:126,0,0,0
BRDA:126,0,1,0
BRDA:130,1,0,0
BRDA:130,1,1,0
BRDA:134,2,0,0
BRDA:134,2,1,0
BRDA:138,3,0,0
BRDA:138,3,1,0
BRDA:141,4,0,0
BRDA:141,4,1,0
BRDA:158,5,0,0
BRDA:158,5,1,0
BRDA:161,6,0,0
BRDA:161,6,1,0
BRDA:168,7,0,0
BRDA:168,7,1,0
BRDA:177,8,0,0
BRDA:177,8,1,0
BRDA:178,9,0,0
BRDA:178,9,1,0
BRDA:184,10,0,0
BRDA:184,10,1,0
BRDA:184,11,0,0
BRDA:184,11,1,0
BRDA:201,12,0,0
BRDA:201,12,1,0
BRDA:201,13,0,0
BRDA:201,13,1,0
BRDA:204,14,0,0
BRDA:204,14,1,0
BRDA:211,15,0,0
BRDA:211,15,1,0
BRDA:213,16,0,0
BRDA:213,16,1,0
BRDA:214,17,0,0
BRDA:214,17,1,0
BRDA:224,18,0,0
BRDA:224,18,1,0
BRDA:232,19,0,0
BRDA:232,19,1,0
BRDA:232,19,2,0
BRDA:236,20,0,0
BRDA:236,20,1,0
BRDA:236,20,2,0
BRDA:240,21,0,0
BRDA:240,21,1,0
BRDA:240,22,0,0
BRDA:240,22,1,0
BRDA:240,22,2,0
BRDA:245,23,0,0
BRDA:245,23,1,0
BRDA:249,24,0,0
BRDA:249,24,1,0
BRDA:249,25,0,0
BRDA:249,25,1,0
BRDA:250,26,0,0
BRDA:250,26,1,0
BRDA:259,27,0,0
BRDA:259,27,1,0
BRDA:259,28,0,0
BRDA:259,28,1,0
BRDA:265,29,0,0
BRDA:265,29,1,0
BRDA:265,30,0,0
BRDA:265,30,1,0
BRDA:271,31,0,0
BRDA:271,31,1,0
BRDA:271,32,0,0
BRDA:271,32,1,0
BRDA:277,33,0,0
BRDA:277,33,1,0
BRDA:280,34,0,0
BRDA:280,34,1,0
BRF:73
BRH:0
end_of_record
TN:
SF:/home/jdiaz/Documentos/workspace/egeo/projects/egeo/src/lib/st-search/st-search.model.ts
FN:12,(anonymous_0)
FN:14,(anonymous_1)
FNF:2
FNH:2
FNDA:1,(anonymous_0)
FNDA:1,(anonymous_1)
DA:12,1
DA:14,1
DA:18,1
LF:3
LH:3
BRDA:12,0,0,1
BRDA:12,0,1,1
BRF:2
BRH:2
end_of_record
TN:
SF:/home/jdiaz/Documentos/workspace/egeo/projects/egeo/src/lib/st-search/st-search.module.ts
FN:24,(anonymous_1)
FNF:1
FNH:1
FNDA:1,(anonymous_1)
DA:24,1
LF:1
LH:1
BRF:0
BRH:0
end_of_record
TN:
SF:/home/jdiaz/Documentos/workspace/egeo/projects/egeo/src/lib/st-select/st-check-validations.ts
FN:18,(anonymous_2)
FN:25,StCheckValidationsDirective
FN:27,(anonymous_4)
FN:31,(anonymous_5)
FN:32,(anonymous_6)
FN:35,(anonymous_7)
FN:42,(anonymous_8)
FNF:7
FNH:1
FNDA:1,(anonymous_2)
FNDA:0,StCheckValidationsDirective
FNDA:0,(anonymous_4)
FNDA:0,(anonymous_5)
FNDA:0,(anonymous_6)
FNDA:0,(anonymous_7)
FNDA:0,(anonymous_8)
DA:18,1
DA:19,1
DA:25,0
DA:27,1
DA:28,0
DA:31,1
DA:32,0
DA:35,1
DA:36,0
DA:37,0
DA:42,1
DA:43,0
DA:44,0
DA:45,0
DA:46,0
DA:49,1
LF:16
LH:7
BRDA:36,0,0,0
BRDA:36,0,1,0
BRDA:43,1,0,0
BRDA:43,1,1,0
BRDA:43,2,0,0
BRDA:43,2,1,0
BRDA:45,3,0,0
BRDA:45,3,1,0
BRF:8
BRH:0
end_of_record
TN:
SF:/home/jdiaz/Documentos/workspace/egeo/projects/egeo/src/lib/st-select/st-select.module.ts
FN:26,(anonymous_1)
FNF:1
FNH:1
FNDA:1,(anonymous_1)
DA:26,1
DA:27,1
LF:2
LH:2
BRF:0
BRH:0
end_of_record
TN:
SF:/home/jdiaz/Documentos/workspace/egeo/projects/egeo/src/lib/st-select/st-select.ts
FN:45,(anonymous_2)
FN:85,StSelectComponent
FN:91,(anonymous_4)
FN:104,(anonymous_5)
FN:99,(anonymous_6)
FN:118,(anonymous_7)
FN:109,(anonymous_8)
FN:122,(anonymous_9)
FN:126,(anonymous_10)
FN:130,(anonymous_11)
FN:135,(anonymous_12)
FN:139,(anonymous_13)
FN:143,(anonymous_14)
FN:147,(anonymous_15)
FN:151,(anonymous_16)
FN:155,(anonymous_17)
FN:163,(anonymous_18)
FN:169,(anonymous_19)
FN:170,(anonymous_20)
FN:176,(anonymous_21)
FN:182,(anonymous_22)
FN:187,(anonymous_23)
FN:191,(anonymous_24)
FN:197,(anonymous_25)
FN:208,(anonymous_26)
FN:216,(anonymous_27)
FN:218,(anonymous_28)
FN:225,(anonymous_29)
FN:231,(anonymous_30)
FN:237,(anonymous_31)
FN:244,(anonymous_32)
FN:248,(anonymous_33)
FN:252,(anonymous_34)
FN:261,(anonymous_35)
FN:266,(anonymous_36)
FN:288,(anonymous_37)
FN:290,(anonymous_38)
FN:292,(anonymous_39)
FN:292,(anonymous_40)
FN:297,(anonymous_41)
FN:302,(anonymous_42)
FN:306,(anonymous_43)
FN:313,(anonymous_44)
FN:315,(anonymous_45)
FN:321,(anonymous_46)
FN:321,(anonymous_47)
FN:42,(anonymous_48)
FNF:47
FNH:1
FNDA:1,(anonymous_2)
FNDA:0,StSelectComponent
FNDA:0,(anonymous_4)
FNDA:0,(anonymous_5)
FNDA:0,(anonymous_6)
FNDA:0,(anonymous_7)
FNDA:0,(anonymous_8)
FNDA:0,(anonymous_9)
FNDA:0,(anonymous_10)
FNDA:0,(anonymous_11)
FNDA:0,(anonymous_12)
FNDA:0,(anonymous_13)
FNDA:0,(anonymous_14)
FNDA:0,(anonymous_15)
FNDA:0,(anonymous_16)
FNDA:0,(anonymous_17)
FNDA:0,(anonymous_18)
FNDA:0,(anonymous_19)
FNDA:0,(anonymous_20)
FNDA:0,(anonymous_21)
FNDA:0,(anonymous_22)
FNDA:0,(anonymous_23)
FNDA:0,(anonymous_24)
FNDA:0,(anonymous_25)
FNDA:0,(anonymous_26)
FNDA:0,(anonymous_27)
FNDA:0,(anonymous_28)
FNDA:0,(anonymous_29)
FNDA:0,(anonymous_30)
FNDA:0,(anonymous_31)
FNDA:0,(anonymous_32)
FNDA:0,(anonymous_33)
FNDA:0,(anonymous_34)
FNDA:0,(anonymous_35)
FNDA:0,(anonymous_36)
FNDA:0,(anonymous_37)
FNDA:0,(anonymous_38)
FNDA:0,(anonymous_39)
FNDA:0,(anonymous_40)
FNDA:0,(anonymous_41)
FNDA:0,(anonymous_42)
FNDA:0,(anonymous_43)
FNDA:0,(anonymous_44)
FNDA:0,(anonymous_45)
FNDA:0,(anonymous_46)
FNDA:0,(anonymous_47)
FNDA:0,(anonymous_48)
DA:42,0
DA:45,1
DA:47,1
DA:48,1
DA:49,1
DA:50,1
DA:51,1
DA:52,1
DA:53,1
DA:54,1
DA:55,1
DA:56,1
DA:58,1
DA:59,1
DA:61,1
DA:62,1
DA:64,1
DA:65,1
DA:69,1
DA:71,0
DA:72,0
DA:79,0
DA:80,0
DA:81,0
DA:85,0
DA:86,0
DA:87,0
DA:91,1
DA:92,0
DA:99,2
DA:100,0
DA:101,0
DA:105,0
DA:109,2
DA:110,0
DA:111,0
DA:112,0
DA:113,0
DA:114,0
DA:119,0
DA:122,1
DA:123,0
DA:126,1
DA:127,0
DA:130,1
DA:131,0
DA:132,0
DA:135,1
DA:136,0
DA:139,1
DA:140,0
DA:143,1
DA:144,0
DA:147,1
DA:148,0
DA:151,1
DA:152,0
DA:155,1
DA:156,0
DA:163,1
DA:164,0
DA:165,0
DA:169,1
DA:170,0
DA:171,0
DA:173,0
DA:176,1
DA:177,0
DA:178,0
DA:182,1
DA:183,0
DA:187,1
DA:188,0
DA:191,1
DA:192,0
DA:193,0
DA:197,1
DA:198,0
DA:199,0
DA:200,0
DA:208,1
DA:209,0
DA:210,0
DA:211,0
DA:212,0
DA:216,1
DA:217,0
DA:218,0
DA:219,0
DA:220,0
DA:225,1
DA:226,0
DA:227,0
DA:231,1
DA:232,0
DA:233,0
DA:237,1
DA:238,0
DA:239,0
DA:240,0
DA:244,1
DA:245,0
DA:248,1
DA:249,0
DA:252,1
DA:253,0
DA:254,0
DA:255,0
DA:256,0
DA:258,0
DA:261,1
DA:262,0
DA:263,0
DA:266,1
DA:267,0
DA:268,0
DA:269,0
DA:270,0
DA:272,0
DA:273,0
DA:275,0
DA:277,0
DA:278,0
DA:280,0
DA:288,1
DA:289,0
DA:290,0
DA:291,0
DA:292,0
DA:297,1
DA:298,0
DA:302,1
DA:303,0
DA:306,1
DA:307,0
DA:308,0
DA:309,0
DA:313,1
DA:314,0
DA:315,0
DA:316,0
DA:317,0
DA:320,0
DA:321,0
DA:322,0
DA:323,0
DA:328,1
LF:147
LH:53
BRDA:113,0,0,0
BRDA:113,0,1,0
BRDA:123,1,0,0
BRDA:123,1,1,0
BRDA:123,2,0,0
BRDA:123,2,1,0
BRDA:127,3,0,0
BRDA:127,3,1,0
BRDA:132,4,0,0
BRDA:132,4,1,0
BRDA:136,5,0,0
BRDA:136,5,1,0
BRDA:140,6,0,0
BRDA:140,6,1,0
BRDA:144,7,0,0
BRDA:144,7,1,0
BRDA:148,8,0,0
BRDA:148,8,1,0
BRDA:148,9,0,0
BRDA:148,9,1,0
BRDA:152,10,0,0
BRDA:152,10,1,0
BRDA:152,10,2,0
BRDA:156,11,0,0
BRDA:156,11,1,0
BRDA:156,11,2,0
BRDA:156,11,3,0
BRDA:156,11,4,0
BRDA:164,12,0,0
BRDA:164,12,1,0
BRDA:170,13,0,0
BRDA:170,13,1,0
BRDA:170,14,0,0
BRDA:170,14,1,0
BRDA:198,15,0,0
BRDA:198,15,1,0
BRDA:198,16,0,0
BRDA:198,16,1,0
BRDA:211,17,0,0
BRDA:211,17,1,0
BRDA:217,18,0,0
BRDA:217,18,1,0
BRDA:220,19,0,0
BRDA:220,19,1,0
BRDA:226,20,0,0
BRDA:226,20,1,0
BRDA:232,21,0,0
BRDA:232,21,1,0
BRDA:238,22,0,0
BRDA:238,22,1,0
BRDA:240,23,0,0
BRDA:240,23,1,0
BRDA:249,24,0,0
BRDA:249,24,1,0
BRDA:249,24,2,0
BRDA:249,24,3,0
BRDA:249,24,4,0
BRDA:255,25,0,0
BRDA:255,25,1,0
BRDA:267,26,0,0
BRDA:267,26,1,0
BRDA:267,27,0,0
BRDA:267,27,1,0
BRDA:268,28,0,0
BRDA:268,28,1,0
BRDA:268,29,0,0
BRDA:268,29,1,0
BRDA:269,30,0,0
BRDA:269,30,1,0
BRDA:272,31,0,0
BRDA:272,31,1,0
BRDA:277,32,0,0
BRDA:277,32,1,0
BRDA:277,33,0,0
BRDA:277,33,1,0
BRDA:277,33,2,0
BRDA:277,33,3,0
BRDA:289,34,0,0
BRDA:289,34,1,0
BRDA:290,35,0,0
BRDA:290,35,1,0
BRDA:291,36,0,0
BRDA:291,36,1,0
BRDA:292,37,0,0
BRDA:292,37,1,0
BRDA:298,38,0,0
BRDA:298,38,1,0
BRDA:298,38,2,0
BRDA:303,39,0,0
BRDA:303,39,1,0
BRDA:303,39,2,0
BRDA:314,40,0,0
BRDA:314,40,1,0
BRDA:316,41,0,0
BRDA:316,41,1,0
BRDA:320,42,0,0
BRDA:320,42,1,0
BRDA:322,43,0,0
BRDA:322,43,1,0
BRF:99
BRH:0
end_of_record
TN:
SF:/home/jdiaz/Documentos/workspace/egeo/projects/egeo/src/lib/st-sidebar/st-sidebar-visual-mode.ts
FN:12,(anonymous_0)
FNF:1
FNH:1
FNDA:1,(anonymous_0)
DA:12,1
LF:1
LH:1
BRDA:12,0,0,1
BRDA:12,0,1,1
BRF:2
BRH:2
end_of_record
TN:
SF:/home/jdiaz/Documentos/workspace/egeo/projects/egeo/src/lib/st-sidebar/st-sidebar.component.ts
FN:43,(anonymous_2)
FN:35,StSidebarComponent
FN:60,(anonymous_4)
FN:66,(anonymous_5)
FNF:4
FNH:1
FNDA:1,(anonymous_2)
FNDA:0,StSidebarComponent
FNDA:0,(anonymous_4)
FNDA:0,(anonymous_5)
DA:43,1
DA:45,1
DA:47,1
DA:49,1
DA:51,1
DA:53,1
DA:55,1
DA:57,1
DA:60,1
DA:61,0
DA:62,0
DA:66,1
DA:67,0
DA:68,0
DA:71,1
LF:15
LH:11
[...]
DA:193,1
DA:194,0
DA:196,0
DA:197,0
DA:200,0
DA:203,1
DA:204,0
DA:207,1
DA:208,0
DA:210,0
DA:214,1
DA:215,0
DA:216,0
DA:217,0
DA:218,0
DA:222,1
DA:223,0
DA:224,0
DA:227,0
DA:228,0
DA:231,0
DA:232,0
DA:234,0
DA:235,0
DA:237,0
DA:238,0
DA:240,0
DA:241,0
DA:244,0
DA:247,1
LF:96
LH:33
BRDA:120,0,0,0
BRDA:120,0,1,0
BRDA:127,1,0,0
BRDA:127,1,1,0
BRDA:141,2,0,0
BRDA:141,2,1,0
BRDA:148,3,0,0
BRDA:148,3,1,0
BRDA:151,4,0,0
BRDA:151,4,1,0
BRDA:174,5,0,0
BRDA:174,5,1,0
BRDA:174,6,0,0
BRDA:174,6,1,0
BRDA:174,6,2,0
BRDA:176,7,0,0
BRDA:176,7,1,0
BRDA:176,8,0,0
BRDA:176,8,1,0
BRDA:176,8,2,0
BRDA:183,9,0,0
BRDA:183,9,1,0
BRDA:183,9,2,0
BRDA:183,9,3,0
BRDA:183,9,4,0
BRDA:196,10,0,0
BRDA:196,10,1,0
BRDA:204,11,0,0
BRDA:204,11,1,0
BRDA:204,11,2,0
BRDA:223,12,0,0
BRDA:223,12,1,0
BRDA:227,13,0,0
BRDA:227,13,1,0
BRDA:231,14,0,0
BRDA:231,14,1,0
BRDA:232,15,0,0
BRDA:232,15,1,0
BRDA:232,15,2,0
BRDA:234,16,0,0
BRDA:234,16,1,0
BRDA:235,17,0,0
BRDA:235,17,1,0
BRDA:235,17,2,0
BRDA:237,18,0,0
BRDA:237,18,1,0
BRDA:238,19,0,0
BRDA:238,19,1,0
BRDA:238,19,2,0
BRDA:240,20,0,0
BRDA:240,20,1,0
BRDA:241,21,0,0
BRDA:241,21,1,0
BRDA:241,21,2,0
BRF:54
BRH:0
end_of_record
TN:
SF:/home/jdiaz/Documentos/workspace/egeo/projects/egeo/src/lib/st-textarea/st-textarea.module.ts
FN:23,(anonymous_1)
FNF:1
FNH:1
FNDA:1,(anonymous_1)
DA:23,1
LF:1
LH:1
BRF:0
BRH:0
end_of_record
TN:
SF:/home/jdiaz/Documentos/workspace/egeo/projects/egeo/src/lib/st-toggle-buttons/st-toggle-buttons.component.ts
FN:20,(anonymous_5)
FN:14,StToggleButtonsComponent
FN:28,(anonymous_7)
FN:31,(anonymous_8)
FN:35,(anonymous_9)
FNF:5
FNH:1
FNDA:1,(anonymous_5)
FNDA:0,StToggleButtonsComponent
FNDA:0,(anonymous_7)
FNDA:0,(anonymous_8)
FNDA:0,(anonymous_9)
DA:20,1
DA:22,1
DA:23,1
DA:24,1
DA:28,2
DA:29,0
DA:31,0
DA:35,1
DA:36,0
DA:37,0
DA:39,0
DA:40,0
DA:43,1
LF:13
LH:7
BRF:0
BRH:0
end_of_record
TN:
SF:/home/jdiaz/Documentos/workspace/egeo/projects/egeo/src/lib/st-tooltip/index.ts
FNF:0
FNH:0
LF:0
LH:0
BRF:0
BRH:0
end_of_record
TN:
SF:/home/jdiaz/Documentos/workspace/egeo/projects/egeo/src/lib/st-tooltip/st-tooltip.component.ts
FN:18,(anonymous_2)
FN:38,StTooltipComponent
FN:34,(anonymous_4)
FN:26,(anonymous_5)
FN:43,(anonymous_6)
FN:48,(anonymous_7)
FN:52,(anonymous_8)
FN:58,(anonymous_9)
FN:65,(anonymous_10)
FN:70,(anonymous_11)
FNF:10
FNH:1
FNDA:1,(anonymous_2)
FNDA:0,StTooltipComponent
FNDA:0,(anonymous_4)
FNDA:0,(anonymous_5)
FNDA:0,(anonymous_6)
FNDA:0,(anonymous_7)
FNDA:0,(anonymous_8)
FNDA:0,(anonymous_9)
FNDA:0,(anonymous_10)
FNDA:0,(anonymous_11)
DA:18,1
DA:20,1
DA:21,1
DA:23,1
DA:26,2
DA:27,0
DA:28,0
DA:29,0
DA:31,0
DA:35,0
DA:38,0
DA:39,0
DA:40,0
DA:43,1
DA:44,0
DA:45,0
DA:48,1
DA:49,0
DA:52,1
DA:53,0
DA:54,0
DA:58,2
DA:59,0
DA:60,0
DA:61,0
DA:65,1
DA:66,0
DA:67,0
DA:70,1
DA:71,0
DA:72,0
DA:73,0
DA:74,0
DA:77,1
LF:34
LH:12
BRDA:28,0,0,0
BRDA:28,0,1,0
BRDA:53,1,0,0
BRDA:53,1,1,0
BRDA:59,2,0,0
BRDA:59,2,1,0
BRDA:59,3,0,0
BRDA:59,3,1,0
BRDA:66,4,0,0
BRDA:66,4,1,0
BRDA:66,4,2,0
BRDA:71,5,0,0
BRDA:71,5,1,0
BRF:13
BRH:0
end_of_record
TN:
SF:/home/jdiaz/Documentos/workspace/egeo/projects/egeo/src/lib/st-tooltip/st-tooltip.module.ts
FN:22,(anonymous_1)
FNF:1
FNH:1
FNDA:11,(anonymous_1)
DA:22,1
LF:1
LH:1
BRF:0
BRH:0
end_of_record
TN:
SF:/home/jdiaz/Documentos/workspace/egeo/projects/egeo/src/lib/st-two-list-selection/st-two-list-selection.component.ts
FN:73,(anonymous_8)
FN:108,StTwoListSelectionComponent
FN:112,(anonymous_10)
FN:124,(anonymous_11)
FN:129,(anonymous_12)
FN:133,(anonymous_13)
FNF:6
FNH:1
FNDA:1,(anonymous_8)
FNDA:0,StTwoListSelectionComponent
FNDA:0,(anonymous_10)
FNDA:0,(anonymous_11)
FNDA:0,(anonymous_12)
FNDA:0,(anonymous_13)
DA:73,1
DA:75,1
DA:76,1
DA:77,1
DA:78,1
DA:79,1
DA:80,1
DA:81,1
DA:82,1
DA:83,1
DA:84,1
DA:85,1
DA:86,1
DA:87,1
DA:88,1
DA:89,1
DA:90,1
DA:91,1
DA:92,1
DA:93,1
DA:95,1
DA:96,1
DA:97,1
DA:98,1
DA:99,1
DA:100,1
DA:101,1
DA:102,1
DA:103,1
DA:104,1
DA:105,1
DA:106,1
DA:108,0
DA:109,0
DA:112,1
DA:113,0
DA:124,1
DA:125,0
DA:126,0
DA:129,1
DA:130,0
DA:133,1
DA:134,0
DA:136,1
LF:44
LH:37
BRDA:109,0,0,0
BRDA:109,0,1,0
BRF:2
BRH:0
end_of_record
TN:
SF:/home/jdiaz/Documentos/workspace/egeo/projects/egeo/src/lib/st-two-list-selection/st-two-list-selection.ts
FN:20,(anonymous_0)
FN:44,StTwoListSelection
FN:47,(anonymous_2)
FN:63,(anonymous_3)
FN:79,(anonymous_4)
FN:85,(anonymous_5)
FN:91,(anonymous_6)
FN:99,(anonymous_7)
FN:107,(anonymous_8)
FN:112,(anonymous_9)
FN:116,(anonymous_10)
FN:128,(anonymous_11)
FN:140,(anonymous_12)
FN:144,(anonymous_13)
FN:146,(anonymous_14)
FN:157,(anonymous_15)
FN:158,(anonymous_16)
FN:164,(anonymous_17)
FN:165,(anonymous_18)
FN:171,(anonymous_19)
FN:180,(anonymous_20)
FN:191,(anonymous_21)
FN:205,(anonymous_22)
FN:206,(anonymous_23)
FN:215,(anonymous_24)
FN:216,(anonymous_25)
FN:220,(anonymous_26)
FN:221,(anonymous_27)
FN:229,(anonymous_28)
FN:233,(anonymous_29)
FNF:30
FNH:1
FNDA:1,(anonymous_0)
FNDA:0,StTwoListSelection
FNDA:0,(anonymous_2)
FNDA:0,(anonymous_3)
FNDA:0,(anonymous_4)
FNDA:0,(anonymous_5)
FNDA:0,(anonymous_6)
FNDA:0,(anonymous_7)
FNDA:0,(anonymous_8)
FNDA:0,(anonymous_9)
FNDA:0,(anonymous_10)
FNDA:0,(anonymous_11)
FNDA:0,(anonymous_12)
FNDA:0,(anonymous_13)
FNDA:0,(anonymous_14)
FNDA:0,(anonymous_15)
FNDA:0,(anonymous_16)
FNDA:0,(anonymous_17)
FNDA:0,(anonymous_18)
FNDA:0,(anonymous_19)
FNDA:0,(anonymous_20)
FNDA:0,(anonymous_21)
FNDA:0,(anonymous_22)
FNDA:0,(anonymous_23)
FNDA:0,(anonymous_24)
FNDA:0,(anonymous_25)
FNDA:0,(anonymous_26)
FNDA:0,(anonymous_27)
FNDA:0,(anonymous_28)
FNDA:0,(anonymous_29)
DA:20,1
DA:27,0
DA:28,0
DA:30,0
DA:31,0
DA:32,0
DA:34,0
DA:35,0
DA:36,0
DA:37,0
DA:38,0
DA:39,0
DA:44,0
DA:47,1
DA:48,0
DA:49,0
DA:50,0
DA:52,0
DA:53,0
DA:56,0
DA:57,0
DA:58,0
DA:63,1
DA:64,0
DA:65,0
DA:66,0
DA:68,0
DA:69,0
DA:72,0
DA:73,0
DA:74,0
DA:79,1
DA:80,0
DA:81,0
DA:85,1
DA:86,0
DA:87,0
DA:91,1
DA:92,0
DA:93,0
DA:94,0
DA:95,0
DA:99,1
DA:100,0
DA:101,0
DA:102,0
DA:103,0
DA:107,1
DA:108,0
DA:112,1
DA:113,0
DA:116,1
DA:117,0
DA:118,0
DA:119,0
DA:120,0
DA:121,0
DA:122,0
DA:123,0
DA:124,0
DA:125,0
DA:128,1
DA:129,0
DA:130,0
DA:132,0
DA:133,0
DA:135,0
DA:136,0
DA:140,1
DA:141,0
DA:142,0
DA:143,0
DA:144,0
DA:145,0
DA:146,0
DA:147,0
DA:150,0
DA:152,0
DA:154,0
DA:157,1
DA:158,0
DA:159,0
DA:160,0
DA:164,1
DA:165,0
DA:166,0
DA:168,0
DA:171,1
DA:172,0
DA:173,0
DA:174,0
DA:175,0
DA:176,0
DA:180,1
DA:181,0
DA:182,0
DA:183,0
DA:186,0
DA:187,0
DA:188,0
DA:191,1
DA:192,0
DA:193,0
DA:194,0
DA:195,0
DA:196,0
DA:197,0
DA:198,0
DA:199,0
DA:201,0
DA:205,1
DA:206,0
DA:207,0
DA:208,0
DA:209,0
DA:211,0
DA:215,1
DA:216,0
DA:217,0
DA:220,1
DA:221,0
DA:222,0
DA:223,0
DA:225,0
DA:229,1
DA:230,0
DA:233,1
DA:234,0
DA:236,1
LF:129
LH:23
BRDA:48,0,0,0
BRDA:48,0,1,0
BRDA:48,1,0,0
BRDA:48,1,1,0
BRDA:52,2,0,0
BRDA:52,2,1,0
BRDA:57,3,0,0
BRDA:57,3,1,0
BRDA:64,4,0,0
BRDA:64,4,1,0
BRDA:64,5,0,0
BRDA:64,5,1,0
BRDA:68,6,0,0
BRDA:68,6,1,0
BRDA:73,7,0,0
BRDA:73,7,1,0
BRDA:95,8,0,0
BRDA:95,8,1,0
BRDA:103,9,0,0
BRDA:103,9,1,0
BRDA:117,10,0,0
BRDA:117,10,1,0
BRDA:117,11,0,0
BRDA:117,11,1,0
BRDA:117,12,0,0
BRDA:117,12,1,0
BRDA:129,13,0,0
BRDA:129,13,1,0
BRDA:132,14,0,0
BRDA:132,14,1,0
BRDA:135,15,0,0
BRDA:135,15,1,0
BRDA:135,16,0,0
BRDA:135,16,1,0
BRDA:143,17,0,0
BRDA:143,17,1,0
BRDA:146,18,0,0
BRDA:146,18,1,0
BRDA:166,19,0,0
BRDA:166,19,1,0
BRDA:174,20,0,0
BRDA:174,20,1,0
BRDA:174,21,0,0
BRDA:174,21,1,0
BRDA:174,21,2,0
BRDA:182,22,0,0
BRDA:182,22,1,0
BRDA:182,23,0,0
BRDA:182,23,1,0
BRDA:194,24,0,0
BRDA:194,24,1,0
BRDA:196,25,0,0
BRDA:196,25,1,0
BRDA:207,26,0,0
BRDA:207,26,1,0
BRDA:222,27,0,0
BRDA:222,27,1,0
BRDA:234,28,0,0
BRDA:234,28,1,0
BRDA:234,28,2,0
BRF:60
BRH:0
end_of_record
TN:
SF:/home/jdiaz/Documentos/workspace/egeo/projects/egeo/src/lib/st-two-list-selection/st-two-list-selection.view.component.ts
FN:25,(anonymous_2)
FN:18,StTwoListSelectionViewComponent
FN:61,(anonymous_4)
FN:65,(anonymous_5)
FN:69,(anonymous_6)
FN:73,(anonymous_7)
FN:77,(anonymous_8)
FN:81,(anonymous_9)
FN:85,(anonymous_10)
FN:89,(anonymous_11)
FN:93,(anonymous_12)
FN:97,(anonymous_13)
FN:101,(anonymous_14)
FNF:13
FNH:1
FNDA:1,(anonymous_2)
FNDA:0,StTwoListSelectionViewComponent
FNDA:0,(anonymous_4)
FNDA:0,(anonymous_5)
FNDA:0,(anonymous_6)
FNDA:0,(anonymous_7)
FNDA:0,(anonymous_8)
FNDA:0,(anonymous_9)
FNDA:0,(anonymous_10)
FNDA:0,(anonymous_11)
FNDA:0,(anonymous_12)
FNDA:0,(anonymous_13)
FNDA:0,(anonymous_14)
DA:25,1
DA:27,1
DA:28,1
DA:29,1
DA:30,1
DA:31,1
DA:32,1
DA:33,1
DA:34,1
DA:35,1
DA:36,1
DA:37,1
DA:38,1
DA:39,1
DA:40,1
DA:41,1
DA:42,1
DA:43,1
DA:44,1
DA:46,1
DA:47,1
DA:48,1
DA:49,1
DA:50,1
DA:51,1
DA:52,1
DA:53,1
DA:54,1
DA:55,1
DA:56,1
DA:57,1
DA:58,1
DA:59,1
DA:61,1
DA:62,0
DA:65,1
DA:66,0
DA:69,1
DA:70,0
DA:73,1
DA:74,0
DA:77,1
DA:78,0
DA:81,1
DA:82,0
DA:85,1
DA:86,0
DA:89,1
DA:90,0
DA:93,1
DA:94,0
DA:97,1
DA:98,0
DA:101,1
DA:102,0
DA:104,1
LF:56
LH:45
BRDA:62,0,0,0
BRDA:62,0,1,0
BRDA:62,0,2,0
BRDA:66,1,0,0
BRDA:66,1,1,0
BRDA:66,1,2,0
BRDA:70,2,0,0
BRDA:70,2,1,0
BRDA:70,2,2,0
BRDA:74,3,0,0
BRDA:74,3,1,0
BRDA:74,3,2,0
BRDA:78,4,0,0
BRDA:78,4,1,0
BRDA:82,5,0,0
BRDA:82,5,1,0
BRDA:82,5,2,0
BRDA:86,6,0,0
BRDA:86,6,1,0
BRDA:86,6,2,0
BRDA:90,7,0,0
BRDA:90,7,1,0
BRDA:90,7,2,0
BRDA:98,8,0,0
BRDA:98,8,1,0
BRDA:98,8,2,0
BRF:26
BRH:0
end_of_record
TN:
SF:/home/jdiaz/Documentos/workspace/egeo/projects/egeo/src/lib/st-two-list-selection/list-item/list-item.component.ts
FN:26,(anonymous_2)
FN:45,ListItemComponent
FN:47,(anonymous_4)
FN:51,(anonymous_5)
FN:55,(anonymous_6)
FN:59,(anonymous_7)
FN:63,(anonymous_8)
FN:69,(anonymous_9)
FN:74,(anonymous_10)
FN:80,(anonymous_11)
FN:86,(anonymous_12)
FN:90,(anonymous_13)
FN:94,(anonymous_14)
FN:100,(anonymous_15)
FN:104,(anonymous_16)
FNF:15
FNH:1
FNDA:1,(anonymous_2)
FNDA:0,ListItemComponent
FNDA:0,(anonymous_4)
FNDA:0,(anonymous_5)
FNDA:0,(anonymous_6)
FNDA:0,(anonymous_7)
FNDA:0,(anonymous_8)
FNDA:0,(anonymous_9)
FNDA:0,(anonymous_10)
FNDA:0,(anonymous_11)
FNDA:0,(anonymous_12)
FNDA:0,(anonymous_13)
FNDA:0,(anonymous_14)
FNDA:0,(anonymous_15)
FNDA:0,(anonymous_16)
DA:26,1
DA:28,1
DA:29,1
DA:30,1
DA:31,1
DA:32,1
DA:33,1
DA:35,1
DA:36,1
DA:37,1
DA:40,0
DA:41,0
DA:42,0
DA:47,1
DA:48,0
DA:51,1
DA:52,0
DA:55,1
DA:56,0
DA:59,1
DA:60,0
DA:63,1
DA:64,0
DA:65,0
DA:66,0
DA:69,1
DA:70,0
DA:74,1
DA:75,0
DA:76,0
DA:77,0
DA:80,1
DA:81,0
DA:82,0
DA:83,0
DA:86,1
DA:87,0
DA:90,1
DA:91,0
DA:94,1
DA:95,0
DA:96,0
DA:100,1
DA:101,0
DA:104,1
DA:105,0
DA:107,1
LF:47
LH:24
BRDA:48,0,0,0
BRDA:48,0,1,0
BRDA:48,1,0,0
BRDA:48,1,1,0
BRDA:48,1,2,0
BRDA:60,2,0,0
BRDA:60,2,1,0
BRDA:65,3,0,0
BRDA:65,3,1,0
BRDA:70,4,0,0
BRDA:70,4,1,0
BRDA:95,5,0,0
BRDA:95,5,1,0
BRF:13
BRH:0
end_of_record
TN:
SF:/home/jdiaz/Documentos/workspace/egeo/projects/egeo/src/lib/st-two-list-selection/list-scroll/list-scroll.component.ts
FN:24,(anonymous_2)
FN:54,ListScrollComponent
FN:43,(anonymous_4)
FN:45,(anonymous_5)
FN:59,(anonymous_6)
FN:64,(anonymous_7)
FN:68,(anonymous_8)
FN:72,(anonymous_9)
FN:77,(anonymous_10)
FNF:9
FNH:1
FNDA:1,(anonymous_2)
FNDA:0,ListScrollComponent
FNDA:0,(anonymous_4)
FNDA:0,(anonymous_5)
FNDA:0,(anonymous_6)
FNDA:0,(anonymous_7)
FNDA:0,(anonymous_8)
FNDA:0,(anonymous_9)
FNDA:0,(anonymous_10)
DA:24,1
DA:26,1
DA:27,1
DA:28,1
DA:29,1
DA:30,1
DA:31,1
DA:32,1
DA:33,1
DA:34,1
DA:36,1
DA:37,1
DA:38,1
DA:39,1
DA:40,1
DA:42,0
DA:43,0
DA:44,0
DA:45,0
DA:46,0
DA:47,0
DA:50,0
DA:51,0
DA:52,0
DA:55,0
DA:56,0
DA:59,1
DA:60,0
DA:61,0
DA:64,1
DA:65,0
DA:68,1
DA:69,0
DA:72,1
DA:73,0
DA:74,0
DA:75,0
DA:77,0
DA:78,0
DA:79,0
DA:80,0
DA:83,0
DA:85,1
LF:43
LH:20
BRDA:78,0,0,0
BRDA:78,0,1,0
BRF:2
BRH:0
end_of_record
TN:
SF:/home/jdiaz/Documentos/workspace/egeo/projects/egeo/src/lib/st-two-list-selection/list-selection/list-selection.component.ts
FN:23,(anonymous_2)
FN:17,ListSelectionComponent
FN:52,(anonymous_4)
FN:56,(anonymous_5)
FN:60,(anonymous_6)
FN:64,(anonymous_7)
FNF:6
FNH:1
FNDA:1,(anonymous_2)
FNDA:0,ListSelectionComponent
FNDA:0,(anonymous_4)
FNDA:0,(anonymous_5)
FNDA:0,(anonymous_6)
FNDA:0,(anonymous_7)
DA:23,1
DA:25,1
DA:26,1
DA:27,1
DA:28,1
DA:29,1
DA:30,1
DA:31,1
DA:32,1
DA:33,1
DA:34,1
DA:35,1
DA:36,1
DA:37,1
DA:38,1
DA:39,1
DA:40,1
DA:41,1
DA:43,1
DA:44,1
DA:45,1
DA:46,1
DA:47,1
DA:48,1
DA:50,0
DA:52,1
DA:53,0
DA:56,1
DA:57,0
DA:60,1
DA:61,0
DA:64,1
DA:65,0
DA:67,1
LF:34
LH:29
BRDA:65,0,0,0
BRDA:65,0,1,0
BRF:2
BRH:0
end_of_record
TN:
SF:/home/jdiaz/Documentos/workspace/egeo/projects/egeo/src/lib/st-vertical-tabs/st-vertical-tabs.component.ts
FN:19,(anonymous_2)
FN:29,StVerticalTabsComponent
FN:31,(anonymous_4)
FN:46,(anonymous_5)
FN:52,(anonymous_6)
FN:56,(anonymous_7)
FN:61,(anonymous_8)
FN:69,(anonymous_9)
FNF:8
FNH:1
FNDA:1,(anonymous_2)
FNDA:0,StVerticalTabsComponent
FNDA:0,(anonymous_4)
FNDA:0,(anonymous_5)
FNDA:0,(anonymous_6)
FNDA:0,(anonymous_7)
FNDA:0,(anonymous_8)
FNDA:0,(anonymous_9)
DA:19,1
DA:20,1
DA:21,1
DA:22,1
DA:23,1
DA:25,0
DA:26,0
DA:27,0
DA:31,1
DA:32,0
DA:33,0
DA:35,0
DA:36,0
DA:37,0
DA:39,0
DA:42,0
DA:46,1
DA:47,0
DA:48,0
DA:52,1
DA:53,0
DA:56,1
DA:57,0
DA:58,0
DA:61,1
DA:62,0
DA:63,0
DA:64,0
DA:65,0
DA:69,1
DA:70,0
DA:72,1
LF:32
LH:12
BRDA:32,0,0,0
BRDA:32,0,1,0
BRDA:35,1,0,0
BRDA:35,1,1,0
BRDA:35,2,0,0
BRDA:35,2,1,0
BRDA:36,3,0,0
BRDA:36,3,1,0
BRDA:47,4,0,0
BRDA:47,4,1,0
BRDA:47,5,0,0
BRDA:47,5,1,0
BRDA:64,6,0,0
BRDA:64,6,1,0
BRF:14
BRH:0
end_of_record
TN:
SF:/home/jdiaz/Documentos/workspace/egeo/projects/egeo/src/lib/st-widget/st-widget.component.ts
FN:37,(anonymous_2)
FN:50,StWidgetComponent
FN:53,(anonymous_4)
FN:59,(anonymous_5)
FN:62,(anonymous_6)
FN:66,(anonymous_7)
FN:70,(anonymous_8)
FNF:7
FNH:1
FNDA:1,(anonymous_2)
FNDA:0,StWidgetComponent
FNDA:0,(anonymous_4)
FNDA:0,(anonymous_5)
FNDA:0,(anonymous_6)
FNDA:0,(anonymous_7)
FNDA:0,(anonymous_8)
DA:37,1
DA:39,1
DA:41,1
DA:43,1
DA:45,1
DA:47,0
DA:48,0
DA:50,0
DA:53,1
DA:54,0
DA:59,2
DA:60,0
DA:63,0
DA:66,1
DA:67,0
DA:70,1
DA:71,0
DA:75,1
LF:18
LH:10
BRDA:54,0,0,0
BRDA:54,0,1,0
BRF:2
BRH:0
end_of_record
TN:
SF:/home/jdiaz/Documentos/workspace/egeo/projects/egeo/src/lib/st-zero-page/st-zero-page.component.ts
FN:37,(anonymous_2)
FNF:1
FNH:1
FNDA:1,(anonymous_2)
DA:37,1
DA:39,1
DA:41,1
DA:43,1
DA:44,1
LF:5
LH:5
BRF:0
BRH:0
end_of_record
TN:
SF:/home/jdiaz/Documentos/workspace/egeo/projects/egeo/src/lib/tests/router-stub.ts
FN:18,(anonymous_2)
FN:26,RouterStub
FN:24,(anonymous_4)
FN:23,(anonymous_5)
FN:27,(anonymous_6)
FN:28,(anonymous_7)
FN:29,(anonymous_8)
FN:30,(anonymous_9)
FN:40,(anonymous_10)
FN:34,RouterLinkStubDirective
FN:44,(anonymous_12)
FNF:11
FNH:2
FNDA:1,(anonymous_2)
FNDA:0,RouterStub
FNDA:0,(anonymous_4)
FNDA:0,(anonymous_5)
FNDA:0,(anonymous_6)
FNDA:0,(anonymous_7)
FNDA:0,(anonymous_8)
FNDA:0,(anonymous_9)
FNDA:1,(anonymous_10)
FNDA:0,RouterLinkStubDirective
FNDA:0,(anonymous_12)
DA:18,1
DA:20,0
DA:21,0
DA:23,1
DA:24,0
DA:26,0
DA:27,1
DA:28,1
DA:29,1
DA:30,1
DA:31,1
DA:40,1
DA:41,1
DA:42,0
DA:44,1
DA:45,0
DA:47,1
LF:17
LH:11
BRF:0
BRH:0
end_of_record
TN:
SF:/home/jdiaz/Documentos/workspace/egeo/projects/egeo/src/lib/tests/utils.ts
FN:2,(anonymous_0)
FN:4,(anonymous_2)
FNF:2
FNH:1
FNDA:1,(anonymous_0)
FNDA:0,(anonymous_2)
DA:2,1
DA:4,1
DA:5,0
DA:6,0
DA:12,0
DA:15,1
LF:6
LH:3
BRDA:5,0,0,0
BRDA:5,0,1,0
BRF:2
BRH:0
end_of_record
TN:
SF:/home/jdiaz/Documentos/workspace/egeo/projects/egeo/src/lib/utils/egeo-utils.ts
FN:11,(anonymous_0)
FN:13,(anonymous_2)
FN:17,(anonymous_3)
FN:18,(anonymous_4)
FN:25,(anonymous_5)
FN:27,(anonymous_6)
FNF:6
FNH:1
FNDA:1,(anonymous_0)
FNDA:0,(anonymous_2)
FNDA:0,(anonymous_3)
FNDA:0,(anonymous_4)
FNDA:0,(anonymous_5)
FNDA:0,(anonymous_6)
DA:11,1
DA:13,1
DA:14,0
DA:17,1
DA:18,0
DA:19,0
DA:20,0
DA:25,1
DA:26,0
DA:27,0
DA:29,0
DA:32,1
LF:12
LH:5
BRDA:14,0,0,0
BRDA:14,0,1,0
BRDA:19,1,0,0
BRDA:19,1,1,0
BRF:4
BRH:0
end_of_record
TN:
SF:/home/jdiaz/Documentos/workspace/egeo/projects/egeo/src/lib/utils/event-window-manager.ts
FN:13,(anonymous_0)
FN:18,EventWindowManager
FN:22,(anonymous_2)
FN:27,(anonymous_3)
FN:34,(anonymous_4)
FN:45,(anonymous_5)
FN:51,(anonymous_6)
FNF:7
FNH:1
FNDA:1,(anonymous_0)
FNDA:0,EventWindowManager
FNDA:0,(anonymous_2)
FNDA:0,(anonymous_3)
FNDA:0,(anonymous_4)
FNDA:0,(anonymous_5)
FNDA:0,(anonymous_6)
DA:13,1
DA:18,0
DA:22,1
DA:23,0
DA:24,0
DA:26,0
DA:27,0
DA:28,0
DA:29,0
DA:34,1
DA:35,0
DA:36,0
DA:37,0
DA:38,0
DA:39,0
DA:40,0
DA:45,1
DA:46,0
DA:47,0
DA:51,1
DA:52,0
DA:54,1
LF:22
LH:6
BRDA:23,0,0,0
BRDA:23,0,1,0
BRDA:35,1,0,0
BRDA:35,1,1,0
BRDA:38,2,0,0
BRDA:38,2,1,0
BRDA:38,3,0,0
BRDA:38,3,1,0
BRDA:46,4,0,0
BRDA:46,4,1,0
BRF:10
BRH:0
end_of_record
TN:
SF:/home/jdiaz/Documentos/workspace/egeo/projects/egeo/src/lib/utils/unique-dispatcher.ts
FN:16,(anonymous_1)
FN:15,SelectOneDispatcher
FN:19,(anonymous_3)
FN:25,(anonymous_4)
FNF:4
FNH:1
FNDA:1,(anonymous_1)
FNDA:0,SelectOneDispatcher
FNDA:0,(anonymous_3)
FNDA:0,(anonymous_4)
DA:16,1
DA:17,0
DA:19,1
DA:20,0
DA:21,0
DA:25,1
DA:26,0
DA:29,1
LF:8
LH:4
BRF:0
BRH:0
end_of_record
TN:
SF:/home/jdiaz/Documentos/workspace/egeo/projects/egeo/src/lib/utils/window-service.ts
FN:13,getWindow
FN:18,(anonymous_2)
FN:19,(anonymous_4)
FNF:3
FNH:1
FNDA:0,getWindow
FNDA:1,(anonymous_2)
FNDA:0,(anonymous_4)
DA:14,0
DA:18,1
DA:19,1
DA:20,0
DA:22,1
LF:5
LH:3
BRF:0
BRH:0
end_of_record
TN:
SF:/home/jdiaz/Documentos/workspace/egeo/projects/egeo/src/lib/utils/demo-generator/demo-generator.interface.ts
FN:13,(anonymous_0)
FNF:1
FNH:1
FNDA:1,(anonymous_0)
DA:13,1
DA:17,1
LF:2
LH:2
BRF:0
BRH:0
end_of_record
TN:
SF:/home/jdiaz/Documentos/workspace/egeo/projects/egeo/src/lib/utils/demo-generator/demo-generator.ts
FN:41,(anonymous_2)
FN:50,StDemoGenerator
FN:60,(anonymous_4)
FN:66,(anonymous_5)
FN:72,(anonymous_6)
FN:82,(anonymous_7)
FN:85,(anonymous_8)
FN:90,(anonymous_9)
FNF:8
FNH:1
FNDA:1,(anonymous_2)
FNDA:0,StDemoGenerator
FNDA:0,(anonymous_4)
FNDA:0,(anonymous_5)
FNDA:0,(anonymous_6)
FNDA:0,(anonymous_7)
FNDA:0,(anonymous_8)
FNDA:0,(anonymous_9)
DA:41,1
DA:42,1
DA:51,0
DA:52,0
DA:54,0
DA:55,0
DA:56,0
DA:60,1
DA:61,0
DA:62,0
DA:66,1
DA:67,0
DA:68,0
DA:72,1
DA:73,0
DA:74,0
DA:75,0
DA:76,0
DA:77,0
DA:82,1
DA:84,0
DA:85,0
DA:89,0
DA:90,0
DA:91,0
DA:92,0
DA:97,0
DA:99,1
LF:28
LH:7
BRDA:61,0,0,0
BRDA:61,0,1,0
BRDA:67,1,0,0
BRDA:67,1,1,0
BRDA:73,2,0,0
BRDA:73,2,1,0
BRDA:84,3,0,0
BRDA:84,3,1,0
BRDA:89,4,0,0
BRDA:89,4,1,0
BRDA:91,5,0,0
BRDA:91,5,1,0
BRF:12
BRH:0
end_of_record
TN:
SF:/home/jdiaz/Documentos/workspace/egeo/projects/egeo/src/lib/utils/egeo-resolver/egeo-resolve.service.ts
FN:31,(anonymous_1)
FN:33,(anonymous_3)
FN:37,(anonymous_4)
FN:38,(anonymous_5)
FN:41,(anonymous_6)
FN:47,(anonymous_7)
FN:49,(anonymous_8)
FN:56,(anonymous_9)
FN:58,(anonymous_10)
FN:61,(anonymous_11)
FN:62,(anonymous_12)
FN:65,(anonymous_13)
FN:68,(anonymous_14)
FN:75,(anonymous_15)
FN:80,(anonymous_16)
FN:81,(anonymous_17)
FN:84,(anonymous_18)
FN:96,(anonymous_19)
FN:106,(anonymous_20)
FN:115,(anonymous_21)
FNF:20
FNH:1
FNDA:1,(anonymous_1)
FNDA:0,(anonymous_3)
FNDA:0,(anonymous_4)
FNDA:0,(anonymous_5)
FNDA:0,(anonymous_6)
FNDA:0,(anonymous_7)
FNDA:0,(anonymous_8)
FNDA:0,(anonymous_9)
FNDA:0,(anonymous_10)
FNDA:0,(anonymous_11)
FNDA:0,(anonymous_12)
FNDA:0,(anonymous_13)
FNDA:0,(anonymous_14)
FNDA:0,(anonymous_15)
FNDA:0,(anonymous_16)
FNDA:0,(anonymous_17)
FNDA:0,(anonymous_18)
FNDA:0,(anonymous_19)
FNDA:0,(anonymous_20)
FNDA:0,(anonymous_21)
DA:31,1
DA:33,1
DA:34,0
DA:37,1
DA:38,0
DA:41,1
DA:42,0
DA:44,0
DA:45,0
DA:46,0
DA:47,0
DA:49,0
DA:50,0
DA:51,0
DA:56,1
DA:57,0
DA:58,0
DA:61,1
DA:62,0
DA:65,1
DA:66,0
DA:67,0
DA:68,0
DA:69,0
DA:72,0
DA:75,1
DA:76,0
DA:77,0
DA:80,1
DA:81,0
DA:84,1
DA:85,0
DA:86,0
DA:87,0
DA:88,0
DA:89,0
DA:92,0
DA:95,0
DA:96,0
DA:97,0
DA:98,0
DA:100,0
DA:102,0
DA:106,1
DA:107,0
DA:108,0
DA:110,0
DA:112,0
DA:115,1
DA:116,0
DA:118,1
LF:51
LH:13
BRDA:44,0,0,0
BRDA:44,0,1,0
BRDA:44,1,0,0
BRDA:44,1,1,0
BRDA:62,2,0,0
BRDA:62,2,1,0
BRDA:67,3,0,0
BRDA:67,3,1,0
BRDA:67,4,0,0
BRDA:67,4,1,0
BRDA:76,5,0,0
BRDA:76,5,1,0
BRDA:76,6,0,0
BRDA:76,6,1,0
BRDA:76,6,2,0
BRDA:77,7,0,0
BRDA:77,7,1,0
BRDA:84,8,0,0
BRDA:84,8,1,0
BRDA:86,9,0,0
BRDA:86,9,1,0
BRDA:87,10,0,0
BRDA:87,10,1,0
BRDA:88,11,0,0
BRDA:88,11,1,0
BRDA:97,12,0,0
BRDA:97,12,1,0
BRDA:107,13,0,0
BRDA:107,13,1,0
BRDA:110,14,0,0
BRDA:110,14,1,0
BRF:31
BRH:0
end_of_record
